<?xml version="1.0" encoding="UTF-8"?>
<coverage generated="1771275067312" clover="3.2.0">
  <project timestamp="1771275067312" name="All files">
    <metrics statements="577" coveredstatements="577" conditionals="199" coveredconditionals="199" methods="236" coveredmethods="236" elements="1012" coveredelements="1012" complexity="0" loc="577" ncloc="577" packages="3" files="35" classes="35"/>
    <package name="controller">
      <metrics statements="85" coveredstatements="85" conditionals="38" coveredconditionals="38" methods="16" coveredmethods="16"/>
      <file name="WasmTaskWorker.ts" path="/Users/mgild/projects/org-asm/controller/WasmTaskWorker.ts">
        <metrics statements="54" coveredstatements="54" conditionals="16" coveredconditionals="16" methods="12" coveredmethods="12"/>
        <line num="90" count="12" type="stmt"/>
        <line num="91" count="12" type="stmt"/>
        <line num="92" count="12" type="stmt"/>
        <line num="97" count="12" type="stmt"/>
        <line num="98" count="12" type="stmt"/>
        <line num="99" count="12" type="stmt"/>
        <line num="102" count="12" type="stmt"/>
        <line num="107" count="12" type="cond" truecount="2" falsecount="0"/>
        <line num="109" count="11" type="stmt"/>
        <line num="110" count="11" type="stmt"/>
        <line num="111" count="11" type="stmt"/>
        <line num="114" count="11" type="stmt"/>
        <line num="115" count="11" type="stmt"/>
        <line num="116" count="17" type="stmt"/>
        <line num="118" count="11" type="stmt"/>
        <line num="119" count="1" type="stmt"/>
        <line num="120" count="1" type="stmt"/>
        <line num="121" count="1" type="stmt"/>
        <line num="124" count="11" type="stmt"/>
        <line num="129" count="11" type="stmt"/>
        <line num="131" count="11" type="stmt"/>
        <line num="136" count="8" type="cond" truecount="4" falsecount="0"/>
        <line num="137" count="1" type="stmt"/>
        <line num="140" count="7" type="stmt"/>
        <line num="141" count="7" type="stmt"/>
        <line num="142" count="7" type="stmt"/>
        <line num="148" count="7" type="stmt"/>
        <line num="154" count="8" type="stmt"/>
        <line num="156" count="8" type="stmt"/>
        <line num="161" count="5" type="stmt"/>
        <line num="166" count="11" type="stmt"/>
        <line num="171" count="2" type="stmt"/>
        <line num="172" count="2" type="stmt"/>
        <line num="173" count="2" type="stmt"/>
        <line num="174" count="2" type="stmt"/>
        <line num="178" count="17" type="cond" truecount="4" falsecount="0"/>
        <line num="180" count="9" type="stmt"/>
        <line num="181" count="9" type="stmt"/>
        <line num="182" count="9" type="stmt"/>
        <line num="185" count="1" type="stmt"/>
        <line num="186" count="1" type="stmt"/>
        <line num="189" count="5" type="stmt"/>
        <line num="190" count="5" type="cond" truecount="2" falsecount="0"/>
        <line num="191" count="4" type="stmt"/>
        <line num="192" count="4" type="stmt"/>
        <line num="194" count="5" type="stmt"/>
        <line num="198" count="2" type="stmt"/>
        <line num="199" count="2" type="cond" truecount="2" falsecount="0"/>
        <line num="200" count="1" type="stmt"/>
        <line num="201" count="1" type="stmt"/>
        <line num="203" count="2" type="stmt"/>
        <line num="209" count="3" type="stmt"/>
        <line num="210" count="2" type="stmt"/>
        <line num="212" count="3" type="stmt"/>
      </file>
      <file name="task-worker-entry.ts" path="/Users/mgild/projects/org-asm/controller/task-worker-entry.ts">
        <metrics statements="31" coveredstatements="31" conditionals="22" coveredconditionals="22" methods="4" coveredmethods="4"/>
        <line num="29" count="13" type="stmt"/>
        <line num="36" count="20" type="stmt"/>
        <line num="39" count="13" type="stmt"/>
        <line num="40" count="20" type="stmt"/>
        <line num="42" count="20" type="cond" truecount="2" falsecount="0"/>
        <line num="44" count="12" type="stmt"/>
        <line num="46" count="12" type="stmt"/>
        <line num="47" count="11" type="cond" truecount="2" falsecount="0"/>
        <line num="48" count="10" type="stmt"/>
        <line num="50" count="10" type="stmt"/>
        <line num="51" count="10" type="cond" truecount="2" falsecount="0"/>
        <line num="52" count="1" type="stmt"/>
        <line num="54" count="9" type="stmt"/>
        <line num="55" count="9" type="stmt"/>
        <line num="57" count="3" type="cond" truecount="2" falsecount="0"/>
        <line num="59" count="12" type="stmt"/>
        <line num="63" count="8" type="cond" truecount="2" falsecount="0"/>
        <line num="64" count="1" type="stmt"/>
        <line num="65" count="1" type="stmt"/>
        <line num="68" count="7" type="stmt"/>
        <line num="69" count="7" type="stmt"/>
        <line num="70" count="7" type="cond" truecount="2" falsecount="0"/>
        <line num="71" count="1" type="stmt"/>
        <line num="74" count="6" type="stmt"/>
        <line num="77" count="6" type="cond" truecount="6" falsecount="0"/>
        <line num="78" count="3" type="stmt"/>
        <line num="79" count="1" type="stmt"/>
        <line num="80" count="2" type="cond" truecount="2" falsecount="0"/>
        <line num="83" count="1" type="stmt"/>
        <line num="86" count="3" type="cond" truecount="2" falsecount="0"/>
        <line num="88" count="7" type="stmt"/>
      </file>
    </package>
    <package name="core">
      <metrics statements="14" coveredstatements="14" conditionals="6" coveredconditionals="6" methods="3" coveredmethods="3"/>
      <file name="types.ts" path="/Users/mgild/projects/org-asm/core/types.ts">
        <metrics statements="14" coveredstatements="14" conditionals="6" coveredconditionals="6" methods="3" coveredmethods="3"/>
        <line num="76" count="6" type="stmt"/>
        <line num="77" count="6" type="stmt"/>
        <line num="84" count="6" type="cond" truecount="2" falsecount="0"/>
        <line num="85" count="6" type="stmt"/>
        <line num="86" count="6" type="stmt"/>
        <line num="87" count="6" type="stmt"/>
        <line num="88" count="6" type="stmt"/>
        <line num="150" count="6" type="cond" truecount="2" falsecount="0"/>
        <line num="189" count="6" type="cond" truecount="2" falsecount="0"/>
        <line num="190" count="6" type="stmt"/>
        <line num="191" count="6" type="stmt"/>
        <line num="192" count="6" type="stmt"/>
        <line num="193" count="6" type="stmt"/>
        <line num="194" count="6" type="stmt"/>
      </file>
    </package>
    <package name="react">
      <metrics statements="478" coveredstatements="478" conditionals="155" coveredconditionals="155" methods="217" coveredmethods="217"/>
      <file name="WasmErrorBoundary.ts" path="/Users/mgild/projects/org-asm/react/WasmErrorBoundary.ts">
        <metrics statements="14" coveredstatements="14" conditionals="4" coveredconditionals="4" methods="5" coveredmethods="5"/>
        <line num="53" count="12" type="stmt"/>
        <line num="54" count="12" type="stmt"/>
        <line num="58" count="10" type="stmt"/>
        <line num="62" count="5" type="stmt"/>
        <line num="65" count="2" type="stmt"/>
        <line num="66" count="2" type="stmt"/>
        <line num="67" count="2" type="stmt"/>
        <line num="71" count="23" type="stmt"/>
        <line num="72" count="23" type="cond" truecount="2" falsecount="0"/>
        <line num="73" count="10" type="stmt"/>
        <line num="74" count="10" type="cond" truecount="2" falsecount="0"/>
        <line num="75" count="6" type="stmt"/>
        <line num="77" count="4" type="stmt"/>
        <line num="79" count="13" type="stmt"/>
      </file>
      <file name="createAuthContext.ts" path="/Users/mgild/projects/org-asm/react/createAuthContext.ts">
        <metrics statements="14" coveredstatements="14" conditionals="2" coveredconditionals="2" methods="6" coveredmethods="6"/>
        <line num="44" count="11" type="stmt"/>
        <line num="47" count="5" type="stmt"/>
        <line num="48" count="5" type="cond" truecount="2" falsecount="0"/>
        <line num="49" count="2" type="stmt"/>
        <line num="51" count="3" type="stmt"/>
        <line num="55" count="5" type="stmt"/>
        <line num="56" count="5" type="stmt"/>
        <line num="60" count="2" type="stmt"/>
        <line num="61" count="2" type="stmt"/>
        <line num="65" count="4" type="stmt"/>
        <line num="66" count="4" type="stmt"/>
        <line num="70" count="7" type="stmt"/>
        <line num="71" count="7" type="stmt"/>
        <line num="74" count="11" type="stmt"/>
      </file>
      <file name="createFormContext.ts" path="/Users/mgild/projects/org-asm/react/createFormContext.ts">
        <metrics statements="12" coveredstatements="12" conditionals="2" coveredconditionals="2" methods="5" coveredmethods="5"/>
        <line num="45" count="9" type="stmt"/>
        <line num="48" count="5" type="stmt"/>
        <line num="49" count="5" type="cond" truecount="2" falsecount="0"/>
        <line num="50" count="2" type="stmt"/>
        <line num="52" count="3" type="stmt"/>
        <line num="56" count="5" type="stmt"/>
        <line num="57" count="5" type="stmt"/>
        <line num="61" count="4" type="stmt"/>
        <line num="62" count="4" type="stmt"/>
        <line num="66" count="6" type="stmt"/>
        <line num="67" count="6" type="stmt"/>
        <line num="70" count="9" type="stmt"/>
      </file>
      <file name="createHistoryContext.ts" path="/Users/mgild/projects/org-asm/react/createHistoryContext.ts">
        <metrics statements="14" coveredstatements="14" conditionals="2" coveredconditionals="2" methods="6" coveredmethods="6"/>
        <line num="44" count="11" type="stmt"/>
        <line num="47" count="5" type="stmt"/>
        <line num="48" count="5" type="cond" truecount="2" falsecount="0"/>
        <line num="49" count="2" type="stmt"/>
        <line num="51" count="3" type="stmt"/>
        <line num="55" count="5" type="stmt"/>
        <line num="56" count="5" type="stmt"/>
        <line num="60" count="2" type="stmt"/>
        <line num="61" count="2" type="stmt"/>
        <line num="65" count="4" type="stmt"/>
        <line num="66" count="4" type="stmt"/>
        <line num="70" count="7" type="stmt"/>
        <line num="71" count="7" type="stmt"/>
        <line num="74" count="11" type="stmt"/>
      </file>
      <file name="createRouterContext.ts" path="/Users/mgild/projects/org-asm/react/createRouterContext.ts">
        <metrics statements="12" coveredstatements="12" conditionals="2" coveredconditionals="2" methods="5" coveredmethods="5"/>
        <line num="42" count="9" type="stmt"/>
        <line num="45" count="5" type="stmt"/>
        <line num="46" count="5" type="cond" truecount="2" falsecount="0"/>
        <line num="47" count="2" type="stmt"/>
        <line num="49" count="3" type="stmt"/>
        <line num="53" count="5" type="stmt"/>
        <line num="54" count="5" type="stmt"/>
        <line num="58" count="4" type="stmt"/>
        <line num="59" count="4" type="stmt"/>
        <line num="63" count="6" type="stmt"/>
        <line num="64" count="6" type="stmt"/>
        <line num="67" count="9" type="stmt"/>
      </file>
      <file name="createTableContext.ts" path="/Users/mgild/projects/org-asm/react/createTableContext.ts">
        <metrics statements="14" coveredstatements="14" conditionals="2" coveredconditionals="2" methods="6" coveredmethods="6"/>
        <line num="49" count="11" type="stmt"/>
        <line num="52" count="6" type="stmt"/>
        <line num="53" count="6" type="cond" truecount="2" falsecount="0"/>
        <line num="54" count="2" type="stmt"/>
        <line num="56" count="4" type="stmt"/>
        <line num="60" count="6" type="stmt"/>
        <line num="61" count="6" type="stmt"/>
        <line num="65" count="5" type="stmt"/>
        <line num="66" count="5" type="stmt"/>
        <line num="70" count="5" type="stmt"/>
        <line num="71" count="5" type="stmt"/>
        <line num="75" count="7" type="stmt"/>
        <line num="76" count="7" type="stmt"/>
        <line num="79" count="11" type="stmt"/>
      </file>
      <file name="createWasmContext.ts" path="/Users/mgild/projects/org-asm/react/createWasmContext.ts">
        <metrics statements="12" coveredstatements="12" conditionals="4" coveredconditionals="4" methods="4" coveredmethods="4"/>
        <line num="51" count="5" type="stmt"/>
        <line num="52" count="5" type="stmt"/>
        <line num="55" count="3" type="stmt"/>
        <line num="56" count="3" type="cond" truecount="2" falsecount="0"/>
        <line num="57" count="2" type="stmt"/>
        <line num="59" count="1" type="stmt"/>
        <line num="63" count="3" type="stmt"/>
        <line num="64" count="3" type="cond" truecount="2" falsecount="0"/>
        <line num="65" count="2" type="stmt"/>
        <line num="67" count="1" type="stmt"/>
        <line num="71" count="3" type="stmt"/>
        <line num="78" count="5" type="stmt"/>
      </file>
      <file name="useAsyncWasmCall.ts" path="/Users/mgild/projects/org-asm/react/useAsyncWasmCall.ts">
        <metrics statements="18" coveredstatements="18" conditionals="6" coveredconditionals="6" methods="5" coveredmethods="5"/>
        <line num="35" count="18" type="stmt"/>
        <line num="36" count="18" type="stmt"/>
        <line num="37" count="18" type="stmt"/>
        <line num="38" count="18" type="stmt"/>
        <line num="39" count="18" type="stmt"/>
        <line num="41" count="18" type="stmt"/>
        <line num="42" count="10" type="stmt"/>
        <line num="43" count="10" type="stmt"/>
        <line num="44" count="10" type="stmt"/>
        <line num="46" count="10" type="stmt"/>
        <line num="48" count="6" type="cond" truecount="2" falsecount="0"/>
        <line num="49" count="5" type="stmt"/>
        <line num="50" count="5" type="stmt"/>
        <line num="54" count="3" type="cond" truecount="2" falsecount="0"/>
        <line num="55" count="2" type="cond" truecount="2" falsecount="0"/>
        <line num="56" count="2" type="stmt"/>
        <line num="61" count="10" type="stmt"/>
        <line num="65" count="18" type="stmt"/>
      </file>
      <file name="useAuthEngine.ts" path="/Users/mgild/projects/org-asm/react/useAuthEngine.ts">
        <metrics statements="41" coveredstatements="41" conditionals="8" coveredconditionals="8" methods="27" coveredmethods="27"/>
        <line num="57" count="20" type="stmt"/>
        <line num="59" count="20" type="stmt"/>
        <line num="60" count="20" type="cond" truecount="2" falsecount="0"/>
        <line num="62" count="18" type="stmt"/>
        <line num="66" count="3" type="stmt"/>
        <line num="67" count="3" type="stmt"/>
        <line num="70" count="1" type="stmt"/>
        <line num="71" count="1" type="stmt"/>
        <line num="74" count="1" type="stmt"/>
        <line num="75" count="1" type="stmt"/>
        <line num="78" count="4" type="stmt"/>
        <line num="79" count="4" type="stmt"/>
        <line num="82" count="1" type="stmt"/>
        <line num="83" count="1" type="stmt"/>
        <line num="86" count="1" type="stmt"/>
        <line num="87" count="1" type="stmt"/>
        <line num="90" count="1" type="stmt"/>
        <line num="91" count="1" type="stmt"/>
        <line num="94" count="3" type="stmt"/>
        <line num="95" count="3" type="stmt"/>
        <line num="98" count="2" type="stmt"/>
        <line num="99" count="2" type="stmt"/>
        <line num="102" count="1" type="stmt"/>
        <line num="103" count="1" type="stmt"/>
        <line num="106" count="1" type="stmt"/>
        <line num="107" count="1" type="stmt"/>
        <line num="110" count="1" type="stmt"/>
        <line num="111" count="1" type="stmt"/>
        <line num="114" count="1" type="stmt"/>
        <line num="115" count="1" type="stmt"/>
        <line num="118" count="1" type="stmt"/>
        <line num="132" count="1" type="stmt"/>
        <line num="135" count="1" type="stmt"/>
        <line num="138" count="1" type="stmt"/>
        <line num="141" count="2" type="cond" truecount="2" falsecount="0"/>
        <line num="144" count="2" type="cond" truecount="2" falsecount="0"/>
        <line num="147" count="2" type="cond" truecount="2" falsecount="0"/>
        <line num="150" count="1" type="stmt"/>
        <line num="153" count="2" type="stmt"/>
        <line num="156" count="2" type="stmt"/>
        <line num="159" count="1" type="stmt"/>
      </file>
      <file name="useAuthState.ts" path="/Users/mgild/projects/org-asm/react/useAuthState.ts">
        <metrics statements="7" coveredstatements="7" conditionals="4" coveredconditionals="4" methods="4" coveredmethods="4"/>
        <line num="17" count="2" type="stmt"/>
        <line num="30" count="2" type="stmt"/>
        <line num="35" count="16" type="cond" truecount="2" falsecount="0"/>
        <line num="37" count="16" type="stmt"/>
        <line num="40" count="55" type="cond" truecount="2" falsecount="0"/>
        <line num="41" count="49" type="stmt"/>
        <line num="42" count="49" type="stmt"/>
      </file>
      <file name="useDebouncedWasmCall.ts" path="/Users/mgild/projects/org-asm/react/useDebouncedWasmCall.ts">
        <metrics statements="10" coveredstatements="10" conditionals="0" coveredconditionals="0" methods="4" coveredmethods="4"/>
        <line num="29" count="14" type="stmt"/>
        <line num="30" count="14" type="stmt"/>
        <line num="31" count="14" type="stmt"/>
        <line num="32" count="14" type="stmt"/>
        <line num="34" count="14" type="stmt"/>
        <line num="35" count="8" type="stmt"/>
        <line num="36" count="5" type="stmt"/>
        <line num="39" count="8" type="stmt"/>
        <line num="40" count="8" type="stmt"/>
        <line num="45" count="14" type="stmt"/>
      </file>
      <file name="useFormEngine.ts" path="/Users/mgild/projects/org-asm/react/useFormEngine.ts">
        <metrics statements="15" coveredstatements="15" conditionals="2" coveredconditionals="2" methods="9" coveredmethods="9"/>
        <line num="37" count="15" type="stmt"/>
        <line num="39" count="15" type="stmt"/>
        <line num="40" count="15" type="cond" truecount="2" falsecount="0"/>
        <line num="42" count="13" type="stmt"/>
        <line num="46" count="5" type="stmt"/>
        <line num="47" count="5" type="stmt"/>
        <line num="50" count="2" type="stmt"/>
        <line num="51" count="2" type="stmt"/>
        <line num="54" count="3" type="stmt"/>
        <line num="55" count="3" type="stmt"/>
        <line num="56" count="3" type="stmt"/>
        <line num="59" count="1" type="stmt"/>
        <line num="60" count="1" type="stmt"/>
        <line num="63" count="2" type="stmt"/>
        <line num="66" count="2" type="stmt"/>
      </file>
      <file name="useFormField.ts" path="/Users/mgild/projects/org-asm/react/useFormField.ts">
        <metrics statements="13" coveredstatements="13" conditionals="7" coveredconditionals="7" methods="4" coveredmethods="4"/>
        <line num="17" count="2" type="stmt"/>
        <line num="25" count="3" type="stmt"/>
        <line num="31" count="14" type="cond" truecount="2" falsecount="0"/>
        <line num="33" count="14" type="stmt"/>
        <line num="36" count="44" type="cond" truecount="2" falsecount="0"/>
        <line num="37" count="35" type="stmt"/>
        <line num="38" count="35" type="stmt"/>
        <line num="39" count="35" type="stmt"/>
        <line num="40" count="35" type="stmt"/>
        <line num="41" count="35" type="stmt"/>
        <line num="42" count="35" type="stmt"/>
        <line num="43" count="35" type="cond" truecount="3" falsecount="0"/>
        <line num="44" count="44" type="stmt"/>
      </file>
      <file name="useFormState.ts" path="/Users/mgild/projects/org-asm/react/useFormState.ts">
        <metrics statements="7" coveredstatements="7" conditionals="4" coveredconditionals="4" methods="4" coveredmethods="4"/>
        <line num="16" count="2" type="stmt"/>
        <line num="24" count="2" type="stmt"/>
        <line num="29" count="14" type="cond" truecount="2" falsecount="0"/>
        <line num="31" count="14" type="stmt"/>
        <line num="34" count="47" type="cond" truecount="2" falsecount="0"/>
        <line num="35" count="41" type="stmt"/>
        <line num="36" count="41" type="stmt"/>
      </file>
      <file name="useHistoryEngine.ts" path="/Users/mgild/projects/org-asm/react/useHistoryEngine.ts">
        <metrics statements="28" coveredstatements="28" conditionals="2" coveredconditionals="2" methods="16" coveredmethods="16"/>
        <line num="46" count="18" type="stmt"/>
        <line num="48" count="18" type="stmt"/>
        <line num="49" count="18" type="cond" truecount="2" falsecount="0"/>
        <line num="51" count="16" type="stmt"/>
        <line num="55" count="9" type="stmt"/>
        <line num="56" count="9" type="stmt"/>
        <line num="59" count="1" type="stmt"/>
        <line num="60" count="1" type="stmt"/>
        <line num="63" count="4" type="stmt"/>
        <line num="64" count="4" type="stmt"/>
        <line num="65" count="4" type="stmt"/>
        <line num="68" count="1" type="stmt"/>
        <line num="69" count="1" type="stmt"/>
        <line num="70" count="1" type="stmt"/>
        <line num="73" count="1" type="stmt"/>
        <line num="74" count="1" type="stmt"/>
        <line num="77" count="1" type="stmt"/>
        <line num="78" count="1" type="stmt"/>
        <line num="81" count="1" type="stmt"/>
        <line num="82" count="1" type="stmt"/>
        <line num="85" count="1" type="stmt"/>
        <line num="86" count="1" type="stmt"/>
        <line num="89" count="1" type="stmt"/>
        <line num="90" count="1" type="stmt"/>
        <line num="93" count="1" type="stmt"/>
        <line num="106" count="1" type="stmt"/>
        <line num="109" count="1" type="stmt"/>
        <line num="112" count="1" type="stmt"/>
      </file>
      <file name="useHistoryState.ts" path="/Users/mgild/projects/org-asm/react/useHistoryState.ts">
        <metrics statements="7" coveredstatements="7" conditionals="4" coveredconditionals="4" methods="4" coveredmethods="4"/>
        <line num="16" count="2" type="stmt"/>
        <line num="28" count="2" type="stmt"/>
        <line num="33" count="15" type="cond" truecount="2" falsecount="0"/>
        <line num="35" count="15" type="stmt"/>
        <line num="38" count="53" type="cond" truecount="2" falsecount="0"/>
        <line num="39" count="47" type="stmt"/>
        <line num="40" count="47" type="stmt"/>
      </file>
      <file name="usePermission.ts" path="/Users/mgild/projects/org-asm/react/usePermission.ts">
        <metrics statements="6" coveredstatements="6" conditionals="4" coveredconditionals="4" methods="4" coveredmethods="4"/>
        <line num="15" count="2" type="stmt"/>
        <line num="20" count="3" type="stmt"/>
        <line num="26" count="10" type="cond" truecount="2" falsecount="0"/>
        <line num="28" count="10" type="stmt"/>
        <line num="31" count="32" type="cond" truecount="2" falsecount="0"/>
        <line num="32" count="23" type="stmt"/>
      </file>
      <file name="useRedoEntry.ts" path="/Users/mgild/projects/org-asm/react/useRedoEntry.ts">
        <metrics statements="6" coveredstatements="6" conditionals="4" coveredconditionals="4" methods="4" coveredmethods="4"/>
        <line num="15" count="2" type="stmt"/>
        <line num="20" count="2" type="stmt"/>
        <line num="26" count="7" type="cond" truecount="2" falsecount="0"/>
        <line num="28" count="7" type="stmt"/>
        <line num="31" count="23" type="cond" truecount="2" falsecount="0"/>
        <line num="32" count="17" type="stmt"/>
      </file>
      <file name="useRole.ts" path="/Users/mgild/projects/org-asm/react/useRole.ts">
        <metrics statements="6" coveredstatements="6" conditionals="4" coveredconditionals="4" methods="4" coveredmethods="4"/>
        <line num="15" count="2" type="stmt"/>
        <line num="20" count="2" type="stmt"/>
        <line num="26" count="7" type="cond" truecount="2" falsecount="0"/>
        <line num="28" count="7" type="stmt"/>
        <line num="31" count="22" type="cond" truecount="2" falsecount="0"/>
        <line num="32" count="16" type="stmt"/>
      </file>
      <file name="useRoute.ts" path="/Users/mgild/projects/org-asm/react/useRoute.ts">
        <metrics statements="7" coveredstatements="7" conditionals="4" coveredconditionals="4" methods="4" coveredmethods="4"/>
        <line num="16" count="2" type="stmt"/>
        <line num="28" count="3" type="stmt"/>
        <line num="33" count="15" type="cond" truecount="2" falsecount="0"/>
        <line num="35" count="15" type="stmt"/>
        <line num="38" count="52" type="cond" truecount="2" falsecount="0"/>
        <line num="39" count="43" type="stmt"/>
        <line num="40" count="43" type="stmt"/>
      </file>
      <file name="useRouteMatch.ts" path="/Users/mgild/projects/org-asm/react/useRouteMatch.ts">
        <metrics statements="6" coveredstatements="6" conditionals="4" coveredconditionals="4" methods="4" coveredmethods="4"/>
        <line num="15" count="2" type="stmt"/>
        <line num="21" count="2" type="stmt"/>
        <line num="27" count="11" type="cond" truecount="2" falsecount="0"/>
        <line num="29" count="11" type="stmt"/>
        <line num="32" count="36" type="cond" truecount="2" falsecount="0"/>
        <line num="33" count="30" type="stmt"/>
      </file>
      <file name="useRouterEngine.ts" path="/Users/mgild/projects/org-asm/react/useRouterEngine.ts">
        <metrics statements="30" coveredstatements="30" conditionals="2" coveredconditionals="2" methods="16" coveredmethods="16"/>
        <line num="46" count="19" type="stmt"/>
        <line num="48" count="19" type="stmt"/>
        <line num="49" count="19" type="cond" truecount="2" falsecount="0"/>
        <line num="51" count="17" type="stmt"/>
        <line num="55" count="5" type="stmt"/>
        <line num="56" count="5" type="stmt"/>
        <line num="59" count="1" type="stmt"/>
        <line num="60" count="1" type="stmt"/>
        <line num="63" count="1" type="stmt"/>
        <line num="64" count="1" type="stmt"/>
        <line num="67" count="1" type="stmt"/>
        <line num="68" count="1" type="stmt"/>
        <line num="71" count="2" type="stmt"/>
        <line num="72" count="2" type="stmt"/>
        <line num="75" count="1" type="stmt"/>
        <line num="76" count="1" type="stmt"/>
        <line num="79" count="1" type="stmt"/>
        <line num="80" count="1" type="stmt"/>
        <line num="83" count="1" type="stmt"/>
        <line num="84" count="1" type="stmt"/>
        <line num="87" count="1" type="stmt"/>
        <line num="88" count="1" type="stmt"/>
        <line num="91" count="1" type="stmt"/>
        <line num="104" count="1" type="stmt"/>
        <line num="107" count="1" type="stmt"/>
        <line num="110" count="2" type="stmt"/>
        <line num="111" count="2" type="stmt"/>
        <line num="112" count="2" type="stmt"/>
        <line num="113" count="2" type="stmt"/>
        <line num="118" count="2" type="stmt"/>
      </file>
      <file name="useTableCell.ts" path="/Users/mgild/projects/org-asm/react/useTableCell.ts">
        <metrics statements="7" coveredstatements="7" conditionals="4" coveredconditionals="4" methods="4" coveredmethods="4"/>
        <line num="17" count="2" type="stmt"/>
        <line num="23" count="2" type="stmt"/>
        <line num="30" count="11" type="cond" truecount="2" falsecount="0"/>
        <line num="32" count="11" type="stmt"/>
        <line num="35" count="36" type="cond" truecount="2" falsecount="0"/>
        <line num="36" count="30" type="stmt"/>
        <line num="37" count="30" type="stmt"/>
      </file>
      <file name="useTableEngine.ts" path="/Users/mgild/projects/org-asm/react/useTableEngine.ts">
        <metrics statements="49" coveredstatements="49" conditionals="8" coveredconditionals="8" methods="25" coveredmethods="25"/>
        <line num="59" count="33" type="stmt"/>
        <line num="60" count="33" type="cond" truecount="2" falsecount="0"/>
        <line num="62" count="33" type="stmt"/>
        <line num="63" count="33" type="cond" truecount="2" falsecount="0"/>
        <line num="65" count="31" type="stmt"/>
        <line num="71" count="1" type="stmt"/>
        <line num="72" count="1" type="stmt"/>
        <line num="75" count="4" type="stmt"/>
        <line num="76" count="4" type="stmt"/>
        <line num="79" count="1" type="stmt"/>
        <line num="80" count="1" type="stmt"/>
        <line num="83" count="3" type="stmt"/>
        <line num="84" count="3" type="stmt"/>
        <line num="87" count="1" type="stmt"/>
        <line num="88" count="1" type="stmt"/>
        <line num="91" count="2" type="stmt"/>
        <line num="92" count="2" type="stmt"/>
        <line num="95" count="1" type="stmt"/>
        <line num="96" count="1" type="stmt"/>
        <line num="99" count="4" type="stmt"/>
        <line num="100" count="4" type="stmt"/>
        <line num="103" count="1" type="stmt"/>
        <line num="104" count="1" type="stmt"/>
        <line num="107" count="1" type="stmt"/>
        <line num="108" count="1" type="stmt"/>
        <line num="111" count="4" type="stmt"/>
        <line num="112" count="4" type="stmt"/>
        <line num="115" count="1" type="stmt"/>
        <line num="116" count="1" type="stmt"/>
        <line num="117" count="1" type="stmt"/>
        <line num="120" count="1" type="stmt"/>
        <line num="121" count="1" type="stmt"/>
        <line num="124" count="2" type="stmt"/>
        <line num="125" count="2" type="stmt"/>
        <line num="128" count="1" type="stmt"/>
        <line num="129" count="1" type="stmt"/>
        <line num="132" count="2" type="stmt"/>
        <line num="133" count="2" type="stmt"/>
        <line num="136" count="1" type="stmt"/>
        <line num="137" count="1" type="stmt"/>
        <line num="141" count="2" type="stmt"/>
        <line num="160" count="4" type="stmt"/>
        <line num="163" count="1" type="stmt"/>
        <line num="166" count="1" type="stmt"/>
        <line num="169" count="3" type="cond" truecount="2" falsecount="0"/>
        <line num="170" count="2" type="stmt"/>
        <line num="171" count="2" type="stmt"/>
        <line num="172" count="2" type="cond" truecount="2" falsecount="0"/>
        <line num="173" count="1" type="stmt"/>
      </file>
      <file name="useTableRow.ts" path="/Users/mgild/projects/org-asm/react/useTableRow.ts">
        <metrics statements="6" coveredstatements="6" conditionals="4" coveredconditionals="4" methods="4" coveredmethods="4"/>
        <line num="16" count="2" type="stmt"/>
        <line num="21" count="3" type="stmt"/>
        <line num="27" count="16" type="cond" truecount="2" falsecount="0"/>
        <line num="29" count="16" type="stmt"/>
        <line num="32" count="54" type="cond" truecount="2" falsecount="0"/>
        <line num="33" count="45" type="stmt"/>
      </file>
      <file name="useTableState.ts" path="/Users/mgild/projects/org-asm/react/useTableState.ts">
        <metrics statements="7" coveredstatements="7" conditionals="4" coveredconditionals="4" methods="4" coveredmethods="4"/>
        <line num="17" count="2" type="stmt"/>
        <line num="35" count="2" type="stmt"/>
        <line num="40" count="16" type="cond" truecount="2" falsecount="0"/>
        <line num="42" count="16" type="stmt"/>
        <line num="45" count="55" type="cond" truecount="2" falsecount="0"/>
        <line num="46" count="49" type="stmt"/>
        <line num="47" count="49" type="stmt"/>
      </file>
      <file name="useUndoEntry.ts" path="/Users/mgild/projects/org-asm/react/useUndoEntry.ts">
        <metrics statements="6" coveredstatements="6" conditionals="4" coveredconditionals="4" methods="4" coveredmethods="4"/>
        <line num="15" count="2" type="stmt"/>
        <line num="20" count="3" type="stmt"/>
        <line num="26" count="10" type="cond" truecount="2" falsecount="0"/>
        <line num="28" count="10" type="stmt"/>
        <line num="31" count="32" type="cond" truecount="2" falsecount="0"/>
        <line num="32" count="23" type="stmt"/>
      </file>
      <file name="useWasmCall.ts" path="/Users/mgild/projects/org-asm/react/useWasmCall.ts">
        <metrics statements="1" coveredstatements="1" conditionals="0" coveredconditionals="0" methods="1" coveredmethods="1"/>
        <line num="17" count="9" type="stmt"/>
      </file>
      <file name="useWasmReducer.ts" path="/Users/mgild/projects/org-asm/react/useWasmReducer.ts">
        <metrics statements="17" coveredstatements="17" conditionals="5" coveredconditionals="5" methods="7" coveredmethods="7"/>
        <line num="49" count="10" type="stmt"/>
        <line num="50" count="10" type="stmt"/>
        <line num="53" count="10" type="stmt"/>
        <line num="55" count="10" type="stmt"/>
        <line num="56" count="5" type="stmt"/>
        <line num="57" count="5" type="stmt"/>
        <line num="60" count="10" type="stmt"/>
        <line num="61" count="37" type="stmt"/>
        <line num="65" count="10" type="stmt"/>
        <line num="67" count="10" type="stmt"/>
        <line num="69" count="7" type="stmt"/>
        <line num="70" count="7" type="cond" truecount="5" falsecount="0"/>
        <line num="71" count="2" type="stmt"/>
        <line num="72" count="1" type="stmt"/>
        <line num="73" count="1" type="stmt"/>
        <line num="76" count="5" type="stmt"/>
        <line num="82" count="10" type="stmt"/>
      </file>
      <file name="useWasmSelector.ts" path="/Users/mgild/projects/org-asm/react/useWasmSelector.ts">
        <metrics statements="22" coveredstatements="22" conditionals="21" coveredconditionals="21" methods="3" coveredmethods="3"/>
        <line num="30" count="487" type="cond" truecount="2" falsecount="0"/>
        <line num="31" count="397" type="cond" truecount="4" falsecount="0"/>
        <line num="32" count="396" type="cond" truecount="4" falsecount="0"/>
        <line num="34" count="395" type="stmt"/>
        <line num="35" count="395" type="stmt"/>
        <line num="36" count="395" type="cond" truecount="2" falsecount="0"/>
        <line num="38" count="394" type="stmt"/>
        <line num="39" count="2174" type="cond" truecount="2" falsecount="0"/>
        <line num="40" count="2173" type="cond" truecount="2" falsecount="0"/>
        <line num="42" count="335" type="stmt"/>
        <line num="50" count="182" type="stmt"/>
        <line num="51" count="182" type="stmt"/>
        <line num="52" count="182" type="stmt"/>
        <line num="53" count="182" type="stmt"/>
        <line num="54" count="182" type="stmt"/>
        <line num="56" count="182" type="stmt"/>
        <line num="57" count="613" type="stmt"/>
        <line num="58" count="613" type="cond" truecount="4" falsecount="0"/>
        <line num="59" count="431" type="stmt"/>
        <line num="61" count="182" type="stmt"/>
        <line num="62" count="182" type="stmt"/>
        <line num="65" count="182" type="stmt"/>
      </file>
      <file name="useWasmState.ts" path="/Users/mgild/projects/org-asm/react/useWasmState.ts">
        <metrics statements="20" coveredstatements="20" conditionals="4" coveredconditionals="4" methods="7" coveredmethods="7"/>
        <line num="41" count="188" type="stmt"/>
        <line num="42" count="188" type="stmt"/>
        <line num="43" count="188" type="stmt"/>
        <line num="46" count="168" type="stmt"/>
        <line num="49" count="188" type="stmt"/>
        <line num="51" count="150" type="stmt"/>
        <line num="52" count="150" type="stmt"/>
        <line num="55" count="172" type="cond" truecount="2" falsecount="0"/>
        <line num="56" count="8" type="stmt"/>
        <line num="57" count="8" type="stmt"/>
        <line num="59" count="164" type="stmt"/>
        <line num="62" count="6" type="stmt"/>
        <line num="63" count="6" type="stmt"/>
        <line num="64" count="6" type="stmt"/>
        <line num="65" count="6" type="stmt"/>
        <line num="67" count="6" type="stmt"/>
        <line num="68" count="6" type="cond" truecount="2" falsecount="0"/>
        <line num="69" count="4" type="stmt"/>
        <line num="70" count="4" type="stmt"/>
        <line num="85" count="12" type="stmt"/>
      </file>
      <file name="useWasmStream.ts" path="/Users/mgild/projects/org-asm/react/useWasmStream.ts">
        <metrics statements="44" coveredstatements="44" conditionals="24" coveredconditionals="24" methods="8" coveredmethods="8"/>
        <line num="33" count="41" type="stmt"/>
        <line num="34" count="41" type="stmt"/>
        <line num="35" count="41" type="stmt"/>
        <line num="36" count="41" type="stmt"/>
        <line num="37" count="41" type="stmt"/>
        <line num="40" count="41" type="stmt"/>
        <line num="41" count="41" type="stmt"/>
        <line num="43" count="41" type="stmt"/>
        <line num="44" count="7" type="stmt"/>
        <line num="45" count="7" type="stmt"/>
        <line num="46" count="7" type="stmt"/>
        <line num="47" count="7" type="stmt"/>
        <line num="50" count="41" type="stmt"/>
        <line num="51" count="17" type="stmt"/>
        <line num="52" count="17" type="stmt"/>
        <line num="53" count="17" type="stmt"/>
        <line num="54" count="17" type="stmt"/>
        <line num="55" count="17" type="stmt"/>
        <line num="57" count="17" type="stmt"/>
        <line num="58" count="15" type="cond" truecount="2" falsecount="0"/>
        <line num="59" count="14" type="stmt"/>
        <line num="60" count="14" type="cond" truecount="2" falsecount="0"/>
        <line num="61" count="8" type="stmt"/>
        <line num="65" count="17" type="stmt"/>
        <line num="66" count="17" type="stmt"/>
        <line num="67" count="17" type="cond" truecount="4" falsecount="0"/>
        <line num="68" count="9" type="stmt"/>
        <line num="70" count="5" type="cond" truecount="2" falsecount="0"/>
        <line num="72" count="3" type="cond" truecount="2" falsecount="0"/>
        <line num="73" count="3" type="stmt"/>
        <line num="77" count="3" type="cond" truecount="2" falsecount="0"/>
        <line num="78" count="2" type="cond" truecount="2" falsecount="0"/>
        <line num="79" count="2" type="cond" truecount="2" falsecount="0"/>
        <line num="80" count="2" type="stmt"/>
        <line num="86" count="6" type="cond" truecount="2" falsecount="0"/>
        <line num="87" count="6" type="stmt"/>
        <line num="91" count="2" type="cond" truecount="2" falsecount="0"/>
        <line num="92" count="2" type="stmt"/>
        <line num="95" count="17" type="stmt"/>
        <line num="96" count="17" type="stmt"/>
        <line num="97" count="17" type="cond" truecount="2" falsecount="0"/>
        <line num="98" count="1" type="stmt"/>
        <line num="99" count="1" type="stmt"/>
        <line num="105" count="41" type="stmt"/>
      </file>
    </package>
  </project>
</coverage>
