{"/Users/mgild/projects/org-asm/controller/WasmTaskWorker.ts": {"path":"/Users/mgild/projects/org-asm/controller/WasmTaskWorker.ts","statementMap":{"0":{"start":{"line":90,"column":34},"end":{"line":90,"column":null}},"1":{"start":{"line":91,"column":19},"end":{"line":91,"column":null}},"2":{"start":{"line":92,"column":20},"end":{"line":95,"column":null}},"3":{"start":{"line":97,"column":19},"end":{"line":97,"column":null}},"4":{"start":{"line":98,"column":46},"end":{"line":98,"column":null}},"5":{"start":{"line":99,"column":55},"end":{"line":99,"column":null}},"6":{"start":{"line":102,"column":4},"end":{"line":102,"column":null}},"7":{"start":{"line":107,"column":4},"end":{"line":107,"column":null}},"8":{"start":{"line":107,"column":21},"end":{"line":107,"column":null}},"9":{"start":{"line":109,"column":25},"end":{"line":112,"column":null}},"10":{"start":{"line":110,"column":6},"end":{"line":110,"column":null}},"11":{"start":{"line":111,"column":6},"end":{"line":111,"column":null}},"12":{"start":{"line":114,"column":4},"end":{"line":114,"column":null}},"13":{"start":{"line":115,"column":4},"end":{"line":117,"column":null}},"14":{"start":{"line":116,"column":6},"end":{"line":116,"column":null}},"15":{"start":{"line":118,"column":4},"end":{"line":122,"column":null}},"16":{"start":{"line":119,"column":18},"end":{"line":119,"column":null}},"17":{"start":{"line":120,"column":6},"end":{"line":120,"column":null}},"18":{"start":{"line":121,"column":6},"end":{"line":121,"column":null}},"19":{"start":{"line":124,"column":43},"end":{"line":128,"column":null}},"20":{"start":{"line":129,"column":4},"end":{"line":129,"column":null}},"21":{"start":{"line":131,"column":4},"end":{"line":131,"column":null}},"22":{"start":{"line":136,"column":4},"end":{"line":138,"column":null}},"23":{"start":{"line":137,"column":6},"end":{"line":137,"column":null}},"24":{"start":{"line":140,"column":15},"end":{"line":140,"column":null}},"25":{"start":{"line":141,"column":20},"end":{"line":146,"column":null}},"26":{"start":{"line":142,"column":6},"end":{"line":145,"column":null}},"27":{"start":{"line":148,"column":39},"end":{"line":153,"column":null}},"28":{"start":{"line":154,"column":4},"end":{"line":154,"column":null}},"29":{"start":{"line":156,"column":4},"end":{"line":156,"column":null}},"30":{"start":{"line":161,"column":4},"end":{"line":161,"column":null}},"31":{"start":{"line":166,"column":4},"end":{"line":166,"column":null}},"32":{"start":{"line":171,"column":4},"end":{"line":171,"column":null}},"33":{"start":{"line":172,"column":4},"end":{"line":172,"column":null}},"34":{"start":{"line":173,"column":4},"end":{"line":173,"column":null}},"35":{"start":{"line":174,"column":4},"end":{"line":174,"column":null}},"36":{"start":{"line":178,"column":4},"end":{"line":205,"column":null}},"37":{"start":{"line":180,"column":8},"end":{"line":180,"column":null}},"38":{"start":{"line":181,"column":8},"end":{"line":181,"column":null}},"39":{"start":{"line":182,"column":8},"end":{"line":182,"column":null}},"40":{"start":{"line":185,"column":8},"end":{"line":185,"column":null}},"41":{"start":{"line":186,"column":8},"end":{"line":186,"column":null}},"42":{"start":{"line":189,"column":22},"end":{"line":189,"column":null}},"43":{"start":{"line":190,"column":8},"end":{"line":193,"column":null}},"44":{"start":{"line":191,"column":10},"end":{"line":191,"column":null}},"45":{"start":{"line":192,"column":10},"end":{"line":192,"column":null}},"46":{"start":{"line":194,"column":8},"end":{"line":194,"column":null}},"47":{"start":{"line":198,"column":22},"end":{"line":198,"column":null}},"48":{"start":{"line":199,"column":8},"end":{"line":202,"column":null}},"49":{"start":{"line":200,"column":10},"end":{"line":200,"column":null}},"50":{"start":{"line":201,"column":10},"end":{"line":201,"column":null}},"51":{"start":{"line":203,"column":8},"end":{"line":203,"column":null}},"52":{"start":{"line":209,"column":4},"end":{"line":211,"column":null}},"53":{"start":{"line":210,"column":6},"end":{"line":210,"column":null}},"54":{"start":{"line":212,"column":4},"end":{"line":212,"column":null}}},"fnMap":{"0":{"name":"(anonymous_0)","decl":{"start":{"line":101,"column":2},"end":{"line":101,"column":14}},"loc":{"start":{"line":101,"column":44},"end":{"line":103,"column":null}},"line":101},"1":{"name":"(anonymous_1)","decl":{"start":{"line":106,"column":8},"end":{"line":106,"column":36}},"loc":{"start":{"line":106,"column":36},"end":{"line":132,"column":null}},"line":106},"2":{"name":"(anonymous_2)","decl":{"start":{"line":109,"column":43},"end":{"line":109,"column":44}},"loc":{"start":{"line":109,"column":64},"end":{"line":112,"column":5}},"line":109},"3":{"name":"(anonymous_3)","decl":{"start":{"line":115,"column":28},"end":{"line":115,"column":29}},"loc":{"start":{"line":115,"column":78},"end":{"line":117,"column":null}},"line":115},"4":{"name":"(anonymous_4)","decl":{"start":{"line":118,"column":26},"end":{"line":118,"column":27}},"loc":{"start":{"line":118,"column":37},"end":{"line":122,"column":null}},"line":118},"5":{"name":"(anonymous_5)","decl":{"start":{"line":135,"column":2},"end":{"line":135,"column":20}},"loc":{"start":{"line":135,"column":64},"end":{"line":157,"column":null}},"line":135},"6":{"name":"(anonymous_6)","decl":{"start":{"line":141,"column":35},"end":{"line":141,"column":36}},"loc":{"start":{"line":141,"column":56},"end":{"line":146,"column":5}},"line":141},"7":{"name":"(anonymous_7)","decl":{"start":{"line":160,"column":6},"end":{"line":160,"column":23}},"loc":{"start":{"line":160,"column":23},"end":{"line":162,"column":null}},"line":160},"8":{"name":"(anonymous_8)","decl":{"start":{"line":165,"column":6},"end":{"line":165,"column":29}},"loc":{"start":{"line":165,"column":29},"end":{"line":167,"column":null}},"line":165},"9":{"name":"(anonymous_9)","decl":{"start":{"line":170,"column":2},"end":{"line":170,"column":18}},"loc":{"start":{"line":170,"column":18},"end":{"line":175,"column":null}},"line":170},"10":{"name":"(anonymous_10)","decl":{"start":{"line":177,"column":10},"end":{"line":177,"column":24}},"loc":{"start":{"line":177,"column":60},"end":{"line":206,"column":null}},"line":177},"11":{"name":"(anonymous_11)","decl":{"start":{"line":208,"column":10},"end":{"line":208,"column":20}},"loc":{"start":{"line":208,"column":38},"end":{"line":213,"column":null}},"line":208}},"branchMap":{"0":{"loc":{"start":{"line":107,"column":4},"end":{"line":107,"column":null}},"type":"if","locations":[{"start":{"line":107,"column":4},"end":{"line":107,"column":null}},{"start":{},"end":{}}],"line":107},"1":{"loc":{"start":{"line":136,"column":4},"end":{"line":138,"column":null}},"type":"if","locations":[{"start":{"line":136,"column":4},"end":{"line":138,"column":null}},{"start":{},"end":{}}],"line":136},"2":{"loc":{"start":{"line":136,"column":8},"end":{"line":136,"column":38}},"type":"binary-expr","locations":[{"start":{"line":136,"column":8},"end":{"line":136,"column":24}},{"start":{"line":136,"column":24},"end":{"line":136,"column":38}}],"line":136},"3":{"loc":{"start":{"line":152,"column":12},"end":{"line":152,"column":null}},"type":"binary-expr","locations":[{"start":{"line":152,"column":12},"end":{"line":152,"column":20}},{"start":{"line":152,"column":20},"end":{"line":152,"column":null}}],"line":152},"4":{"loc":{"start":{"line":178,"column":4},"end":{"line":205,"column":null}},"type":"switch","locations":[{"start":{"line":179,"column":6},"end":{"line":182,"column":null}},{"start":{"line":184,"column":6},"end":{"line":186,"column":null}},{"start":{"line":188,"column":6},"end":{"line":195,"column":null}},{"start":{"line":197,"column":6},"end":{"line":204,"column":null}}],"line":178},"5":{"loc":{"start":{"line":190,"column":8},"end":{"line":193,"column":null}},"type":"if","locations":[{"start":{"line":190,"column":8},"end":{"line":193,"column":null}},{"start":{},"end":{}}],"line":190},"6":{"loc":{"start":{"line":199,"column":8},"end":{"line":202,"column":null}},"type":"if","locations":[{"start":{"line":199,"column":8},"end":{"line":202,"column":null}},{"start":{},"end":{}}],"line":199}},"s":{"0":12,"1":12,"2":12,"3":12,"4":12,"5":12,"6":12,"7":12,"8":1,"9":11,"10":11,"11":11,"12":11,"13":11,"14":17,"15":11,"16":1,"17":1,"18":1,"19":11,"20":11,"21":11,"22":8,"23":1,"24":7,"25":7,"26":7,"27":7,"28":8,"29":8,"30":5,"31":11,"32":2,"33":2,"34":2,"35":2,"36":17,"37":9,"38":9,"39":9,"40":1,"41":1,"42":5,"43":5,"44":4,"45":4,"46":5,"47":2,"48":2,"49":1,"50":1,"51":2,"52":3,"53":2,"54":3},"f":{"0":12,"1":12,"2":11,"3":17,"4":1,"5":8,"6":7,"7":5,"8":11,"9":2,"10":17,"11":3},"b":{"0":[1,11],"1":[1,7],"2":[8,7],"3":[7,6],"4":[9,1,5,2],"5":[4,1],"6":[1,1]},"meta":{"lastBranch":7,"lastFunction":12,"lastStatement":55,"seen":{"s:90:34:90:Infinity":0,"s:91:19:91:Infinity":1,"s:92:20:95:Infinity":2,"s:97:19:97:Infinity":3,"s:98:46:98:Infinity":4,"s:99:55:99:Infinity":5,"f:101:2:101:14":0,"s:102:4:102:Infinity":6,"f:106:8:106:36":1,"b:107:4:107:Infinity:undefined:undefined:undefined:undefined":0,"s:107:4:107:Infinity":7,"s:107:21:107:Infinity":8,"s:109:25:112:Infinity":9,"f:109:43:109:44":2,"s:110:6:110:Infinity":10,"s:111:6:111:Infinity":11,"s:114:4:114:Infinity":12,"s:115:4:117:Infinity":13,"f:115:28:115:29":3,"s:116:6:116:Infinity":14,"s:118:4:122:Infinity":15,"f:118:26:118:27":4,"s:119:18:119:Infinity":16,"s:120:6:120:Infinity":17,"s:121:6:121:Infinity":18,"s:124:43:128:Infinity":19,"s:129:4:129:Infinity":20,"s:131:4:131:Infinity":21,"f:135:2:135:20":5,"b:136:4:138:Infinity:undefined:undefined:undefined:undefined":1,"s:136:4:138:Infinity":22,"b:136:8:136:24:136:24:136:38":2,"s:137:6:137:Infinity":23,"s:140:15:140:Infinity":24,"s:141:20:146:Infinity":25,"f:141:35:141:36":6,"s:142:6:145:Infinity":26,"s:148:39:153:Infinity":27,"b:152:12:152:20:152:20:152:Infinity":3,"s:154:4:154:Infinity":28,"s:156:4:156:Infinity":29,"f:160:6:160:23":7,"s:161:4:161:Infinity":30,"f:165:6:165:29":8,"s:166:4:166:Infinity":31,"f:170:2:170:18":9,"s:171:4:171:Infinity":32,"s:172:4:172:Infinity":33,"s:173:4:173:Infinity":34,"s:174:4:174:Infinity":35,"f:177:10:177:24":10,"b:179:6:182:Infinity:184:6:186:Infinity:188:6:195:Infinity:197:6:204:Infinity":4,"s:178:4:205:Infinity":36,"s:180:8:180:Infinity":37,"s:181:8:181:Infinity":38,"s:182:8:182:Infinity":39,"s:185:8:185:Infinity":40,"s:186:8:186:Infinity":41,"s:189:22:189:Infinity":42,"b:190:8:193:Infinity:undefined:undefined:undefined:undefined":5,"s:190:8:193:Infinity":43,"s:191:10:191:Infinity":44,"s:192:10:192:Infinity":45,"s:194:8:194:Infinity":46,"s:198:22:198:Infinity":47,"b:199:8:202:Infinity:undefined:undefined:undefined:undefined":6,"s:199:8:202:Infinity":48,"s:200:10:200:Infinity":49,"s:201:10:201:Infinity":50,"s:203:8:203:Infinity":51,"f:208:10:208:20":11,"s:209:4:211:Infinity":52,"s:210:6:210:Infinity":53,"s:212:4:212:Infinity":54}}}
,"/Users/mgild/projects/org-asm/controller/task-worker-entry.ts": {"path":"/Users/mgild/projects/org-asm/controller/task-worker-entry.ts","statementMap":{"0":{"start":{"line":29,"column":45},"end":{"line":29,"column":null}},"1":{"start":{"line":36,"column":3},"end":{"line":36,"column":null}},"2":{"start":{"line":39,"column":0},"end":{"line":91,"column":null}},"3":{"start":{"line":40,"column":14},"end":{"line":40,"column":null}},"4":{"start":{"line":42,"column":2},"end":{"line":90,"column":null}},"5":{"start":{"line":44,"column":6},"end":{"line":58,"column":null}},"6":{"start":{"line":46,"column":21},"end":{"line":46,"column":null}},"7":{"start":{"line":47,"column":8},"end":{"line":49,"column":null}},"8":{"start":{"line":48,"column":10},"end":{"line":48,"column":null}},"9":{"start":{"line":50,"column":21},"end":{"line":50,"column":null}},"10":{"start":{"line":51,"column":8},"end":{"line":53,"column":null}},"11":{"start":{"line":52,"column":10},"end":{"line":52,"column":null}},"12":{"start":{"line":54,"column":8},"end":{"line":54,"column":null}},"13":{"start":{"line":55,"column":8},"end":{"line":55,"column":null}},"14":{"start":{"line":57,"column":8},"end":{"line":57,"column":null}},"15":{"start":{"line":59,"column":6},"end":{"line":59,"column":null}},"16":{"start":{"line":63,"column":6},"end":{"line":66,"column":null}},"17":{"start":{"line":64,"column":8},"end":{"line":64,"column":null}},"18":{"start":{"line":65,"column":8},"end":{"line":65,"column":null}},"19":{"start":{"line":68,"column":6},"end":{"line":87,"column":null}},"20":{"start":{"line":69,"column":23},"end":{"line":69,"column":null}},"21":{"start":{"line":70,"column":8},"end":{"line":72,"column":null}},"22":{"start":{"line":71,"column":10},"end":{"line":71,"column":null}},"23":{"start":{"line":74,"column":23},"end":{"line":74,"column":null}},"24":{"start":{"line":77,"column":8},"end":{"line":84,"column":null}},"25":{"start":{"line":78,"column":11},"end":{"line":81,"column":null}},"26":{"start":{"line":79,"column":23},"end":{"line":79,"column":null}},"27":{"start":{"line":80,"column":21},"end":{"line":80,"column":null}},"28":{"start":{"line":83,"column":10},"end":{"line":83,"column":null}},"29":{"start":{"line":86,"column":8},"end":{"line":86,"column":null}},"30":{"start":{"line":88,"column":6},"end":{"line":88,"column":null}}},"fnMap":{"0":{"name":"post","decl":{"start":{"line":35,"column":9},"end":{"line":35,"column":14}},"loc":{"start":{"line":35,"column":50},"end":{"line":37,"column":null}},"line":35},"1":{"name":"(anonymous_1)","decl":{"start":{"line":39,"column":17},"end":{"line":39,"column":24}},"loc":{"start":{"line":39,"column":73},"end":{"line":91,"column":null}},"line":39},"2":{"name":"(anonymous_2)","decl":{"start":{"line":79,"column":12},"end":{"line":79,"column":13}},"loc":{"start":{"line":79,"column":23},"end":{"line":79,"column":null}},"line":79},"3":{"name":"(anonymous_3)","decl":{"start":{"line":80,"column":12},"end":{"line":80,"column":13}},"loc":{"start":{"line":80,"column":21},"end":{"line":80,"column":null}},"line":80}},"branchMap":{"0":{"loc":{"start":{"line":42,"column":2},"end":{"line":90,"column":null}},"type":"switch","locations":[{"start":{"line":43,"column":4},"end":{"line":60,"column":null}},{"start":{"line":62,"column":4},"end":{"line":89,"column":null}}],"line":42},"1":{"loc":{"start":{"line":47,"column":8},"end":{"line":49,"column":null}},"type":"if","locations":[{"start":{"line":47,"column":8},"end":{"line":49,"column":null}},{"start":{},"end":{}}],"line":47},"2":{"loc":{"start":{"line":51,"column":8},"end":{"line":53,"column":null}},"type":"if","locations":[{"start":{"line":51,"column":8},"end":{"line":53,"column":null}},{"start":{},"end":{}}],"line":51},"3":{"loc":{"start":{"line":57,"column":44},"end":{"line":57,"column":93}},"type":"cond-expr","locations":[{"start":{"line":57,"column":67},"end":{"line":57,"column":81}},{"start":{"line":57,"column":81},"end":{"line":57,"column":93}}],"line":57},"4":{"loc":{"start":{"line":63,"column":6},"end":{"line":66,"column":null}},"type":"if","locations":[{"start":{"line":63,"column":6},"end":{"line":66,"column":null}},{"start":{},"end":{}}],"line":63},"5":{"loc":{"start":{"line":70,"column":8},"end":{"line":72,"column":null}},"type":"if","locations":[{"start":{"line":70,"column":8},"end":{"line":72,"column":null}},{"start":{},"end":{}}],"line":70},"6":{"loc":{"start":{"line":77,"column":8},"end":{"line":84,"column":null}},"type":"if","locations":[{"start":{"line":77,"column":8},"end":{"line":84,"column":null}},{"start":{"line":82,"column":15},"end":{"line":84,"column":null}}],"line":77},"7":{"loc":{"start":{"line":77,"column":12},"end":{"line":77,"column":129}},"type":"binary-expr","locations":[{"start":{"line":77,"column":12},"end":{"line":77,"column":22}},{"start":{"line":77,"column":22},"end":{"line":77,"column":52}},{"start":{"line":77,"column":52},"end":{"line":77,"column":72}},{"start":{"line":77,"column":72},"end":{"line":77,"column":129}}],"line":77},"8":{"loc":{"start":{"line":80,"column":64},"end":{"line":80,"column":113}},"type":"cond-expr","locations":[{"start":{"line":80,"column":87},"end":{"line":80,"column":101}},{"start":{"line":80,"column":101},"end":{"line":80,"column":113}}],"line":80},"9":{"loc":{"start":{"line":86,"column":51},"end":{"line":86,"column":100}},"type":"cond-expr","locations":[{"start":{"line":86,"column":74},"end":{"line":86,"column":88}},{"start":{"line":86,"column":88},"end":{"line":86,"column":100}}],"line":86}},"s":{"0":13,"1":20,"2":13,"3":20,"4":20,"5":12,"6":12,"7":11,"8":10,"9":10,"10":10,"11":1,"12":9,"13":9,"14":3,"15":12,"16":8,"17":1,"18":1,"19":7,"20":7,"21":7,"22":1,"23":6,"24":6,"25":3,"26":1,"27":2,"28":1,"29":3,"30":7},"f":{"0":20,"1":20,"2":1,"3":2},"b":{"0":[12,8],"1":[10,1],"2":[1,9],"3":[2,1],"4":[1,7],"5":[1,6],"6":[3,1],"7":[6,4,4,3],"8":[1,1],"9":[2,1]},"meta":{"lastBranch":10,"lastFunction":4,"lastStatement":31,"seen":{"s:29:45:29:Infinity":0,"f:35:9:35:14":0,"s:36:3:36:Infinity":1,"s:39:0:91:Infinity":2,"f:39:17:39:24":1,"s:40:14:40:Infinity":3,"b:43:4:60:Infinity:62:4:89:Infinity":0,"s:42:2:90:Infinity":4,"s:44:6:58:Infinity":5,"s:46:21:46:Infinity":6,"b:47:8:49:Infinity:undefined:undefined:undefined:undefined":1,"s:47:8:49:Infinity":7,"s:48:10:48:Infinity":8,"s:50:21:50:Infinity":9,"b:51:8:53:Infinity:undefined:undefined:undefined:undefined":2,"s:51:8:53:Infinity":10,"s:52:10:52:Infinity":11,"s:54:8:54:Infinity":12,"s:55:8:55:Infinity":13,"s:57:8:57:Infinity":14,"b:57:67:57:81:57:81:57:93":3,"s:59:6:59:Infinity":15,"b:63:6:66:Infinity:undefined:undefined:undefined:undefined":4,"s:63:6:66:Infinity":16,"s:64:8:64:Infinity":17,"s:65:8:65:Infinity":18,"s:68:6:87:Infinity":19,"s:69:23:69:Infinity":20,"b:70:8:72:Infinity:undefined:undefined:undefined:undefined":5,"s:70:8:72:Infinity":21,"s:71:10:71:Infinity":22,"s:74:23:74:Infinity":23,"b:77:8:84:Infinity:82:15:84:Infinity":6,"s:77:8:84:Infinity":24,"b:77:12:77:22:77:22:77:52:77:52:77:72:77:72:77:129":7,"s:78:11:81:Infinity":25,"f:79:12:79:13":2,"s:79:23:79:Infinity":26,"f:80:12:80:13":3,"s:80:21:80:Infinity":27,"b:80:87:80:101:80:101:80:113":8,"s:83:10:83:Infinity":28,"s:86:8:86:Infinity":29,"b:86:74:86:88:86:88:86:100":9,"s:88:6:88:Infinity":30}}}
,"/Users/mgild/projects/org-asm/core/types.ts": {"path":"/Users/mgild/projects/org-asm/core/types.ts","statementMap":{"0":{"start":{"line":76,"column":35},"end":{"line":76,"column":null}},"1":{"start":{"line":77,"column":36},"end":{"line":77,"column":null}},"2":{"start":{"line":84,"column":7},"end":{"line":84,"column":null}},"3":{"start":{"line":85,"column":2},"end":{"line":85,"column":null}},"4":{"start":{"line":86,"column":2},"end":{"line":86,"column":null}},"5":{"start":{"line":87,"column":2},"end":{"line":87,"column":null}},"6":{"start":{"line":88,"column":2},"end":{"line":88,"column":null}},"7":{"start":{"line":84,"column":12},"end":{"line":84,"column":null}},"8":{"start":{"line":150,"column":7},"end":{"line":150,"column":28}},"9":{"start":{"line":150,"column":28},"end":{"line":150,"column":35}},"10":{"start":{"line":150,"column":38},"end":{"line":150,"column":44}},"11":{"start":{"line":150,"column":47},"end":{"line":150,"column":54}},"12":{"start":{"line":150,"column":12},"end":{"line":150,"column":28}},"13":{"start":{"line":189,"column":7},"end":{"line":189,"column":null}},"14":{"start":{"line":190,"column":2},"end":{"line":190,"column":20}},"15":{"start":{"line":191,"column":2},"end":{"line":191,"column":19}},"16":{"start":{"line":192,"column":2},"end":{"line":192,"column":18}},"17":{"start":{"line":193,"column":2},"end":{"line":193,"column":15}},"18":{"start":{"line":194,"column":2},"end":{"line":194,"column":10}},"19":{"start":{"line":189,"column":12},"end":{"line":189,"column":null}},"20":{"start":{"line":301,"column":7},"end":{"line":301,"column":null}},"21":{"start":{"line":302,"column":2},"end":{"line":302,"column":7}},"22":{"start":{"line":303,"column":2},"end":{"line":303,"column":10}},"23":{"start":{"line":304,"column":2},"end":{"line":304,"column":7}},"24":{"start":{"line":305,"column":2},"end":{"line":305,"column":7}},"25":{"start":{"line":306,"column":2},"end":{"line":306,"column":8}},"26":{"start":{"line":307,"column":2},"end":{"line":307,"column":8}},"27":{"start":{"line":308,"column":2},"end":{"line":308,"column":13}},"28":{"start":{"line":309,"column":2},"end":{"line":309,"column":15}},"29":{"start":{"line":310,"column":2},"end":{"line":310,"column":7}},"30":{"start":{"line":301,"column":12},"end":{"line":301,"column":null}},"31":{"start":{"line":364,"column":7},"end":{"line":364,"column":null}},"32":{"start":{"line":365,"column":2},"end":{"line":365,"column":9}},"33":{"start":{"line":366,"column":2},"end":{"line":366,"column":12}},"34":{"start":{"line":367,"column":2},"end":{"line":367,"column":12}},"35":{"start":{"line":368,"column":2},"end":{"line":368,"column":10}},"36":{"start":{"line":369,"column":2},"end":{"line":369,"column":14}},"37":{"start":{"line":364,"column":12},"end":{"line":364,"column":null}},"38":{"start":{"line":373,"column":7},"end":{"line":373,"column":null}},"39":{"start":{"line":374,"column":2},"end":{"line":374,"column":9}},"40":{"start":{"line":375,"column":2},"end":{"line":375,"column":15}},"41":{"start":{"line":373,"column":12},"end":{"line":373,"column":null}},"42":{"start":{"line":379,"column":7},"end":{"line":379,"column":null}},"43":{"start":{"line":380,"column":2},"end":{"line":380,"column":10}},"44":{"start":{"line":381,"column":2},"end":{"line":381,"column":9}},"45":{"start":{"line":382,"column":2},"end":{"line":382,"column":9}},"46":{"start":{"line":383,"column":2},"end":{"line":383,"column":11}},"47":{"start":{"line":379,"column":12},"end":{"line":379,"column":null}}},"fnMap":{"0":{"name":"(anonymous_0)","decl":{"start":{"line":84,"column":7},"end":{"line":84,"column":12}},"loc":{"start":{"line":84,"column":7},"end":{"line":84,"column":null}},"line":84},"1":{"name":"(anonymous_1)","decl":{"start":{"line":150,"column":7},"end":{"line":150,"column":12}},"loc":{"start":{"line":150,"column":7},"end":{"line":150,"column":28}},"line":150},"2":{"name":"(anonymous_2)","decl":{"start":{"line":189,"column":7},"end":{"line":189,"column":12}},"loc":{"start":{"line":189,"column":7},"end":{"line":189,"column":null}},"line":189},"3":{"name":"(anonymous_3)","decl":{"start":{"line":301,"column":7},"end":{"line":301,"column":12}},"loc":{"start":{"line":301,"column":7},"end":{"line":301,"column":null}},"line":301},"4":{"name":"(anonymous_4)","decl":{"start":{"line":364,"column":7},"end":{"line":364,"column":12}},"loc":{"start":{"line":364,"column":7},"end":{"line":364,"column":null}},"line":364},"5":{"name":"(anonymous_5)","decl":{"start":{"line":373,"column":7},"end":{"line":373,"column":12}},"loc":{"start":{"line":373,"column":7},"end":{"line":373,"column":null}},"line":373},"6":{"name":"(anonymous_6)","decl":{"start":{"line":379,"column":7},"end":{"line":379,"column":12}},"loc":{"start":{"line":379,"column":7},"end":{"line":379,"column":null}},"line":379}},"branchMap":{"0":{"loc":{"start":{"line":84,"column":12},"end":{"line":84,"column":null}},"type":"binary-expr","locations":[{"start":{"line":84,"column":12},"end":{"line":84,"column":null}},{"start":{"line":84,"column":12},"end":{"line":84,"column":null}}],"line":84},"1":{"loc":{"start":{"line":150,"column":12},"end":{"line":150,"column":28}},"type":"binary-expr","locations":[{"start":{"line":150,"column":12},"end":{"line":150,"column":28}},{"start":{"line":150,"column":12},"end":{"line":150,"column":28}}],"line":150},"2":{"loc":{"start":{"line":189,"column":12},"end":{"line":189,"column":null}},"type":"binary-expr","locations":[{"start":{"line":189,"column":12},"end":{"line":189,"column":null}},{"start":{"line":189,"column":12},"end":{"line":189,"column":null}}],"line":189},"3":{"loc":{"start":{"line":301,"column":12},"end":{"line":301,"column":null}},"type":"binary-expr","locations":[{"start":{"line":301,"column":12},"end":{"line":301,"column":null}},{"start":{"line":301,"column":12},"end":{"line":301,"column":null}}],"line":301},"4":{"loc":{"start":{"line":364,"column":12},"end":{"line":364,"column":null}},"type":"binary-expr","locations":[{"start":{"line":364,"column":12},"end":{"line":364,"column":null}},{"start":{"line":364,"column":12},"end":{"line":364,"column":null}}],"line":364},"5":{"loc":{"start":{"line":373,"column":12},"end":{"line":373,"column":null}},"type":"binary-expr","locations":[{"start":{"line":373,"column":12},"end":{"line":373,"column":null}},{"start":{"line":373,"column":12},"end":{"line":373,"column":null}}],"line":373},"6":{"loc":{"start":{"line":379,"column":12},"end":{"line":379,"column":null}},"type":"binary-expr","locations":[{"start":{"line":379,"column":12},"end":{"line":379,"column":null}},{"start":{"line":379,"column":12},"end":{"line":379,"column":null}}],"line":379}},"s":{"0":8,"1":8,"2":8,"3":8,"4":8,"5":8,"6":8,"7":8,"8":8,"9":8,"10":8,"11":8,"12":8,"13":8,"14":8,"15":8,"16":8,"17":8,"18":8,"19":8,"20":8,"21":8,"22":8,"23":8,"24":8,"25":8,"26":8,"27":8,"28":8,"29":8,"30":8,"31":8,"32":8,"33":8,"34":8,"35":8,"36":8,"37":8,"38":8,"39":8,"40":8,"41":8,"42":8,"43":8,"44":8,"45":8,"46":8,"47":8},"f":{"0":8,"1":8,"2":8,"3":8,"4":8,"5":8,"6":8},"b":{"0":[8,8],"1":[8,8],"2":[8,8],"3":[8,8],"4":[8,8],"5":[8,8],"6":[8,8]},"meta":{"lastBranch":7,"lastFunction":7,"lastStatement":48,"seen":{"s:76:35:76:Infinity":0,"s:77:36:77:Infinity":1,"s:84:7:84:Infinity":2,"f:84:7:84:12":0,"s:85:2:85:Infinity":3,"s:86:2:86:Infinity":4,"s:87:2:87:Infinity":5,"s:88:2:88:Infinity":6,"s:84:12:84:Infinity":7,"b:84:12:84:Infinity:84:12:84:Infinity":0,"s:150:7:150:28":8,"f:150:7:150:12":1,"s:150:28:150:35":9,"s:150:38:150:44":10,"s:150:47:150:54":11,"s:150:12:150:28":12,"b:150:12:150:28:150:12:150:28":1,"s:189:7:189:Infinity":13,"f:189:7:189:12":2,"s:190:2:190:20":14,"s:191:2:191:19":15,"s:192:2:192:18":16,"s:193:2:193:15":17,"s:194:2:194:10":18,"s:189:12:189:Infinity":19,"b:189:12:189:Infinity:189:12:189:Infinity":2,"s:301:7:301:Infinity":20,"f:301:7:301:12":3,"s:302:2:302:7":21,"s:303:2:303:10":22,"s:304:2:304:7":23,"s:305:2:305:7":24,"s:306:2:306:8":25,"s:307:2:307:8":26,"s:308:2:308:13":27,"s:309:2:309:15":28,"s:310:2:310:7":29,"s:301:12:301:Infinity":30,"b:301:12:301:Infinity:301:12:301:Infinity":3,"s:364:7:364:Infinity":31,"f:364:7:364:12":4,"s:365:2:365:9":32,"s:366:2:366:12":33,"s:367:2:367:12":34,"s:368:2:368:10":35,"s:369:2:369:14":36,"s:364:12:364:Infinity":37,"b:364:12:364:Infinity:364:12:364:Infinity":4,"s:373:7:373:Infinity":38,"f:373:7:373:12":5,"s:374:2:374:9":39,"s:375:2:375:15":40,"s:373:12:373:Infinity":41,"b:373:12:373:Infinity:373:12:373:Infinity":5,"s:379:7:379:Infinity":42,"f:379:7:379:12":6,"s:380:2:380:10":43,"s:381:2:381:9":44,"s:382:2:382:9":45,"s:383:2:383:11":46,"s:379:12:379:Infinity":47,"b:379:12:379:Infinity:379:12:379:Infinity":6}}}
,"/Users/mgild/projects/org-asm/react/WasmErrorBoundary.ts": {"path":"/Users/mgild/projects/org-asm/react/WasmErrorBoundary.ts","statementMap":{"0":{"start":{"line":65,"column":10},"end":{"line":68,"column":null}},"1":{"start":{"line":53,"column":4},"end":{"line":53,"column":null}},"2":{"start":{"line":54,"column":4},"end":{"line":54,"column":null}},"3":{"start":{"line":58,"column":4},"end":{"line":58,"column":null}},"4":{"start":{"line":62,"column":4},"end":{"line":62,"column":null}},"5":{"start":{"line":66,"column":4},"end":{"line":66,"column":null}},"6":{"start":{"line":67,"column":4},"end":{"line":67,"column":null}},"7":{"start":{"line":71,"column":22},"end":{"line":71,"column":null}},"8":{"start":{"line":72,"column":4},"end":{"line":78,"column":null}},"9":{"start":{"line":73,"column":27},"end":{"line":73,"column":null}},"10":{"start":{"line":74,"column":6},"end":{"line":76,"column":null}},"11":{"start":{"line":75,"column":8},"end":{"line":75,"column":null}},"12":{"start":{"line":77,"column":6},"end":{"line":77,"column":null}},"13":{"start":{"line":79,"column":4},"end":{"line":79,"column":null}}},"fnMap":{"0":{"name":"(anonymous_0)","decl":{"start":{"line":52,"column":2},"end":{"line":52,"column":14}},"loc":{"start":{"line":52,"column":45},"end":{"line":55,"column":null}},"line":52},"1":{"name":"(anonymous_1)","decl":{"start":{"line":57,"column":9},"end":{"line":57,"column":34}},"loc":{"start":{"line":57,"column":55},"end":{"line":59,"column":null}},"line":57},"2":{"name":"(anonymous_2)","decl":{"start":{"line":61,"column":2},"end":{"line":61,"column":20}},"loc":{"start":{"line":61,"column":62},"end":{"line":63,"column":null}},"line":61},"3":{"name":"(anonymous_3)","decl":{"start":{"line":65,"column":10},"end":{"line":65,"column":22}},"loc":{"start":{"line":65,"column":22},"end":{"line":68,"column":null}},"line":65},"4":{"name":"(anonymous_4)","decl":{"start":{"line":70,"column":2},"end":{"line":70,"column":22}},"loc":{"start":{"line":70,"column":22},"end":{"line":80,"column":null}},"line":70}},"branchMap":{"0":{"loc":{"start":{"line":72,"column":4},"end":{"line":78,"column":null}},"type":"if","locations":[{"start":{"line":72,"column":4},"end":{"line":78,"column":null}},{"start":{},"end":{}}],"line":72},"1":{"loc":{"start":{"line":74,"column":6},"end":{"line":76,"column":null}},"type":"if","locations":[{"start":{"line":74,"column":6},"end":{"line":76,"column":null}},{"start":{},"end":{}}],"line":74}},"s":{"0":2,"1":12,"2":12,"3":10,"4":5,"5":2,"6":2,"7":23,"8":23,"9":10,"10":10,"11":6,"12":4,"13":13},"f":{"0":12,"1":1,"2":5,"3":2,"4":23},"b":{"0":[10,13],"1":[6,4]},"meta":{"lastBranch":2,"lastFunction":5,"lastStatement":14,"seen":{"s:65:10:68:Infinity":0,"f:52:2:52:14":0,"s:53:4:53:Infinity":1,"s:54:4:54:Infinity":2,"f:57:9:57:34":1,"s:58:4:58:Infinity":3,"f:61:2:61:20":2,"s:62:4:62:Infinity":4,"f:65:10:65:22":3,"s:66:4:66:Infinity":5,"s:67:4:67:Infinity":6,"f:70:2:70:22":4,"s:71:22:71:Infinity":7,"b:72:4:78:Infinity:undefined:undefined:undefined:undefined":0,"s:72:4:78:Infinity":8,"s:73:27:73:Infinity":9,"b:74:6:76:Infinity:undefined:undefined:undefined:undefined":1,"s:74:6:76:Infinity":10,"s:75:8:75:Infinity":11,"s:77:6:77:Infinity":12,"s:79:4:79:Infinity":13}}}
,"/Users/mgild/projects/org-asm/react/createApiContext.ts": {"path":"/Users/mgild/projects/org-asm/react/createApiContext.ts","statementMap":{"0":{"start":{"line":45,"column":8},"end":{"line":45,"column":null}},"1":{"start":{"line":48,"column":10},"end":{"line":48,"column":null}},"2":{"start":{"line":49,"column":4},"end":{"line":51,"column":null}},"3":{"start":{"line":50,"column":6},"end":{"line":50,"column":null}},"4":{"start":{"line":52,"column":4},"end":{"line":52,"column":null}},"5":{"start":{"line":56,"column":10},"end":{"line":56,"column":null}},"6":{"start":{"line":57,"column":4},"end":{"line":57,"column":null}},"7":{"start":{"line":61,"column":10},"end":{"line":61,"column":null}},"8":{"start":{"line":62,"column":4},"end":{"line":62,"column":null}},"9":{"start":{"line":66,"column":10},"end":{"line":66,"column":null}},"10":{"start":{"line":67,"column":4},"end":{"line":67,"column":null}},"11":{"start":{"line":70,"column":2},"end":{"line":70,"column":null}}},"fnMap":{"0":{"name":"createApiContext","decl":{"start":{"line":44,"column":16},"end":{"line":44,"column":77}},"loc":{"start":{"line":44,"column":77},"end":{"line":71,"column":null}},"line":44},"1":{"name":"useApi","decl":{"start":{"line":47,"column":11},"end":{"line":47,"column":34}},"loc":{"start":{"line":47,"column":34},"end":{"line":53,"column":null}},"line":47},"2":{"name":"useApiStatus","decl":{"start":{"line":55,"column":11},"end":{"line":55,"column":36}},"loc":{"start":{"line":55,"column":36},"end":{"line":58,"column":null}},"line":55},"3":{"name":"useRequest","decl":{"start":{"line":60,"column":11},"end":{"line":60,"column":22}},"loc":{"start":{"line":60,"column":55},"end":{"line":63,"column":null}},"line":60},"4":{"name":"ApiProvider","decl":{"start":{"line":65,"column":11},"end":{"line":65,"column":23}},"loc":{"start":{"line":65,"column":77},"end":{"line":68,"column":null}},"line":65}},"branchMap":{"0":{"loc":{"start":{"line":49,"column":4},"end":{"line":51,"column":null}},"type":"if","locations":[{"start":{"line":49,"column":4},"end":{"line":51,"column":null}},{"start":{},"end":{}}],"line":49}},"s":{"0":9,"1":6,"2":6,"3":2,"4":4,"5":5,"6":5,"7":4,"8":4,"9":7,"10":7,"11":9},"f":{"0":9,"1":6,"2":5,"3":4,"4":7},"b":{"0":[2,4]},"meta":{"lastBranch":1,"lastFunction":5,"lastStatement":12,"seen":{"f:44:16:44:77":0,"s:45:8:45:Infinity":0,"f:47:11:47:34":1,"s:48:10:48:Infinity":1,"b:49:4:51:Infinity:undefined:undefined:undefined:undefined":0,"s:49:4:51:Infinity":2,"s:50:6:50:Infinity":3,"s:52:4:52:Infinity":4,"f:55:11:55:36":2,"s:56:10:56:Infinity":5,"s:57:4:57:Infinity":6,"f:60:11:60:22":3,"s:61:10:61:Infinity":7,"s:62:4:62:Infinity":8,"f:65:11:65:23":4,"s:66:10:66:Infinity":9,"s:67:4:67:Infinity":10,"s:70:2:70:Infinity":11}}}
,"/Users/mgild/projects/org-asm/react/createAuthContext.ts": {"path":"/Users/mgild/projects/org-asm/react/createAuthContext.ts","statementMap":{"0":{"start":{"line":44,"column":8},"end":{"line":44,"column":null}},"1":{"start":{"line":47,"column":10},"end":{"line":47,"column":null}},"2":{"start":{"line":48,"column":4},"end":{"line":50,"column":null}},"3":{"start":{"line":49,"column":6},"end":{"line":49,"column":null}},"4":{"start":{"line":51,"column":4},"end":{"line":51,"column":null}},"5":{"start":{"line":55,"column":10},"end":{"line":55,"column":null}},"6":{"start":{"line":56,"column":4},"end":{"line":56,"column":null}},"7":{"start":{"line":60,"column":10},"end":{"line":60,"column":null}},"8":{"start":{"line":61,"column":4},"end":{"line":61,"column":null}},"9":{"start":{"line":65,"column":10},"end":{"line":65,"column":null}},"10":{"start":{"line":66,"column":4},"end":{"line":66,"column":null}},"11":{"start":{"line":70,"column":10},"end":{"line":70,"column":null}},"12":{"start":{"line":71,"column":4},"end":{"line":71,"column":null}},"13":{"start":{"line":74,"column":2},"end":{"line":74,"column":null}}},"fnMap":{"0":{"name":"createAuthContext","decl":{"start":{"line":43,"column":16},"end":{"line":43,"column":80}},"loc":{"start":{"line":43,"column":80},"end":{"line":75,"column":null}},"line":43},"1":{"name":"useAuth","decl":{"start":{"line":46,"column":11},"end":{"line":46,"column":36}},"loc":{"start":{"line":46,"column":36},"end":{"line":52,"column":null}},"line":46},"2":{"name":"usePermission","decl":{"start":{"line":54,"column":11},"end":{"line":54,"column":25}},"loc":{"start":{"line":54,"column":56},"end":{"line":57,"column":null}},"line":54},"3":{"name":"useRole","decl":{"start":{"line":59,"column":11},"end":{"line":59,"column":19}},"loc":{"start":{"line":59,"column":44},"end":{"line":62,"column":null}},"line":59},"4":{"name":"useAuthStatus","decl":{"start":{"line":64,"column":11},"end":{"line":64,"column":38}},"loc":{"start":{"line":64,"column":38},"end":{"line":67,"column":null}},"line":64},"5":{"name":"AuthProvider","decl":{"start":{"line":69,"column":11},"end":{"line":69,"column":24}},"loc":{"start":{"line":69,"column":79},"end":{"line":72,"column":null}},"line":69}},"branchMap":{"0":{"loc":{"start":{"line":48,"column":4},"end":{"line":50,"column":null}},"type":"if","locations":[{"start":{"line":48,"column":4},"end":{"line":50,"column":null}},{"start":{},"end":{}}],"line":48}},"s":{"0":11,"1":5,"2":5,"3":2,"4":3,"5":5,"6":5,"7":2,"8":2,"9":4,"10":4,"11":7,"12":7,"13":11},"f":{"0":11,"1":5,"2":5,"3":2,"4":4,"5":7},"b":{"0":[2,3]},"meta":{"lastBranch":1,"lastFunction":6,"lastStatement":14,"seen":{"f:43:16:43:80":0,"s:44:8:44:Infinity":0,"f:46:11:46:36":1,"s:47:10:47:Infinity":1,"b:48:4:50:Infinity:undefined:undefined:undefined:undefined":0,"s:48:4:50:Infinity":2,"s:49:6:49:Infinity":3,"s:51:4:51:Infinity":4,"f:54:11:54:25":2,"s:55:10:55:Infinity":5,"s:56:4:56:Infinity":6,"f:59:11:59:19":3,"s:60:10:60:Infinity":7,"s:61:4:61:Infinity":8,"f:64:11:64:38":4,"s:65:10:65:Infinity":9,"s:66:4:66:Infinity":10,"f:69:11:69:24":5,"s:70:10:70:Infinity":11,"s:71:4:71:Infinity":12,"s:74:2:74:Infinity":13}}}
,"/Users/mgild/projects/org-asm/react/createFormContext.ts": {"path":"/Users/mgild/projects/org-asm/react/createFormContext.ts","statementMap":{"0":{"start":{"line":45,"column":8},"end":{"line":45,"column":null}},"1":{"start":{"line":48,"column":10},"end":{"line":48,"column":null}},"2":{"start":{"line":49,"column":4},"end":{"line":51,"column":null}},"3":{"start":{"line":50,"column":6},"end":{"line":50,"column":null}},"4":{"start":{"line":52,"column":4},"end":{"line":52,"column":null}},"5":{"start":{"line":56,"column":10},"end":{"line":56,"column":null}},"6":{"start":{"line":57,"column":4},"end":{"line":57,"column":null}},"7":{"start":{"line":61,"column":10},"end":{"line":61,"column":null}},"8":{"start":{"line":62,"column":4},"end":{"line":62,"column":null}},"9":{"start":{"line":66,"column":10},"end":{"line":66,"column":null}},"10":{"start":{"line":67,"column":4},"end":{"line":67,"column":null}},"11":{"start":{"line":70,"column":2},"end":{"line":70,"column":null}}},"fnMap":{"0":{"name":"createFormContext","decl":{"start":{"line":44,"column":16},"end":{"line":44,"column":80}},"loc":{"start":{"line":44,"column":80},"end":{"line":71,"column":null}},"line":44},"1":{"name":"useForm","decl":{"start":{"line":47,"column":11},"end":{"line":47,"column":36}},"loc":{"start":{"line":47,"column":36},"end":{"line":53,"column":null}},"line":47},"2":{"name":"useField","decl":{"start":{"line":55,"column":11},"end":{"line":55,"column":20}},"loc":{"start":{"line":55,"column":46},"end":{"line":58,"column":null}},"line":55},"3":{"name":"useFormStatus","decl":{"start":{"line":60,"column":11},"end":{"line":60,"column":38}},"loc":{"start":{"line":60,"column":38},"end":{"line":63,"column":null}},"line":60},"4":{"name":"FormProvider","decl":{"start":{"line":65,"column":11},"end":{"line":65,"column":24}},"loc":{"start":{"line":65,"column":79},"end":{"line":68,"column":null}},"line":65}},"branchMap":{"0":{"loc":{"start":{"line":49,"column":4},"end":{"line":51,"column":null}},"type":"if","locations":[{"start":{"line":49,"column":4},"end":{"line":51,"column":null}},{"start":{},"end":{}}],"line":49}},"s":{"0":9,"1":5,"2":5,"3":2,"4":3,"5":5,"6":5,"7":4,"8":4,"9":6,"10":6,"11":9},"f":{"0":9,"1":5,"2":5,"3":4,"4":6},"b":{"0":[2,3]},"meta":{"lastBranch":1,"lastFunction":5,"lastStatement":12,"seen":{"f:44:16:44:80":0,"s:45:8:45:Infinity":0,"f:47:11:47:36":1,"s:48:10:48:Infinity":1,"b:49:4:51:Infinity:undefined:undefined:undefined:undefined":0,"s:49:4:51:Infinity":2,"s:50:6:50:Infinity":3,"s:52:4:52:Infinity":4,"f:55:11:55:20":2,"s:56:10:56:Infinity":5,"s:57:4:57:Infinity":6,"f:60:11:60:38":3,"s:61:10:61:Infinity":7,"s:62:4:62:Infinity":8,"f:65:11:65:24":4,"s:66:10:66:Infinity":9,"s:67:4:67:Infinity":10,"s:70:2:70:Infinity":11}}}
,"/Users/mgild/projects/org-asm/react/createHistoryContext.ts": {"path":"/Users/mgild/projects/org-asm/react/createHistoryContext.ts","statementMap":{"0":{"start":{"line":44,"column":8},"end":{"line":44,"column":null}},"1":{"start":{"line":47,"column":10},"end":{"line":47,"column":null}},"2":{"start":{"line":48,"column":4},"end":{"line":50,"column":null}},"3":{"start":{"line":49,"column":6},"end":{"line":49,"column":null}},"4":{"start":{"line":51,"column":4},"end":{"line":51,"column":null}},"5":{"start":{"line":55,"column":10},"end":{"line":55,"column":null}},"6":{"start":{"line":56,"column":4},"end":{"line":56,"column":null}},"7":{"start":{"line":60,"column":10},"end":{"line":60,"column":null}},"8":{"start":{"line":61,"column":4},"end":{"line":61,"column":null}},"9":{"start":{"line":65,"column":10},"end":{"line":65,"column":null}},"10":{"start":{"line":66,"column":4},"end":{"line":66,"column":null}},"11":{"start":{"line":70,"column":10},"end":{"line":70,"column":null}},"12":{"start":{"line":71,"column":4},"end":{"line":71,"column":null}},"13":{"start":{"line":74,"column":2},"end":{"line":74,"column":null}}},"fnMap":{"0":{"name":"createHistoryContext","decl":{"start":{"line":43,"column":16},"end":{"line":43,"column":89}},"loc":{"start":{"line":43,"column":89},"end":{"line":75,"column":null}},"line":43},"1":{"name":"useHistory","decl":{"start":{"line":46,"column":11},"end":{"line":46,"column":42}},"loc":{"start":{"line":46,"column":42},"end":{"line":52,"column":null}},"line":46},"2":{"name":"useUndoItem","decl":{"start":{"line":54,"column":11},"end":{"line":54,"column":23}},"loc":{"start":{"line":54,"column":52},"end":{"line":57,"column":null}},"line":54},"3":{"name":"useRedoItem","decl":{"start":{"line":59,"column":11},"end":{"line":59,"column":23}},"loc":{"start":{"line":59,"column":52},"end":{"line":62,"column":null}},"line":59},"4":{"name":"useHistoryStatus","decl":{"start":{"line":64,"column":11},"end":{"line":64,"column":44}},"loc":{"start":{"line":64,"column":44},"end":{"line":67,"column":null}},"line":64},"5":{"name":"HistoryProvider","decl":{"start":{"line":69,"column":11},"end":{"line":69,"column":27}},"loc":{"start":{"line":69,"column":85},"end":{"line":72,"column":null}},"line":69}},"branchMap":{"0":{"loc":{"start":{"line":48,"column":4},"end":{"line":50,"column":null}},"type":"if","locations":[{"start":{"line":48,"column":4},"end":{"line":50,"column":null}},{"start":{},"end":{}}],"line":48}},"s":{"0":11,"1":5,"2":5,"3":2,"4":3,"5":5,"6":5,"7":2,"8":2,"9":4,"10":4,"11":7,"12":7,"13":11},"f":{"0":11,"1":5,"2":5,"3":2,"4":4,"5":7},"b":{"0":[2,3]},"meta":{"lastBranch":1,"lastFunction":6,"lastStatement":14,"seen":{"f:43:16:43:89":0,"s:44:8:44:Infinity":0,"f:46:11:46:42":1,"s:47:10:47:Infinity":1,"b:48:4:50:Infinity:undefined:undefined:undefined:undefined":0,"s:48:4:50:Infinity":2,"s:49:6:49:Infinity":3,"s:51:4:51:Infinity":4,"f:54:11:54:23":2,"s:55:10:55:Infinity":5,"s:56:4:56:Infinity":6,"f:59:11:59:23":3,"s:60:10:60:Infinity":7,"s:61:4:61:Infinity":8,"f:64:11:64:44":4,"s:65:10:65:Infinity":9,"s:66:4:66:Infinity":10,"f:69:11:69:27":5,"s:70:10:70:Infinity":11,"s:71:4:71:Infinity":12,"s:74:2:74:Infinity":13}}}
,"/Users/mgild/projects/org-asm/react/createIntlContext.ts": {"path":"/Users/mgild/projects/org-asm/react/createIntlContext.ts","statementMap":{"0":{"start":{"line":45,"column":8},"end":{"line":45,"column":null}},"1":{"start":{"line":48,"column":10},"end":{"line":48,"column":null}},"2":{"start":{"line":49,"column":4},"end":{"line":51,"column":null}},"3":{"start":{"line":50,"column":6},"end":{"line":50,"column":null}},"4":{"start":{"line":52,"column":4},"end":{"line":52,"column":null}},"5":{"start":{"line":56,"column":10},"end":{"line":56,"column":null}},"6":{"start":{"line":57,"column":4},"end":{"line":57,"column":null}},"7":{"start":{"line":61,"column":10},"end":{"line":61,"column":null}},"8":{"start":{"line":62,"column":4},"end":{"line":62,"column":null}},"9":{"start":{"line":66,"column":10},"end":{"line":66,"column":null}},"10":{"start":{"line":67,"column":4},"end":{"line":67,"column":null}},"11":{"start":{"line":70,"column":2},"end":{"line":70,"column":null}}},"fnMap":{"0":{"name":"createIntlContext","decl":{"start":{"line":44,"column":16},"end":{"line":44,"column":80}},"loc":{"start":{"line":44,"column":80},"end":{"line":71,"column":null}},"line":44},"1":{"name":"useIntl","decl":{"start":{"line":47,"column":11},"end":{"line":47,"column":36}},"loc":{"start":{"line":47,"column":36},"end":{"line":53,"column":null}},"line":47},"2":{"name":"useIntlStatus","decl":{"start":{"line":55,"column":11},"end":{"line":55,"column":38}},"loc":{"start":{"line":55,"column":38},"end":{"line":58,"column":null}},"line":55},"3":{"name":"useTranslation","decl":{"start":{"line":60,"column":11},"end":{"line":60,"column":26}},"loc":{"start":{"line":60,"column":57},"end":{"line":63,"column":null}},"line":60},"4":{"name":"IntlProvider","decl":{"start":{"line":65,"column":11},"end":{"line":65,"column":24}},"loc":{"start":{"line":65,"column":79},"end":{"line":68,"column":null}},"line":65}},"branchMap":{"0":{"loc":{"start":{"line":49,"column":4},"end":{"line":51,"column":null}},"type":"if","locations":[{"start":{"line":49,"column":4},"end":{"line":51,"column":null}},{"start":{},"end":{}}],"line":49}},"s":{"0":9,"1":6,"2":6,"3":2,"4":4,"5":5,"6":5,"7":6,"8":6,"9":6,"10":6,"11":9},"f":{"0":9,"1":6,"2":5,"3":6,"4":6},"b":{"0":[2,4]},"meta":{"lastBranch":1,"lastFunction":5,"lastStatement":12,"seen":{"f:44:16:44:80":0,"s:45:8:45:Infinity":0,"f:47:11:47:36":1,"s:48:10:48:Infinity":1,"b:49:4:51:Infinity:undefined:undefined:undefined:undefined":0,"s:49:4:51:Infinity":2,"s:50:6:50:Infinity":3,"s:52:4:52:Infinity":4,"f:55:11:55:38":2,"s:56:10:56:Infinity":5,"s:57:4:57:Infinity":6,"f:60:11:60:26":3,"s:61:10:61:Infinity":7,"s:62:4:62:Infinity":8,"f:65:11:65:24":4,"s:66:10:66:Infinity":9,"s:67:4:67:Infinity":10,"s:70:2:70:Infinity":11}}}
,"/Users/mgild/projects/org-asm/react/createRouterContext.ts": {"path":"/Users/mgild/projects/org-asm/react/createRouterContext.ts","statementMap":{"0":{"start":{"line":42,"column":8},"end":{"line":42,"column":null}},"1":{"start":{"line":45,"column":10},"end":{"line":45,"column":null}},"2":{"start":{"line":46,"column":4},"end":{"line":48,"column":null}},"3":{"start":{"line":47,"column":6},"end":{"line":47,"column":null}},"4":{"start":{"line":49,"column":4},"end":{"line":49,"column":null}},"5":{"start":{"line":53,"column":10},"end":{"line":53,"column":null}},"6":{"start":{"line":54,"column":4},"end":{"line":54,"column":null}},"7":{"start":{"line":58,"column":10},"end":{"line":58,"column":null}},"8":{"start":{"line":59,"column":4},"end":{"line":59,"column":null}},"9":{"start":{"line":63,"column":10},"end":{"line":63,"column":null}},"10":{"start":{"line":64,"column":4},"end":{"line":64,"column":null}},"11":{"start":{"line":67,"column":2},"end":{"line":67,"column":null}}},"fnMap":{"0":{"name":"createRouterContext","decl":{"start":{"line":41,"column":16},"end":{"line":41,"column":86}},"loc":{"start":{"line":41,"column":86},"end":{"line":68,"column":null}},"line":41},"1":{"name":"useRouter","decl":{"start":{"line":44,"column":11},"end":{"line":44,"column":40}},"loc":{"start":{"line":44,"column":40},"end":{"line":50,"column":null}},"line":44},"2":{"name":"useRoute","decl":{"start":{"line":52,"column":11},"end":{"line":52,"column":34}},"loc":{"start":{"line":52,"column":34},"end":{"line":55,"column":null}},"line":52},"3":{"name":"useRouteMatch","decl":{"start":{"line":57,"column":11},"end":{"line":57,"column":25}},"loc":{"start":{"line":57,"column":54},"end":{"line":60,"column":null}},"line":57},"4":{"name":"RouterProvider","decl":{"start":{"line":62,"column":11},"end":{"line":62,"column":26}},"loc":{"start":{"line":62,"column":83},"end":{"line":65,"column":null}},"line":62}},"branchMap":{"0":{"loc":{"start":{"line":46,"column":4},"end":{"line":48,"column":null}},"type":"if","locations":[{"start":{"line":46,"column":4},"end":{"line":48,"column":null}},{"start":{},"end":{}}],"line":46}},"s":{"0":9,"1":5,"2":5,"3":2,"4":3,"5":5,"6":5,"7":4,"8":4,"9":6,"10":6,"11":9},"f":{"0":9,"1":5,"2":5,"3":4,"4":6},"b":{"0":[2,3]},"meta":{"lastBranch":1,"lastFunction":5,"lastStatement":12,"seen":{"f:41:16:41:86":0,"s:42:8:42:Infinity":0,"f:44:11:44:40":1,"s:45:10:45:Infinity":1,"b:46:4:48:Infinity:undefined:undefined:undefined:undefined":0,"s:46:4:48:Infinity":2,"s:47:6:47:Infinity":3,"s:49:4:49:Infinity":4,"f:52:11:52:34":2,"s:53:10:53:Infinity":5,"s:54:4:54:Infinity":6,"f:57:11:57:25":3,"s:58:10:58:Infinity":7,"s:59:4:59:Infinity":8,"f:62:11:62:26":4,"s:63:10:63:Infinity":9,"s:64:4:64:Infinity":10,"s:67:2:67:Infinity":11}}}
,"/Users/mgild/projects/org-asm/react/createSearchContext.ts": {"path":"/Users/mgild/projects/org-asm/react/createSearchContext.ts","statementMap":{"0":{"start":{"line":45,"column":8},"end":{"line":45,"column":null}},"1":{"start":{"line":48,"column":10},"end":{"line":48,"column":null}},"2":{"start":{"line":49,"column":4},"end":{"line":51,"column":null}},"3":{"start":{"line":50,"column":6},"end":{"line":50,"column":null}},"4":{"start":{"line":52,"column":4},"end":{"line":52,"column":null}},"5":{"start":{"line":56,"column":10},"end":{"line":56,"column":null}},"6":{"start":{"line":57,"column":4},"end":{"line":57,"column":null}},"7":{"start":{"line":61,"column":10},"end":{"line":61,"column":null}},"8":{"start":{"line":62,"column":4},"end":{"line":62,"column":null}},"9":{"start":{"line":66,"column":10},"end":{"line":66,"column":null}},"10":{"start":{"line":67,"column":4},"end":{"line":67,"column":null}},"11":{"start":{"line":70,"column":2},"end":{"line":70,"column":null}}},"fnMap":{"0":{"name":"createSearchContext","decl":{"start":{"line":44,"column":16},"end":{"line":44,"column":86}},"loc":{"start":{"line":44,"column":86},"end":{"line":71,"column":null}},"line":44},"1":{"name":"useSearch","decl":{"start":{"line":47,"column":11},"end":{"line":47,"column":40}},"loc":{"start":{"line":47,"column":40},"end":{"line":53,"column":null}},"line":47},"2":{"name":"useSearchStatus","decl":{"start":{"line":55,"column":11},"end":{"line":55,"column":42}},"loc":{"start":{"line":55,"column":42},"end":{"line":58,"column":null}},"line":55},"3":{"name":"useSearchResult","decl":{"start":{"line":60,"column":11},"end":{"line":60,"column":27}},"loc":{"start":{"line":60,"column":56},"end":{"line":63,"column":null}},"line":60},"4":{"name":"SearchProvider","decl":{"start":{"line":65,"column":11},"end":{"line":65,"column":26}},"loc":{"start":{"line":65,"column":83},"end":{"line":68,"column":null}},"line":65}},"branchMap":{"0":{"loc":{"start":{"line":49,"column":4},"end":{"line":51,"column":null}},"type":"if","locations":[{"start":{"line":49,"column":4},"end":{"line":51,"column":null}},{"start":{},"end":{}}],"line":49}},"s":{"0":9,"1":6,"2":6,"3":2,"4":4,"5":5,"6":5,"7":6,"8":6,"9":6,"10":6,"11":9},"f":{"0":9,"1":6,"2":5,"3":6,"4":6},"b":{"0":[2,4]},"meta":{"lastBranch":1,"lastFunction":5,"lastStatement":12,"seen":{"f:44:16:44:86":0,"s:45:8:45:Infinity":0,"f:47:11:47:40":1,"s:48:10:48:Infinity":1,"b:49:4:51:Infinity:undefined:undefined:undefined:undefined":0,"s:49:4:51:Infinity":2,"s:50:6:50:Infinity":3,"s:52:4:52:Infinity":4,"f:55:11:55:42":2,"s:56:10:56:Infinity":5,"s:57:4:57:Infinity":6,"f:60:11:60:27":3,"s:61:10:61:Infinity":7,"s:62:4:62:Infinity":8,"f:65:11:65:26":4,"s:66:10:66:Infinity":9,"s:67:4:67:Infinity":10,"s:70:2:70:Infinity":11}}}
,"/Users/mgild/projects/org-asm/react/createStateMachineContext.ts": {"path":"/Users/mgild/projects/org-asm/react/createStateMachineContext.ts","statementMap":{"0":{"start":{"line":42,"column":8},"end":{"line":42,"column":null}},"1":{"start":{"line":45,"column":10},"end":{"line":45,"column":null}},"2":{"start":{"line":46,"column":4},"end":{"line":48,"column":null}},"3":{"start":{"line":47,"column":6},"end":{"line":47,"column":null}},"4":{"start":{"line":49,"column":4},"end":{"line":49,"column":null}},"5":{"start":{"line":53,"column":10},"end":{"line":53,"column":null}},"6":{"start":{"line":54,"column":4},"end":{"line":54,"column":null}},"7":{"start":{"line":58,"column":10},"end":{"line":58,"column":null}},"8":{"start":{"line":59,"column":4},"end":{"line":59,"column":null}},"9":{"start":{"line":63,"column":10},"end":{"line":63,"column":null}},"10":{"start":{"line":64,"column":4},"end":{"line":64,"column":null}},"11":{"start":{"line":67,"column":2},"end":{"line":67,"column":null}}},"fnMap":{"0":{"name":"createStateMachineContext","decl":{"start":{"line":41,"column":16},"end":{"line":41,"column":104}},"loc":{"start":{"line":41,"column":104},"end":{"line":68,"column":null}},"line":41},"1":{"name":"useStateMachine","decl":{"start":{"line":44,"column":11},"end":{"line":44,"column":52}},"loc":{"start":{"line":44,"column":52},"end":{"line":50,"column":null}},"line":44},"2":{"name":"useStateMachineStatus","decl":{"start":{"line":52,"column":11},"end":{"line":52,"column":54}},"loc":{"start":{"line":52,"column":54},"end":{"line":55,"column":null}},"line":52},"3":{"name":"useStateMatch","decl":{"start":{"line":57,"column":11},"end":{"line":57,"column":25}},"loc":{"start":{"line":57,"column":54},"end":{"line":60,"column":null}},"line":57},"4":{"name":"StateMachineProvider","decl":{"start":{"line":62,"column":11},"end":{"line":62,"column":32}},"loc":{"start":{"line":62,"column":95},"end":{"line":65,"column":null}},"line":62}},"branchMap":{"0":{"loc":{"start":{"line":46,"column":4},"end":{"line":48,"column":null}},"type":"if","locations":[{"start":{"line":46,"column":4},"end":{"line":48,"column":null}},{"start":{},"end":{}}],"line":46}},"s":{"0":9,"1":5,"2":5,"3":2,"4":3,"5":5,"6":5,"7":4,"8":4,"9":6,"10":6,"11":9},"f":{"0":9,"1":5,"2":5,"3":4,"4":6},"b":{"0":[2,3]},"meta":{"lastBranch":1,"lastFunction":5,"lastStatement":12,"seen":{"f:41:16:41:104":0,"s:42:8:42:Infinity":0,"f:44:11:44:52":1,"s:45:10:45:Infinity":1,"b:46:4:48:Infinity:undefined:undefined:undefined:undefined":0,"s:46:4:48:Infinity":2,"s:47:6:47:Infinity":3,"s:49:4:49:Infinity":4,"f:52:11:52:54":2,"s:53:10:53:Infinity":5,"s:54:4:54:Infinity":6,"f:57:11:57:25":3,"s:58:10:58:Infinity":7,"s:59:4:59:Infinity":8,"f:62:11:62:32":4,"s:63:10:63:Infinity":9,"s:64:4:64:Infinity":10,"s:67:2:67:Infinity":11}}}
,"/Users/mgild/projects/org-asm/react/createTableContext.ts": {"path":"/Users/mgild/projects/org-asm/react/createTableContext.ts","statementMap":{"0":{"start":{"line":49,"column":8},"end":{"line":49,"column":null}},"1":{"start":{"line":52,"column":10},"end":{"line":52,"column":null}},"2":{"start":{"line":53,"column":4},"end":{"line":55,"column":null}},"3":{"start":{"line":54,"column":6},"end":{"line":54,"column":null}},"4":{"start":{"line":56,"column":4},"end":{"line":56,"column":null}},"5":{"start":{"line":60,"column":10},"end":{"line":60,"column":null}},"6":{"start":{"line":61,"column":4},"end":{"line":61,"column":null}},"7":{"start":{"line":65,"column":10},"end":{"line":65,"column":null}},"8":{"start":{"line":66,"column":4},"end":{"line":66,"column":null}},"9":{"start":{"line":70,"column":10},"end":{"line":70,"column":null}},"10":{"start":{"line":71,"column":4},"end":{"line":71,"column":null}},"11":{"start":{"line":75,"column":10},"end":{"line":75,"column":null}},"12":{"start":{"line":76,"column":4},"end":{"line":76,"column":null}},"13":{"start":{"line":79,"column":2},"end":{"line":79,"column":null}}},"fnMap":{"0":{"name":"createTableContext","decl":{"start":{"line":48,"column":16},"end":{"line":48,"column":83}},"loc":{"start":{"line":48,"column":83},"end":{"line":80,"column":null}},"line":48},"1":{"name":"useTable","decl":{"start":{"line":51,"column":11},"end":{"line":51,"column":38}},"loc":{"start":{"line":51,"column":38},"end":{"line":57,"column":null}},"line":51},"2":{"name":"useRow","decl":{"start":{"line":59,"column":11},"end":{"line":59,"column":18}},"loc":{"start":{"line":59,"column":46},"end":{"line":62,"column":null}},"line":59},"3":{"name":"useCell","decl":{"start":{"line":64,"column":11},"end":{"line":64,"column":19}},"loc":{"start":{"line":64,"column":64},"end":{"line":67,"column":null}},"line":64},"4":{"name":"useTableStatus","decl":{"start":{"line":69,"column":11},"end":{"line":69,"column":40}},"loc":{"start":{"line":69,"column":40},"end":{"line":72,"column":null}},"line":69},"5":{"name":"TableProvider","decl":{"start":{"line":74,"column":11},"end":{"line":74,"column":25}},"loc":{"start":{"line":74,"column":93},"end":{"line":77,"column":null}},"line":74}},"branchMap":{"0":{"loc":{"start":{"line":53,"column":4},"end":{"line":55,"column":null}},"type":"if","locations":[{"start":{"line":53,"column":4},"end":{"line":55,"column":null}},{"start":{},"end":{}}],"line":53}},"s":{"0":11,"1":6,"2":6,"3":2,"4":4,"5":6,"6":6,"7":5,"8":5,"9":5,"10":5,"11":7,"12":7,"13":11},"f":{"0":11,"1":6,"2":6,"3":5,"4":5,"5":7},"b":{"0":[2,4]},"meta":{"lastBranch":1,"lastFunction":6,"lastStatement":14,"seen":{"f:48:16:48:83":0,"s:49:8:49:Infinity":0,"f:51:11:51:38":1,"s:52:10:52:Infinity":1,"b:53:4:55:Infinity:undefined:undefined:undefined:undefined":0,"s:53:4:55:Infinity":2,"s:54:6:54:Infinity":3,"s:56:4:56:Infinity":4,"f:59:11:59:18":2,"s:60:10:60:Infinity":5,"s:61:4:61:Infinity":6,"f:64:11:64:19":3,"s:65:10:65:Infinity":7,"s:66:4:66:Infinity":8,"f:69:11:69:40":4,"s:70:10:70:Infinity":9,"s:71:4:71:Infinity":10,"f:74:11:74:25":5,"s:75:10:75:Infinity":11,"s:76:4:76:Infinity":12,"s:79:2:79:Infinity":13}}}
,"/Users/mgild/projects/org-asm/react/createWasmContext.ts": {"path":"/Users/mgild/projects/org-asm/react/createWasmContext.ts","statementMap":{"0":{"start":{"line":51,"column":8},"end":{"line":51,"column":null}},"1":{"start":{"line":52,"column":8},"end":{"line":52,"column":null}},"2":{"start":{"line":55,"column":10},"end":{"line":55,"column":null}},"3":{"start":{"line":56,"column":4},"end":{"line":58,"column":null}},"4":{"start":{"line":57,"column":6},"end":{"line":57,"column":null}},"5":{"start":{"line":59,"column":4},"end":{"line":59,"column":null}},"6":{"start":{"line":63,"column":10},"end":{"line":63,"column":null}},"7":{"start":{"line":64,"column":4},"end":{"line":66,"column":null}},"8":{"start":{"line":65,"column":6},"end":{"line":65,"column":null}},"9":{"start":{"line":67,"column":4},"end":{"line":67,"column":null}},"10":{"start":{"line":71,"column":4},"end":{"line":75,"column":null}},"11":{"start":{"line":78,"column":2},"end":{"line":78,"column":null}}},"fnMap":{"0":{"name":"createWasmContext","decl":{"start":{"line":50,"column":16},"end":{"line":50,"column":60}},"loc":{"start":{"line":50,"column":60},"end":{"line":79,"column":null}},"line":50},"1":{"name":"useEngine","decl":{"start":{"line":54,"column":11},"end":{"line":54,"column":26}},"loc":{"start":{"line":54,"column":26},"end":{"line":60,"column":null}},"line":54},"2":{"name":"useNotifier","decl":{"start":{"line":62,"column":11},"end":{"line":62,"column":39}},"loc":{"start":{"line":62,"column":39},"end":{"line":68,"column":null}},"line":62},"3":{"name":"WasmProvider","decl":{"start":{"line":70,"column":11},"end":{"line":70,"column":24}},"loc":{"start":{"line":70,"column":89},"end":{"line":76,"column":null}},"line":70}},"branchMap":{"0":{"loc":{"start":{"line":56,"column":4},"end":{"line":58,"column":null}},"type":"if","locations":[{"start":{"line":56,"column":4},"end":{"line":58,"column":null}},{"start":{},"end":{}}],"line":56},"1":{"loc":{"start":{"line":64,"column":4},"end":{"line":66,"column":null}},"type":"if","locations":[{"start":{"line":64,"column":4},"end":{"line":66,"column":null}},{"start":{},"end":{}}],"line":64}},"s":{"0":5,"1":5,"2":3,"3":3,"4":2,"5":1,"6":3,"7":3,"8":2,"9":1,"10":3,"11":5},"f":{"0":5,"1":3,"2":3,"3":3},"b":{"0":[2,1],"1":[2,1]},"meta":{"lastBranch":2,"lastFunction":4,"lastStatement":12,"seen":{"f:50:16:50:60":0,"s:51:8:51:Infinity":0,"s:52:8:52:Infinity":1,"f:54:11:54:26":1,"s:55:10:55:Infinity":2,"b:56:4:58:Infinity:undefined:undefined:undefined:undefined":0,"s:56:4:58:Infinity":3,"s:57:6:57:Infinity":4,"s:59:4:59:Infinity":5,"f:62:11:62:39":2,"s:63:10:63:Infinity":6,"b:64:4:66:Infinity:undefined:undefined:undefined:undefined":1,"s:64:4:66:Infinity":7,"s:65:6:65:Infinity":8,"s:67:4:67:Infinity":9,"f:70:11:70:24":3,"s:71:4:75:Infinity":10,"s:78:2:78:Infinity":11}}}
,"/Users/mgild/projects/org-asm/react/useApiEngine.ts": {"path":"/Users/mgild/projects/org-asm/react/useApiEngine.ts","statementMap":{"0":{"start":{"line":55,"column":8},"end":{"line":55,"column":null}},"1":{"start":{"line":55,"column":27},"end":{"line":55,"column":51}},"2":{"start":{"line":57,"column":2},"end":{"line":143,"column":null}},"3":{"start":{"line":58,"column":4},"end":{"line":58,"column":null}},"4":{"start":{"line":58,"column":25},"end":{"line":58,"column":null}},"5":{"start":{"line":60,"column":4},"end":{"line":142,"column":null}},"6":{"start":{"line":64,"column":8},"end":{"line":64,"column":null}},"7":{"start":{"line":65,"column":8},"end":{"line":65,"column":null}},"8":{"start":{"line":68,"column":19},"end":{"line":68,"column":null}},"9":{"start":{"line":69,"column":8},"end":{"line":69,"column":null}},"10":{"start":{"line":70,"column":8},"end":{"line":70,"column":null}},"11":{"start":{"line":73,"column":8},"end":{"line":73,"column":null}},"12":{"start":{"line":74,"column":8},"end":{"line":74,"column":null}},"13":{"start":{"line":77,"column":8},"end":{"line":77,"column":null}},"14":{"start":{"line":78,"column":8},"end":{"line":78,"column":null}},"15":{"start":{"line":81,"column":8},"end":{"line":81,"column":null}},"16":{"start":{"line":82,"column":8},"end":{"line":82,"column":null}},"17":{"start":{"line":85,"column":8},"end":{"line":85,"column":null}},"18":{"start":{"line":86,"column":8},"end":{"line":86,"column":null}},"19":{"start":{"line":89,"column":8},"end":{"line":89,"column":null}},"20":{"start":{"line":90,"column":8},"end":{"line":90,"column":null}},"21":{"start":{"line":93,"column":8},"end":{"line":93,"column":null}},"22":{"start":{"line":94,"column":8},"end":{"line":94,"column":null}},"23":{"start":{"line":97,"column":8},"end":{"line":97,"column":null}},"24":{"start":{"line":98,"column":8},"end":{"line":98,"column":null}},"25":{"start":{"line":101,"column":8},"end":{"line":101,"column":null}},"26":{"start":{"line":102,"column":8},"end":{"line":102,"column":null}},"27":{"start":{"line":105,"column":8},"end":{"line":105,"column":null}},"28":{"start":{"line":106,"column":8},"end":{"line":106,"column":null}},"29":{"start":{"line":109,"column":8},"end":{"line":113,"column":null}},"30":{"start":{"line":116,"column":8},"end":{"line":116,"column":null}},"31":{"start":{"line":119,"column":8},"end":{"line":119,"column":null}},"32":{"start":{"line":122,"column":8},"end":{"line":122,"column":null}},"33":{"start":{"line":125,"column":8},"end":{"line":125,"column":null}},"34":{"start":{"line":128,"column":8},"end":{"line":128,"column":null}},"35":{"start":{"line":131,"column":8},"end":{"line":131,"column":null}},"36":{"start":{"line":134,"column":8},"end":{"line":134,"column":null}},"37":{"start":{"line":137,"column":8},"end":{"line":137,"column":null}},"38":{"start":{"line":140,"column":8},"end":{"line":140,"column":null}}},"fnMap":{"0":{"name":"useApiEngine","decl":{"start":{"line":52,"column":16},"end":{"line":52,"column":null}},"loc":{"start":{"line":54,"column":23},"end":{"line":144,"column":null}},"line":54},"1":{"name":"(anonymous_1)","decl":{"start":{"line":55,"column":27},"end":{"line":55,"column":33}},"loc":{"start":{"line":55,"column":27},"end":{"line":55,"column":51}},"line":55},"2":{"name":"(anonymous_2)","decl":{"start":{"line":57,"column":17},"end":{"line":57,"column":23}},"loc":{"start":{"line":57,"column":23},"end":{"line":143,"column":5}},"line":57},"3":{"name":"(anonymous_3)","decl":{"start":{"line":63,"column":6},"end":{"line":63,"column":23}},"loc":{"start":{"line":63,"column":91},"end":{"line":66,"column":null}},"line":63},"4":{"name":"(anonymous_4)","decl":{"start":{"line":67,"column":6},"end":{"line":67,"column":19}},"loc":{"start":{"line":67,"column":67},"end":{"line":71,"column":null}},"line":67},"5":{"name":"(anonymous_5)","decl":{"start":{"line":72,"column":6},"end":{"line":72,"column":24}},"loc":{"start":{"line":72,"column":49},"end":{"line":75,"column":null}},"line":72},"6":{"name":"(anonymous_6)","decl":{"start":{"line":76,"column":6},"end":{"line":76,"column":24}},"loc":{"start":{"line":76,"column":71},"end":{"line":79,"column":null}},"line":76},"7":{"name":"(anonymous_7)","decl":{"start":{"line":80,"column":6},"end":{"line":80,"column":22}},"loc":{"start":{"line":80,"column":62},"end":{"line":83,"column":null}},"line":80},"8":{"name":"(anonymous_8)","decl":{"start":{"line":84,"column":6},"end":{"line":84,"column":20}},"loc":{"start":{"line":84,"column":45},"end":{"line":87,"column":null}},"line":84},"9":{"name":"(anonymous_9)","decl":{"start":{"line":88,"column":6},"end":{"line":88,"column":16}},"loc":{"start":{"line":88,"column":58},"end":{"line":91,"column":null}},"line":88},"10":{"name":"(anonymous_10)","decl":{"start":{"line":92,"column":6},"end":{"line":92,"column":18}},"loc":{"start":{"line":92,"column":59},"end":{"line":95,"column":null}},"line":92},"11":{"name":"(anonymous_11)","decl":{"start":{"line":96,"column":6},"end":{"line":96,"column":22}},"loc":{"start":{"line":96,"column":48},"end":{"line":99,"column":null}},"line":96},"12":{"name":"(anonymous_12)","decl":{"start":{"line":100,"column":6},"end":{"line":100,"column":33}},"loc":{"start":{"line":100,"column":33},"end":{"line":103,"column":null}},"line":100},"13":{"name":"(anonymous_13)","decl":{"start":{"line":104,"column":6},"end":{"line":104,"column":20}},"loc":{"start":{"line":104,"column":20},"end":{"line":107,"column":null}},"line":104},"14":{"name":"(anonymous_14)","decl":{"start":{"line":108,"column":6},"end":{"line":108,"column":30}},"loc":{"start":{"line":108,"column":30},"end":{"line":114,"column":null}},"line":108},"15":{"name":"(anonymous_15)","decl":{"start":{"line":115,"column":6},"end":{"line":115,"column":22}},"loc":{"start":{"line":115,"column":49},"end":{"line":117,"column":null}},"line":115},"16":{"name":"(anonymous_16)","decl":{"start":{"line":118,"column":6},"end":{"line":118,"column":19}},"loc":{"start":{"line":118,"column":46},"end":{"line":120,"column":null}},"line":118},"17":{"name":"(anonymous_17)","decl":{"start":{"line":121,"column":6},"end":{"line":121,"column":18}},"loc":{"start":{"line":121,"column":45},"end":{"line":123,"column":null}},"line":121},"18":{"name":"(anonymous_18)","decl":{"start":{"line":124,"column":6},"end":{"line":124,"column":18}},"loc":{"start":{"line":124,"column":45},"end":{"line":126,"column":null}},"line":124},"19":{"name":"(anonymous_19)","decl":{"start":{"line":127,"column":6},"end":{"line":127,"column":15}},"loc":{"start":{"line":127,"column":63},"end":{"line":129,"column":null}},"line":127},"20":{"name":"(anonymous_20)","decl":{"start":{"line":130,"column":6},"end":{"line":130,"column":16}},"loc":{"start":{"line":130,"column":64},"end":{"line":132,"column":null}},"line":130},"21":{"name":"(anonymous_21)","decl":{"start":{"line":133,"column":6},"end":{"line":133,"column":15}},"loc":{"start":{"line":133,"column":64},"end":{"line":135,"column":null}},"line":133},"22":{"name":"(anonymous_22)","decl":{"start":{"line":136,"column":6},"end":{"line":136,"column":21}},"loc":{"start":{"line":136,"column":69},"end":{"line":138,"column":null}},"line":136},"23":{"name":"(anonymous_23)","decl":{"start":{"line":139,"column":6},"end":{"line":139,"column":21}},"loc":{"start":{"line":139,"column":49},"end":{"line":141,"column":null}},"line":139}},"branchMap":{"0":{"loc":{"start":{"line":58,"column":4},"end":{"line":58,"column":null}},"type":"if","locations":[{"start":{"line":58,"column":4},"end":{"line":58,"column":null}},{"start":{},"end":{}}],"line":58}},"s":{"0":27,"1":27,"2":27,"3":27,"4":2,"5":25,"6":14,"7":14,"8":10,"9":10,"10":10,"11":2,"12":2,"13":3,"14":3,"15":1,"16":1,"17":1,"18":1,"19":2,"20":2,"21":1,"22":1,"23":1,"24":1,"25":1,"26":1,"27":1,"28":1,"29":2,"30":2,"31":2,"32":1,"33":1,"34":1,"35":1,"36":2,"37":2,"38":2},"f":{"0":27,"1":27,"2":27,"3":14,"4":10,"5":2,"6":3,"7":1,"8":1,"9":2,"10":1,"11":1,"12":1,"13":1,"14":2,"15":2,"16":2,"17":1,"18":1,"19":1,"20":1,"21":2,"22":2,"23":2},"b":{"0":[2,25]},"meta":{"lastBranch":1,"lastFunction":24,"lastStatement":39,"seen":{"f:52:16:52:Infinity":0,"s:55:8:55:Infinity":0,"f:55:27:55:33":1,"s:55:27:55:51":1,"s:57:2:143:Infinity":2,"f:57:17:57:23":2,"b:58:4:58:Infinity:undefined:undefined:undefined:undefined":0,"s:58:4:58:Infinity":3,"s:58:25:58:Infinity":4,"s:60:4:142:Infinity":5,"f:63:6:63:23":3,"s:64:8:64:Infinity":6,"s:65:8:65:Infinity":7,"f:67:6:67:19":4,"s:68:19:68:Infinity":8,"s:69:8:69:Infinity":9,"s:70:8:70:Infinity":10,"f:72:6:72:24":5,"s:73:8:73:Infinity":11,"s:74:8:74:Infinity":12,"f:76:6:76:24":6,"s:77:8:77:Infinity":13,"s:78:8:78:Infinity":14,"f:80:6:80:22":7,"s:81:8:81:Infinity":15,"s:82:8:82:Infinity":16,"f:84:6:84:20":8,"s:85:8:85:Infinity":17,"s:86:8:86:Infinity":18,"f:88:6:88:16":9,"s:89:8:89:Infinity":19,"s:90:8:90:Infinity":20,"f:92:6:92:18":10,"s:93:8:93:Infinity":21,"s:94:8:94:Infinity":22,"f:96:6:96:22":11,"s:97:8:97:Infinity":23,"s:98:8:98:Infinity":24,"f:100:6:100:33":12,"s:101:8:101:Infinity":25,"s:102:8:102:Infinity":26,"f:104:6:104:20":13,"s:105:8:105:Infinity":27,"s:106:8:106:Infinity":28,"f:108:6:108:30":14,"s:109:8:113:Infinity":29,"f:115:6:115:22":15,"s:116:8:116:Infinity":30,"f:118:6:118:19":16,"s:119:8:119:Infinity":31,"f:121:6:121:18":17,"s:122:8:122:Infinity":32,"f:124:6:124:18":18,"s:125:8:125:Infinity":33,"f:127:6:127:15":19,"s:128:8:128:Infinity":34,"f:130:6:130:16":20,"s:131:8:131:Infinity":35,"f:133:6:133:15":21,"s:134:8:134:Infinity":36,"f:136:6:136:21":22,"s:137:8:137:Infinity":37,"f:139:6:139:21":23,"s:140:8:140:Infinity":38}}}
,"/Users/mgild/projects/org-asm/react/useApiState.ts": {"path":"/Users/mgild/projects/org-asm/react/useApiState.ts","statementMap":{"0":{"start":{"line":16,"column":30},"end":{"line":20,"column":null}},"1":{"start":{"line":22,"column":22},"end":{"line":22,"column":null}},"2":{"start":{"line":22,"column":57},"end":{"line":22,"column":null}},"3":{"start":{"line":27,"column":19},"end":{"line":27,"column":null}},"4":{"start":{"line":29,"column":2},"end":{"line":40,"column":null}},"5":{"start":{"line":32,"column":6},"end":{"line":32,"column":null}},"6":{"start":{"line":32,"column":19},"end":{"line":32,"column":null}},"7":{"start":{"line":33,"column":25},"end":{"line":33,"column":null}},"8":{"start":{"line":34,"column":6},"end":{"line":38,"column":null}}},"fnMap":{"0":{"name":"(anonymous_0)","decl":{"start":{"line":22,"column":22},"end":{"line":22,"column":23}},"loc":{"start":{"line":22,"column":57},"end":{"line":22,"column":null}},"line":22},"1":{"name":"(anonymous_1)","decl":{"start":{"line":22,"column":57},"end":{"line":22,"column":63}},"loc":{"start":{"line":22,"column":63},"end":{"line":22,"column":null}},"line":22},"2":{"name":"useApiState","decl":{"start":{"line":24,"column":16},"end":{"line":24,"column":null}},"loc":{"start":{"line":26,"column":12},"end":{"line":41,"column":null}},"line":26},"3":{"name":"(anonymous_3)","decl":{"start":{"line":31,"column":4},"end":{"line":31,"column":10}},"loc":{"start":{"line":31,"column":10},"end":{"line":39,"column":null}},"line":31}},"branchMap":{"0":{"loc":{"start":{"line":27,"column":19},"end":{"line":27,"column":null}},"type":"cond-expr","locations":[{"start":{"line":27,"column":28},"end":{"line":27,"column":46}},{"start":{"line":27,"column":46},"end":{"line":27,"column":null}}],"line":27},"1":{"loc":{"start":{"line":32,"column":6},"end":{"line":32,"column":null}},"type":"if","locations":[{"start":{"line":32,"column":6},"end":{"line":32,"column":null}},{"start":{},"end":{}}],"line":32}},"s":{"0":2,"1":2,"2":3,"3":16,"4":16,"5":54,"6":9,"7":45,"8":45},"f":{"0":3,"1":3,"2":16,"3":54},"b":{"0":[13,3],"1":[9,45]},"meta":{"lastBranch":2,"lastFunction":4,"lastStatement":9,"seen":{"s:16:30:20:Infinity":0,"s:22:22:22:Infinity":1,"f:22:22:22:23":0,"s:22:57:22:Infinity":2,"f:22:57:22:63":1,"f:24:16:24:Infinity":2,"s:27:19:27:Infinity":3,"b:27:28:27:46:27:46:27:Infinity":0,"s:29:2:40:Infinity":4,"f:31:4:31:10":3,"b:32:6:32:Infinity:undefined:undefined:undefined:undefined":1,"s:32:6:32:Infinity":5,"s:32:19:32:Infinity":6,"s:33:25:33:Infinity":7,"s:34:6:38:Infinity":8}}}
,"/Users/mgild/projects/org-asm/react/useAsyncWasmCall.ts": {"path":"/Users/mgild/projects/org-asm/react/useAsyncWasmCall.ts","statementMap":{"0":{"start":{"line":35,"column":26},"end":{"line":35,"column":null}},"1":{"start":{"line":36,"column":28},"end":{"line":36,"column":null}},"2":{"start":{"line":37,"column":24},"end":{"line":37,"column":null}},"3":{"start":{"line":38,"column":8},"end":{"line":38,"column":null}},"4":{"start":{"line":39,"column":2},"end":{"line":39,"column":null}},"5":{"start":{"line":41,"column":2},"end":{"line":63,"column":null}},"6":{"start":{"line":42,"column":16},"end":{"line":42,"column":null}},"7":{"start":{"line":43,"column":4},"end":{"line":43,"column":null}},"8":{"start":{"line":44,"column":4},"end":{"line":44,"column":null}},"9":{"start":{"line":46,"column":4},"end":{"line":59,"column":null}},"10":{"start":{"line":48,"column":8},"end":{"line":51,"column":null}},"11":{"start":{"line":49,"column":10},"end":{"line":49,"column":null}},"12":{"start":{"line":50,"column":10},"end":{"line":50,"column":null}},"13":{"start":{"line":54,"column":8},"end":{"line":57,"column":null}},"14":{"start":{"line":55,"column":10},"end":{"line":55,"column":null}},"15":{"start":{"line":56,"column":10},"end":{"line":56,"column":null}},"16":{"start":{"line":61,"column":4},"end":{"line":61,"column":null}},"17":{"start":{"line":61,"column":19},"end":{"line":61,"column":33}},"18":{"start":{"line":65,"column":2},"end":{"line":65,"column":null}}},"fnMap":{"0":{"name":"useAsyncWasmCall","decl":{"start":{"line":31,"column":16},"end":{"line":31,"column":null}},"loc":{"start":{"line":34,"column":26},"end":{"line":66,"column":null}},"line":34},"1":{"name":"(anonymous_1)","decl":{"start":{"line":41,"column":12},"end":{"line":41,"column":18}},"loc":{"start":{"line":41,"column":18},"end":{"line":63,"column":5}},"line":41},"2":{"name":"(anonymous_2)","decl":{"start":{"line":47,"column":6},"end":{"line":47,"column":7}},"loc":{"start":{"line":47,"column":17},"end":{"line":52,"column":null}},"line":47},"3":{"name":"(anonymous_3)","decl":{"start":{"line":53,"column":6},"end":{"line":53,"column":7}},"loc":{"start":{"line":53,"column":15},"end":{"line":58,"column":null}},"line":53},"4":{"name":"(anonymous_4)","decl":{"start":{"line":61,"column":11},"end":{"line":61,"column":17}},"loc":{"start":{"line":61,"column":17},"end":{"line":61,"column":null}},"line":61}},"branchMap":{"0":{"loc":{"start":{"line":48,"column":8},"end":{"line":51,"column":null}},"type":"if","locations":[{"start":{"line":48,"column":8},"end":{"line":51,"column":null}},{"start":{},"end":{}}],"line":48},"1":{"loc":{"start":{"line":54,"column":8},"end":{"line":57,"column":null}},"type":"if","locations":[{"start":{"line":54,"column":8},"end":{"line":57,"column":null}},{"start":{},"end":{}}],"line":54},"2":{"loc":{"start":{"line":55,"column":19},"end":{"line":55,"column":70}},"type":"cond-expr","locations":[{"start":{"line":55,"column":42},"end":{"line":55,"column":48}},{"start":{"line":55,"column":48},"end":{"line":55,"column":70}}],"line":55}},"s":{"0":18,"1":18,"2":18,"3":18,"4":18,"5":18,"6":10,"7":10,"8":10,"9":10,"10":6,"11":5,"12":5,"13":3,"14":2,"15":2,"16":10,"17":10,"18":18},"f":{"0":18,"1":10,"2":6,"3":3,"4":10},"b":{"0":[5,1],"1":[2,1],"2":[1,1]},"meta":{"lastBranch":3,"lastFunction":5,"lastStatement":19,"seen":{"f:31:16:31:Infinity":0,"s:35:26:35:Infinity":0,"s:36:28:36:Infinity":1,"s:37:24:37:Infinity":2,"s:38:8:38:Infinity":3,"s:39:2:39:Infinity":4,"s:41:2:63:Infinity":5,"f:41:12:41:18":1,"s:42:16:42:Infinity":6,"s:43:4:43:Infinity":7,"s:44:4:44:Infinity":8,"s:46:4:59:Infinity":9,"f:47:6:47:7":2,"b:48:8:51:Infinity:undefined:undefined:undefined:undefined":0,"s:48:8:51:Infinity":10,"s:49:10:49:Infinity":11,"s:50:10:50:Infinity":12,"f:53:6:53:7":3,"b:54:8:57:Infinity:undefined:undefined:undefined:undefined":1,"s:54:8:57:Infinity":13,"s:55:10:55:Infinity":14,"b:55:42:55:48:55:48:55:70":2,"s:56:10:56:Infinity":15,"s:61:4:61:Infinity":16,"f:61:11:61:17":4,"s:61:19:61:33":17,"s:65:2:65:Infinity":18}}}
,"/Users/mgild/projects/org-asm/react/useAuthEngine.ts": {"path":"/Users/mgild/projects/org-asm/react/useAuthEngine.ts","statementMap":{"0":{"start":{"line":57,"column":8},"end":{"line":57,"column":null}},"1":{"start":{"line":57,"column":27},"end":{"line":57,"column":51}},"2":{"start":{"line":59,"column":2},"end":{"line":162,"column":null}},"3":{"start":{"line":60,"column":4},"end":{"line":60,"column":null}},"4":{"start":{"line":60,"column":25},"end":{"line":60,"column":null}},"5":{"start":{"line":62,"column":4},"end":{"line":161,"column":null}},"6":{"start":{"line":66,"column":8},"end":{"line":66,"column":null}},"7":{"start":{"line":67,"column":8},"end":{"line":67,"column":null}},"8":{"start":{"line":70,"column":8},"end":{"line":70,"column":null}},"9":{"start":{"line":71,"column":8},"end":{"line":71,"column":null}},"10":{"start":{"line":74,"column":8},"end":{"line":74,"column":null}},"11":{"start":{"line":75,"column":8},"end":{"line":75,"column":null}},"12":{"start":{"line":78,"column":8},"end":{"line":78,"column":null}},"13":{"start":{"line":79,"column":8},"end":{"line":79,"column":null}},"14":{"start":{"line":82,"column":8},"end":{"line":82,"column":null}},"15":{"start":{"line":83,"column":8},"end":{"line":83,"column":null}},"16":{"start":{"line":86,"column":8},"end":{"line":86,"column":null}},"17":{"start":{"line":87,"column":8},"end":{"line":87,"column":null}},"18":{"start":{"line":90,"column":8},"end":{"line":90,"column":null}},"19":{"start":{"line":91,"column":8},"end":{"line":91,"column":null}},"20":{"start":{"line":94,"column":8},"end":{"line":94,"column":null}},"21":{"start":{"line":95,"column":8},"end":{"line":95,"column":null}},"22":{"start":{"line":98,"column":8},"end":{"line":98,"column":null}},"23":{"start":{"line":99,"column":8},"end":{"line":99,"column":null}},"24":{"start":{"line":102,"column":8},"end":{"line":102,"column":null}},"25":{"start":{"line":103,"column":8},"end":{"line":103,"column":null}},"26":{"start":{"line":106,"column":8},"end":{"line":106,"column":null}},"27":{"start":{"line":107,"column":8},"end":{"line":107,"column":null}},"28":{"start":{"line":110,"column":8},"end":{"line":110,"column":null}},"29":{"start":{"line":111,"column":8},"end":{"line":111,"column":null}},"30":{"start":{"line":114,"column":8},"end":{"line":114,"column":null}},"31":{"start":{"line":115,"column":8},"end":{"line":115,"column":null}},"32":{"start":{"line":118,"column":8},"end":{"line":129,"column":null}},"33":{"start":{"line":132,"column":8},"end":{"line":132,"column":null}},"34":{"start":{"line":135,"column":8},"end":{"line":135,"column":null}},"35":{"start":{"line":138,"column":8},"end":{"line":138,"column":null}},"36":{"start":{"line":141,"column":8},"end":{"line":141,"column":null}},"37":{"start":{"line":144,"column":8},"end":{"line":144,"column":null}},"38":{"start":{"line":147,"column":8},"end":{"line":147,"column":null}},"39":{"start":{"line":150,"column":8},"end":{"line":150,"column":null}},"40":{"start":{"line":153,"column":8},"end":{"line":153,"column":null}},"41":{"start":{"line":156,"column":8},"end":{"line":156,"column":null}},"42":{"start":{"line":159,"column":8},"end":{"line":159,"column":null}}},"fnMap":{"0":{"name":"useAuthEngine","decl":{"start":{"line":54,"column":16},"end":{"line":54,"column":null}},"loc":{"start":{"line":56,"column":24},"end":{"line":163,"column":null}},"line":56},"1":{"name":"(anonymous_1)","decl":{"start":{"line":57,"column":27},"end":{"line":57,"column":33}},"loc":{"start":{"line":57,"column":27},"end":{"line":57,"column":51}},"line":57},"2":{"name":"(anonymous_2)","decl":{"start":{"line":59,"column":17},"end":{"line":59,"column":23}},"loc":{"start":{"line":59,"column":23},"end":{"line":162,"column":5}},"line":59},"3":{"name":"(anonymous_3)","decl":{"start":{"line":65,"column":6},"end":{"line":65,"column":16}},"loc":{"start":{"line":65,"column":104},"end":{"line":68,"column":null}},"line":65},"4":{"name":"(anonymous_4)","decl":{"start":{"line":69,"column":6},"end":{"line":69,"column":26}},"loc":{"start":{"line":69,"column":26},"end":{"line":72,"column":null}},"line":69},"5":{"name":"(anonymous_5)","decl":{"start":{"line":73,"column":6},"end":{"line":73,"column":32}},"loc":{"start":{"line":73,"column":32},"end":{"line":76,"column":null}},"line":73},"6":{"name":"(anonymous_6)","decl":{"start":{"line":77,"column":6},"end":{"line":77,"column":23}},"loc":{"start":{"line":77,"column":129},"end":{"line":80,"column":null}},"line":77},"7":{"name":"(anonymous_7)","decl":{"start":{"line":81,"column":6},"end":{"line":81,"column":15}},"loc":{"start":{"line":81,"column":38},"end":{"line":84,"column":null}},"line":81},"8":{"name":"(anonymous_8)","decl":{"start":{"line":85,"column":6},"end":{"line":85,"column":28}},"loc":{"start":{"line":85,"column":28},"end":{"line":88,"column":null}},"line":85},"9":{"name":"(anonymous_9)","decl":{"start":{"line":89,"column":6},"end":{"line":89,"column":21}},"loc":{"start":{"line":89,"column":21},"end":{"line":92,"column":null}},"line":89},"10":{"name":"(anonymous_10)","decl":{"start":{"line":93,"column":6},"end":{"line":93,"column":21}},"loc":{"start":{"line":93,"column":41},"end":{"line"
[...]
3,"column":8},"end":{"line":53,"column":null}},"20":{"start":{"line":54,"column":2},"end":{"line":54,"column":null}},"21":{"start":{"line":56,"column":8},"end":{"line":63,"column":null}},"22":{"start":{"line":57,"column":17},"end":{"line":57,"column":null}},"23":{"start":{"line":58,"column":4},"end":{"line":60,"column":null}},"24":{"start":{"line":59,"column":6},"end":{"line":59,"column":null}},"25":{"start":{"line":61,"column":4},"end":{"line":61,"column":null}},"26":{"start":{"line":62,"column":4},"end":{"line":62,"column":null}},"27":{"start":{"line":65,"column":2},"end":{"line":65,"column":null}}},"fnMap":{"0":{"name":"shallowEqual","decl":{"start":{"line":29,"column":9},"end":{"line":29,"column":25}},"loc":{"start":{"line":29,"column":46},"end":{"line":43,"column":null}},"line":29},"1":{"name":"useWasmSelector","decl":{"start":{"line":45,"column":16},"end":{"line":45,"column":null}},"loc":{"start":{"line":49,"column":5},"end":{"line":66,"column":null}},"line":49},"2":{"name":"(anonymous_2)","decl":{"start":{"line":56,"column":42},"end":{"line":56,"column":48}},"loc":{"start":{"line":56,"column":48},"end":{"line":63,"column":5}},"line":56}},"branchMap":{"0":{"loc":{"start":{"line":30,"column":2},"end":{"line":30,"column":null}},"type":"if","locations":[{"start":{"line":30,"column":2},"end":{"line":30,"column":null}},{"start":{},"end":{}}],"line":30},"1":{"loc":{"start":{"line":31,"column":2},"end":{"line":31,"column":null}},"type":"if","locations":[{"start":{"line":31,"column":2},"end":{"line":31,"column":null}},{"start":{},"end":{}}],"line":31},"2":{"loc":{"start":{"line":31,"column":6},"end":{"line":31,"column":54}},"type":"binary-expr","locations":[{"start":{"line":31,"column":6},"end":{"line":31,"column":31}},{"start":{"line":31,"column":31},"end":{"line":31,"column":54}}],"line":31},"3":{"loc":{"start":{"line":32,"column":2},"end":{"line":32,"column":null}},"type":"if","locations":[{"start":{"line":32,"column":2},"end":{"line":32,"column":null}},{"start":{},"end":{}}],"line":32},"4":{"loc":{"start":{"line":32,"column":6},"end":{"line":32,"column":32}},"type":"binary-expr","locations":[{"start":{"line":32,"column":6},"end":{"line":32,"column":20}},{"start":{"line":32,"column":20},"end":{"line":32,"column":32}}],"line":32},"5":{"loc":{"start":{"line":36,"column":2},"end":{"line":36,"column":null}},"type":"if","locations":[{"start":{"line":36,"column":2},"end":{"line":36,"column":null}},{"start":{},"end":{}}],"line":36},"6":{"loc":{"start":{"line":39,"column":4},"end":{"line":39,"column":null}},"type":"if","locations":[{"start":{"line":39,"column":4},"end":{"line":39,"column":null}},{"start":{},"end":{}}],"line":39},"7":{"loc":{"start":{"line":40,"column":4},"end":{"line":40,"column":null}},"type":"if","locations":[{"start":{"line":40,"column":4},"end":{"line":40,"column":null}},{"start":{},"end":{}}],"line":40},"8":{"loc":{"start":{"line":48,"column":2},"end":{"line":48,"column":null}},"type":"default-arg","locations":[{"start":{"line":48,"column":37},"end":{"line":48,"column":null}}],"line":48},"9":{"loc":{"start":{"line":58,"column":4},"end":{"line":60,"column":null}},"type":"if","locations":[{"start":{"line":58,"column":4},"end":{"line":60,"column":null}},{"start":{},"end":{}}],"line":58},"10":{"loc":{"start":{"line":58,"column":8},"end":{"line":58,"column":88}},"type":"binary-expr","locations":[{"start":{"line":58,"column":8},"end":{"line":58,"column":39}},{"start":{"line":58,"column":39},"end":{"line":58,"column":88}}],"line":58}},"s":{"0":795,"1":130,"2":665,"3":1,"4":664,"5":1,"6":663,"7":663,"8":663,"9":1,"10":662,"11":3558,"12":1,"13":3557,"14":97,"15":564,"16":297,"17":297,"18":297,"19":297,"20":297,"21":297,"22":996,"23":996,"24":700,"25":296,"26":296,"27":297},"f":{"0":795,"1":297,"2":996},"b":{"0":[130,665],"1":[1,664],"2":[665,664],"3":[1,663],"4":[664,664],"5":[1,662],"6":[1,3557],"7":[97,3460],"8":[297],"9":[700,296],"10":[996,802]},"meta":{"lastBranch":11,"lastFunction":3,"lastStatement":28,"seen":{"f:29:9:29:25":0,"b:30:2:30:Infinity:undefined:undefined:undefined:undefined":0,"s:30:2:30:Infinity":0,"s:30:23:30:Infinity":1,"b:31:2:31:Infinity:undefined:undefined:undefined:undefined":1,"s:31:2:31:Infinity":2,"b:31:6:31:31:31:31:31:54":2,"s:31:54:31:Infinity":3,"b:32:2:32:Infinity:undefined:undefined:undefined:undefined":3,"s:32:2:32:Infinity":4,"b:32:6:32:20:32:20:32:32":4,"s:32:32:32:Infinity":5,"s:34:16:34:Infinity":6,"s:35:16:35:Infinity":7,"b:36:2:36:Infinity:undefined:undefined:undefined:undefined":5,"s:36:2:36:Infinity":8,"s:36:37:36:Infinity":9,"s:38:2:41:Infinity":10,"b:39:4:39:Infinity:undefined:undefined:undefined:undefined":6,"s:39:4:39:Infinity":11,"s:39:55:39:Infinity":12,"b:40:4:40:Infinity:undefined:undefined:undefined:undefined":7,"s:40:4:40:Infinity":13,"s:40:94:40:Infinity":14,"s:42:2:42:Infinity":15,"f:45:16:45:Infinity":1,"b:48:37:48:Infinity":8,"s:50:8:50:Infinity":16,"s:51:8:51:Infinity":17,"s:52:2:52:Infinity":18,"s:53:8:53:Infinity":19,"s:54:2:54:Infinity":20,"s:56:8:63:Infinity":21,"f:56:42:56:48":2,"s:57:17:57:Infinity":22,"b:58:4:60:Infinity:undefined:undefined:undefined:undefined":9,"s:58:4:60:Infinity":23,"b:58:8:58:39:58:39:58:88":10,"s:59:6:59:Infinity":24,"s:61:4:61:Infinity":25,"s:62:4:62:Infinity":26,"s:65:2:65:Infinity":27}}}
,"/Users/mgild/projects/org-asm/react/useWasmState.ts": {"path":"/Users/mgild/projects/org-asm/react/useWasmState.ts","statementMap":{"0":{"start":{"line":41,"column":20},"end":{"line":41,"column":null}},"1":{"start":{"line":42,"column":17},"end":{"line":42,"column":null}},"2":{"start":{"line":43,"column":19},"end":{"line":43,"column":null}},"3":{"start":{"line":46,"column":4},"end":{"line":46,"column":null}},"4":{"start":{"line":46,"column":32},"end":{"line":46,"column":null}},"5":{"start":{"line":49,"column":2},"end":{"line":74,"column":null}},"6":{"start":{"line":51,"column":6},"end":{"line":51,"column":null}},"7":{"start":{"line":52,"column":6},"end":{"line":52,"column":null}},"8":{"start":{"line":52,"column":21},"end":{"line":52,"column":49}},"9":{"start":{"line":55,"column":6},"end":{"line":58,"column":null}},"10":{"start":{"line":56,"column":8},"end":{"line":56,"column":null}},"11":{"start":{"line":57,"column":8},"end":{"line":57,"column":null}},"12":{"start":{"line":59,"column":6},"end":{"line":59,"column":null}},"13":{"start":{"line":62,"column":6},"end":{"line":62,"column":null}},"14":{"start":{"line":63,"column":6},"end":{"line":63,"column":null}},"15":{"start":{"line":64,"column":6},"end":{"line":72,"column":null}},"16":{"start":{"line":65,"column":8},"end":{"line":65,"column":null}},"17":{"start":{"line":67,"column":8},"end":{"line":67,"column":null}},"18":{"start":{"line":68,"column":8},"end":{"line":71,"column":null}},"19":{"start":{"line":69,"column":10},"end":{"line":69,"column":null}},"20":{"start":{"line":70,"column":10},"end":{"line":70,"column":null}},"21":{"start":{"line":85,"column":2},"end":{"line":85,"column":null}}},"fnMap":{"0":{"name":"createNotifier","decl":{"start":{"line":40,"column":16},"end":{"line":40,"column":47}},"loc":{"start":{"line":40,"column":47},"end":{"line":75,"column":null}},"line":40},"1":{"name":"fire","decl":{"start":{"line":45,"column":11},"end":{"line":45,"column":24}},"loc":{"start":{"line":45,"column":24},"end":{"line":47,"column":null}},"line":45},"2":{"name":"(anonymous_2)","decl":{"start":{"line":50,"column":4},"end":{"line":50,"column":14}},"loc":{"start":{"line":50,"column":48},"end":{"line":53,"column":null}},"line":50},"3":{"name":"(anonymous_3)","decl":{"start":{"line":52,"column":13},"end":{"line":52,"column":19}},"loc":{"start":{"line":52,"column":19},"end":{"line":52,"column":null}},"line":52},"4":{"name":"(anonymous_4)","decl":{"start":{"line":54,"column":4},"end":{"line":54,"column":19}},"loc":{"start":{"line":54,"column":19},"end":{"line":60,"column":null}},"line":54},"5":{"name":"(anonymous_5)","decl":{"start":{"line":61,"column":4},"end":{"line":61,"column":10}},"loc":{"start":{"line":61,"column":32},"end":{"line":73,"column":null}},"line":61},"6":{"name":"useWasmState","decl":{"start":{"line":81,"column":16},"end":{"line":81,"column":null}},"loc":{"start":{"line":84,"column":5},"end":{"line":86,"column":null}},"line":84}},"branchMap":{"0":{"loc":{"start":{"line":55,"column":6},"end":{"line":58,"column":null}},"type":"if","locations":[{"start":{"line":55,"column":6},"end":{"line":58,"column":null}},{"start":{},"end":{}}],"line":55},"1":{"loc":{"start":{"line":68,"column":8},"end":{"line":71,"column":null}},"type":"if","locations":[{"start":{"line":68,"column":8},"end":{"line":71,"column":null}},{"start":{},"end":{}}],"line":68}},"s":{"0":324,"1":324,"2":324,"3":380,"4":224,"5":324,"6":243,"7":243,"8":152,"9":384,"10":8,"11":8,"12":376,"13":6,"14":6,"15":6,"16":6,"17":6,"18":6,"19":4,"20":4,"21":12},"f":{"0":324,"1":380,"2":243,"3":152,"4":384,"5":6,"6":12},"b":{"0":[8,376],"1":[4,2]},"meta":{"lastBranch":2,"lastFunction":7,"lastStatement":22,"seen":{"f:40:16:40:47":0,"s:41:20:41:Infinity":0,"s:42:17:42:Infinity":1,"s:43:19:43:Infinity":2,"f:45:11:45:24":1,"s:46:4:46:Infinity":3,"s:46:32:46:Infinity":4,"s:49:2:74:Infinity":5,"f:50:4:50:14":2,"s:51:6:51:Infinity":6,"s:52:6:52:Infinity":7,"f:52:13:52:19":3,"s:52:21:52:49":8,"f:54:4:54:19":4,"b:55:6:58:Infinity:undefined:undefined:undefined:undefined":0,"s:55:6:58:Infinity":9,"s:56:8:56:Infinity":10,"s:57:8:57:Infinity":11,"s:59:6:59:Infinity":12,"f:61:4:61:10":5,"s:62:6:62:Infinity":13,"s:63:6:63:Infinity":14,"s:64:6:72:Infinity":15,"s:65:8:65:Infinity":16,"s:67:8:67:Infinity":17,"b:68:8:71:Infinity:undefined:undefined:undefined:undefined":1,"s:68:8:71:Infinity":18,"s:69:10:69:Infinity":19,"s:70:10:70:Infinity":20,"f:81:16:81:Infinity":6,"s:85:2:85:Infinity":21}}}
,"/Users/mgild/projects/org-asm/react/useWasmStream.ts": {"path":"/Users/mgild/projects/org-asm/react/useWasmStream.ts","statementMap":{"0":{"start":{"line":33,"column":26},"end":{"line":33,"column":null}},"1":{"start":{"line":34,"column":22},"end":{"line":34,"column":null}},"2":{"start":{"line":35,"column":24},"end":{"line":35,"column":null}},"3":{"start":{"line":36,"column":8},"end":{"line":36,"column":null}},"4":{"start":{"line":37,"column":2},"end":{"line":37,"column":null}},"5":{"start":{"line":40,"column":8},"end":{"line":40,"column":null}},"6":{"start":{"line":41,"column":8},"end":{"line":41,"column":null}},"7":{"start":{"line":43,"column":8},"end":{"line":48,"column":null}},"8":{"start":{"line":44,"column":4},"end":{"line":44,"column":null}},"9":{"start":{"line":45,"column":20},"end":{"line":45,"column":null}},"10":{"start":{"line":46,"column":4},"end":{"line":46,"column":null}},"11":{"start":{"line":47,"column":4},"end":{"line":47,"column":null}},"12":{"start":{"line":47,"column":22},"end":{"line":47,"column":43}},"13":{"start":{"line":50,"column":2},"end":{"line":103,"column":null}},"14":{"start":{"line":51,"column":16},"end":{"line":51,"column":null}},"15":{"start":{"line":52,"column":4},"end":{"line":52,"column":null}},"16":{"start":{"line":53,"column":4},"end":{"line":53,"column":null}},"17":{"start":{"line":54,"column":4},"end":{"line":54,"column":null}},"18":{"start":{"line":55,"column":4},"end":{"line":55,"column":null}},"19":{"start":{"line":57,"column":17},"end":{"line":63,"column":null}},"20":{"start":{"line":58,"column":6},"end":{"line":58,"column":null}},"21":{"start":{"line":58,"column":17},"end":{"line":58,"column":null}},"22":{"start":{"line":59,"column":6},"end":{"line":59,"column":null}},"23":{"start":{"line":60,"column":6},"end":{"line":62,"column":null}},"24":{"start":{"line":61,"column":8},"end":{"line":61,"column":null}},"25":{"start":{"line":65,"column":4},"end":{"line":93,"column":null}},"26":{"start":{"line":66,"column":27},"end":{"line":66,"column":null}},"27":{"start":{"line":67,"column":6},"end":{"line":88,"column":null}},"28":{"start":{"line":68,"column":8},"end":{"line":83,"column":null}},"29":{"start":{"line":70,"column":12},"end":{"line":74,"column":null}},"30":{"start":{"line":72,"column":14},"end":{"line":72,"column":null}},"31":{"start":{"line":72,"column":45},"end":{"line":72,"column":null}},"32":{"start":{"line":73,"column":14},"end":{"line":73,"column":null}},"33":{"start":{"line":77,"column":12},"end":{"line":81,"column":null}},"34":{"start":{"line":78,"column":14},"end":{"line":78,"column":null}},"35":{"start":{"line":78,"column":45},"end":{"line":78,"column":null}},"36":{"start":{"line":79,"column":14},"end":{"line":79,"column":null}},"37":{"start":{"line":80,"column":14},"end":{"line":80,"column":null}},"38":{"start":{"line":86,"column":8},"end":{"line":86,"column":null}},"39":{"start":{"line":86,"column":39},"end":{"line":86,"column":null}},"40":{"start":{"line":87,"column":8},"end":{"line":87,"column":null}},"41":{"start":{"line":91,"column":6},"end":{"line":91,"column":null}},"42":{"start":{"line":92,"column":6},"end":{"line":92,"column":null}},"43":{"start":{"line":95,"column":4},"end":{"line":101,"column":null}},"44":{"start":{"line":96,"column":6},"end":{"line":96,"column":null}},"45":{"start":{"line":97,"column":6},"end":{"line":100,"column":null}},"46":{"start":{"line":98,"column":8},"end":{"line":98,"column":null}},"47":{"start":{"line":99,"column":8},"end":{"line":99,"column":null}},"48":{"start":{"line":105,"column":2},"end":{"line":105,"column":null}}},"fnMap":{"0":{"name":"useWasmStream","decl":{"start":{"line":29,"column":16},"end":{"line":29,"column":null}},"loc":{"start":{"line":32,"column":23},"end":{"line":106,"column":null}},"line":32},"1":{"name":"(anonymous_1)","decl":{"start":{"line":43,"column":28},"end":{"line":43,"column":34}},"loc":{"start":{"line":43,"column":34},"end":{"line":48,"column":5}},"line":43},"2":{"name":"(anonymous_2)","decl":{"start":{"line":47,"column":14},"end":{"line":47,"column":22}},"loc":{"start":{"line":47,"column":22},"end":{"line":47,"column":43}},"line":47},"3":{"name":"(anonymous_3)","decl":{"start":{"line":50,"column":12},"end":{"line":50,"column":18}},"loc":{"start":{"line":50,"column":18},"end":{"line":103,"column":5}},"line":50},"4":{"name":"(anonymous_4)","decl":{"start":{"line":57,"column":17},"end":{"line":57,"column":18}},"loc":{"start":{"line":57,"column":37},"end":{"line":63,"column":null}},"line":57},"5":{"name":"(anonymous_5)","decl":{"start":{"line":69,"column":10},"end":{"line":69,"column":16}},"loc":{"start":{"line":69,"column":16},"end":{"line":75,"column":null}},"line":69},"6":{"name":"(anonymous_6)","decl":{"start":{"line":76,"column":10},"end":{"line":76,"column":11}},"loc":{"start":{"line":76,"column":19},"end":{"line":82,"column":null}},"line":76},"7":{"name":"(anonymous_7)","decl":{"start":{"line":95,"column":11},"end":{"line":95,"column":17}},"loc":{"start":{"line":95,"column":17},"end":{"line":101,"column":null}},"line":95}},"branchMap":{"0":{"loc":{"start":{"line":58,"column":6},"end":{"line":58,"column":null}},"type":"if","locations":[{"start":{"line":58,"column":6},"end":{"line":58,"column":null}},{"start":{},"end":{}}],"line":58},"1":{"loc":{"start":{"line":60,"column":6},"end":{"line":62,"column":null}},"type":"if","locations":[{"start":{"line":60,"column":6},"end":{"line":62,"column":null}},{"start":{},"end":{}}],"line":60},"2":{"loc":{"start":{"line":67,"column":6},"end":{"line":88,"column":null}},"type":"if","locations":[{"start":{"line":67,"column":6},"end":{"line":88,"column":null}},{"start":{"line":84,"column":13},"end":{"line":88,"column":null}}],"line":67},"3":{"loc":{"start":{"line":67,"column":10},"end":{"line":67,"column":67}},"type":"binary-expr","locations":[{"start":{"line":67,"column":10},"end":{"line":67,"column":26}},{"start":{"line":67,"column":26},"end":{"line":67,"column":67}}],"line":67},"4":{"loc":{"start":{"line":70,"column":12},"end":{"line":74,"column":null}},"type":"if","locations":[{"start":{"line":70,"column":12},"end":{"line":74,"column":null}},{"start":{},"end":{}}],"line":70},"5":{"loc":{"start":{"line":72,"column":14},"end":{"line":72,"column":null}},"type":"if","locations":[{"start":{"line":72,"column":14},"end":{"line":72,"column":null}},{"start":{},"end":{}}],"line":72},"6":{"loc":{"start":{"line":77,"column":12},"end":{"line":81,"column":null}},"type":"if","locations":[{"start":{"line":77,"column":12},"end":{"line":81,"column":null}},{"start":{},"end":{}}],"line":77},"7":{"loc":{"start":{"line":78,"column":14},"end":{"line":78,"column":null}},"type":"if","locations":[{"start":{"line":78,"column":14},"end":{"line":78,"column":null}},{"start":{},"end":{}}],"line":78},"8":{"loc":{"start":{"line":79,"column":23},"end":{"line":79,"column":74}},"type":"cond-expr","locations":[{"start":{"line":79,"column":46},"end":{"line":79,"column":52}},{"start":{"line":79,"column":52},"end":{"line":79,"column":74}}],"line":79},"9":{"loc":{"start":{"line":86,"column":8},"end":{"line":86,"column":null}},"type":"if","locations":[{"start":{"line":86,"column":8},"end":{"line":86,"column":null}},{"start":{},"end":{}}],"line":86},"10":{"loc":{"start":{"line":91,"column":15},"end":{"line":91,"column":66}},"type":"cond-expr","locations":[{"start":{"line":91,"column":38},"end":{"line":91,"column":44}},{"start":{"line":91,"column":44},"end":{"line":91,"column":66}}],"line":91},"11":{"loc":{"start":{"line":97,"column":6},"end":{"line":100,"column":null}},"type":"if","locations":[{"start":{"line":97,"column":6},"end":{"line":100,"column":null}},{"start":{},"end":{}}],"line":97}},"s":{"0":41,"1":41,"2":41,"3":41,"4":41,"5":41,"6":41,"7":41,"8":7,"9":7,"10":7,"11":7,"12":7,"13":41,"14":17,"15":17,"16":17,"17":17,"18":17,"19":17,"20":15,"21":1,"22":14,"23":14,"24":8,"25":17,"26":17,"27":17,"28":9,"29":5,"30":3,"31":1,"32":3,"33":3,"34":2,"35":1,"36":2,"37":2,"38":6,"39":3,"40":6,"41":2,"42":2,"43":17,"44":17,"45":17,"46":1,"47":1,"48":41},"f":{"0":41,"1":7,"2":7,"3":17,"4":15,"5":5,"6":3,"7":17},"b":{"0":[1,14],"1":[8,6],"2":[9,6],"3":[17,9],"4":[3,2],"5":[1,2],"6":[2,1],"7":[1,1],"8":[1,1],"9":[3,3],"10":[1,1],"11":[1,16]},"meta":{"lastBranch":12,"lastFunction":8,"lastStatement":49,"seen":{"f:29:16:29:Infinity":0,"s:33:26:33:Infinity":0,"s:34:22:34:Infinity":1,"s:35:24:35:Infinity":2,"s:36:8:36:Infinity":3,"s:37:2:37:Infinity":4,"s:40:8:40:Infinity":5,"s:41:8:41:Infinity":6,"s:43:8:48:Infinity":7,"f:43:28:43:34":1,"s:44:4:44:Infinity":8,"s:45:20:45:Infinity":9,"s:46:4:46:Infinity":10,"s:47:4:47:Infinity":11,"f:47:14:47:22":2,"s:47:22:47:43":12,"s:50:2:103:Infinity":13,"f:50:12:50:18":3,"s:51:16:51:Infinity":14,"s:52:4:52:Infinity":15,"s:53:4:53:Infinity":16,"s:54:4:54:Infinity":17,"s:55:4:55:Infinity":18,"s:57:17:63:Infinity":19,"f:57:17:57:18":4,"b:58:6:58:Infinity:undefined:undefined:undefined:undefined":0,"s:58:6:58:Infinity":20,"s:58:17:58:Infinity":21,"s:59:6:59:Infinity":22,"b:60:6:62:Infinity:undefined:undefined:undefined:undefined":1,"s:60:6:62:Infinity":23,"s:61:8:61:Infinity":24,"s:65:4:93:Infinity":25,"s:66:27:66:Infinity":26,"b:67:6:88:Infinity:84:13:88:Infinity":2,"s:67:6:88:Infinity":27,"b:67:10:67:26:67:26:67:67":3,"s:68:8:83:Infinity":28,"f:69:10:69:16":5,"b:70:12:74:Infinity:undefined:undefined:undefined:undefined":4,"s:70:12:74:Infinity":29,"b:72:14:72:Infinity:undefined:undefined:undefined:undefined":5,"s:72:14:72:Infinity":30,"s:72:45:72:Infinity":31,"s:73:14:73:Infinity":32,"f:76:10:76:11":6,"b:77:12:81:Infinity:undefined:undefined:undefined:undefined":6,"s:77:12:81:Infinity":33,"b:78:14:78:Infinity:undefined:undefined:undefined:undefined":7,"s:78:14:78:Infinity":34,"s:78:45:78:Infinity":35,"s:79:14:79:Infinity":36,"b:79:46:79:52:79:52:79:74":8,"s:80:14:80:Infinity":37,"b:86:8:86:Infinity:undefined:undefined:undefined:undefined":9,"s:86:8:86:Infinity":38,"s:86:39:86:Infinity":39,"s:87:8:87:Infinity":40,"s:91:6:91:Infinity":41,"b:91:38:91:44:91:44:91:66":10,"s:92:6:92:Infinity":42,"s:95:4:101:Infinity":43,"f:95:11:95:17":7,"s:96:6:96:Infinity":44,"b:97:6:100:Infinity:undefined:undefined:undefined:undefined":11,"s:97:6:100:Infinity":45,"s:98:8:98:Infinity":46,"s:99:8:99:Infinity":47,"s:105:2:105:Infinity":48}}}
}
