{"/Users/mgild/projects/org-asm/controller/WasmTaskWorker.ts": {"path":"/Users/mgild/projects/org-asm/controller/WasmTaskWorker.ts","statementMap":{"0":{"start":{"line":90,"column":34},"end":{"line":90,"column":null}},"1":{"start":{"line":91,"column":19},"end":{"line":91,"column":null}},"2":{"start":{"line":92,"column":20},"end":{"line":95,"column":null}},"3":{"start":{"line":97,"column":19},"end":{"line":97,"column":null}},"4":{"start":{"line":98,"column":46},"end":{"line":98,"column":null}},"5":{"start":{"line":99,"column":55},"end":{"line":99,"column":null}},"6":{"start":{"line":102,"column":4},"end":{"line":102,"column":null}},"7":{"start":{"line":107,"column":4},"end":{"line":107,"column":null}},"8":{"start":{"line":107,"column":21},"end":{"line":107,"column":null}},"9":{"start":{"line":109,"column":25},"end":{"line":112,"column":null}},"10":{"start":{"line":110,"column":6},"end":{"line":110,"column":null}},"11":{"start":{"line":111,"column":6},"end":{"line":111,"column":null}},"12":{"start":{"line":114,"column":4},"end":{"line":114,"column":null}},"13":{"start":{"line":115,"column":4},"end":{"line":117,"column":null}},"14":{"start":{"line":116,"column":6},"end":{"line":116,"column":null}},"15":{"start":{"line":118,"column":4},"end":{"line":122,"column":null}},"16":{"start":{"line":119,"column":18},"end":{"line":119,"column":null}},"17":{"start":{"line":120,"column":6},"end":{"line":120,"column":null}},"18":{"start":{"line":121,"column":6},"end":{"line":121,"column":null}},"19":{"start":{"line":124,"column":43},"end":{"line":128,"column":null}},"20":{"start":{"line":129,"column":4},"end":{"line":129,"column":null}},"21":{"start":{"line":131,"column":4},"end":{"line":131,"column":null}},"22":{"start":{"line":136,"column":4},"end":{"line":138,"column":null}},"23":{"start":{"line":137,"column":6},"end":{"line":137,"column":null}},"24":{"start":{"line":140,"column":15},"end":{"line":140,"column":null}},"25":{"start":{"line":141,"column":20},"end":{"line":146,"column":null}},"26":{"start":{"line":142,"column":6},"end":{"line":145,"column":null}},"27":{"start":{"line":148,"column":39},"end":{"line":153,"column":null}},"28":{"start":{"line":154,"column":4},"end":{"line":154,"column":null}},"29":{"start":{"line":156,"column":4},"end":{"line":156,"column":null}},"30":{"start":{"line":161,"column":4},"end":{"line":161,"column":null}},"31":{"start":{"line":166,"column":4},"end":{"line":166,"column":null}},"32":{"start":{"line":171,"column":4},"end":{"line":171,"column":null}},"33":{"start":{"line":172,"column":4},"end":{"line":172,"column":null}},"34":{"start":{"line":173,"column":4},"end":{"line":173,"column":null}},"35":{"start":{"line":174,"column":4},"end":{"line":174,"column":null}},"36":{"start":{"line":178,"column":4},"end":{"line":205,"column":null}},"37":{"start":{"line":180,"column":8},"end":{"line":180,"column":null}},"38":{"start":{"line":181,"column":8},"end":{"line":181,"column":null}},"39":{"start":{"line":182,"column":8},"end":{"line":182,"column":null}},"40":{"start":{"line":185,"column":8},"end":{"line":185,"column":null}},"41":{"start":{"line":186,"column":8},"end":{"line":186,"column":null}},"42":{"start":{"line":189,"column":22},"end":{"line":189,"column":null}},"43":{"start":{"line":190,"column":8},"end":{"line":193,"column":null}},"44":{"start":{"line":191,"column":10},"end":{"line":191,"column":null}},"45":{"start":{"line":192,"column":10},"end":{"line":192,"column":null}},"46":{"start":{"line":194,"column":8},"end":{"line":194,"column":null}},"47":{"start":{"line":198,"column":22},"end":{"line":198,"column":null}},"48":{"start":{"line":199,"column":8},"end":{"line":202,"column":null}},"49":{"start":{"line":200,"column":10},"end":{"line":200,"column":null}},"50":{"start":{"line":201,"column":10},"end":{"line":201,"column":null}},"51":{"start":{"line":203,"column":8},"end":{"line":203,"column":null}},"52":{"start":{"line":209,"column":4},"end":{"line":211,"column":null}},"53":{"start":{"line":210,"column":6},"end":{"line":210,"column":null}},"54":{"start":{"line":212,"column":4},"end":{"line":212,"column":null}}},"fnMap":{"0":{"name":"(anonymous_0)","decl":{"start":{"line":101,"column":2},"end":{"line":101,"column":14}},"loc":{"start":{"line":101,"column":44},"end":{"line":103,"column":null}},"line":101},"1":{"name":"(anonymous_1)","decl":{"start":{"line":106,"column":8},"end":{"line":106,"column":36}},"loc":{"start":{"line":106,"column":36},"end":{"line":132,"column":null}},"line":106},"2":{"name":"(anonymous_2)","decl":{"start":{"line":109,"column":43},"end":{"line":109,"column":44}},"loc":{"start":{"line":109,"column":64},"end":{"line":112,"column":5}},"line":109},"3":{"name":"(anonymous_3)","decl":{"start":{"line":115,"column":28},"end":{"line":115,"column":29}},"loc":{"start":{"line":115,"column":78},"end":{"line":117,"column":null}},"line":115},"4":{"name":"(anonymous_4)","decl":{"start":{"line":118,"column":26},"end":{"line":118,"column":27}},"loc":{"start":{"line":118,"column":37},"end":{"line":122,"column":null}},"line":118},"5":{"name":"(anonymous_5)","decl":{"start":{"line":135,"column":2},"end":{"line":135,"column":20}},"loc":{"start":{"line":135,"column":64},"end":{"line":157,"column":null}},"line":135},"6":{"name":"(anonymous_6)","decl":{"start":{"line":141,"column":35},"end":{"line":141,"column":36}},"loc":{"start":{"line":141,"column":56},"end":{"line":146,"column":5}},"line":141},"7":{"name":"(anonymous_7)","decl":{"start":{"line":160,"column":6},"end":{"line":160,"column":23}},"loc":{"start":{"line":160,"column":23},"end":{"line":162,"column":null}},"line":160},"8":{"name":"(anonymous_8)","decl":{"start":{"line":165,"column":6},"end":{"line":165,"column":29}},"loc":{"start":{"line":165,"column":29},"end":{"line":167,"column":null}},"line":165},"9":{"name":"(anonymous_9)","decl":{"start":{"line":170,"column":2},"end":{"line":170,"column":18}},"loc":{"start":{"line":170,"column":18},"end":{"line":175,"column":null}},"line":170},"10":{"name":"(anonymous_10)","decl":{"start":{"line":177,"column":10},"end":{"line":177,"column":24}},"loc":{"start":{"line":177,"column":60},"end":{"line":206,"column":null}},"line":177},"11":{"name":"(anonymous_11)","decl":{"start":{"line":208,"column":10},"end":{"line":208,"column":20}},"loc":{"start":{"line":208,"column":38},"end":{"line":213,"column":null}},"line":208}},"branchMap":{"0":{"loc":{"start":{"line":107,"column":4},"end":{"line":107,"column":null}},"type":"if","locations":[{"start":{"line":107,"column":4},"end":{"line":107,"column":null}},{"start":{},"end":{}}],"line":107},"1":{"loc":{"start":{"line":136,"column":4},"end":{"line":138,"column":null}},"type":"if","locations":[{"start":{"line":136,"column":4},"end":{"line":138,"column":null}},{"start":{},"end":{}}],"line":136},"2":{"loc":{"start":{"line":136,"column":8},"end":{"line":136,"column":38}},"type":"binary-expr","locations":[{"start":{"line":136,"column":8},"end":{"line":136,"column":24}},{"start":{"line":136,"column":24},"end":{"line":136,"column":38}}],"line":136},"3":{"loc":{"start":{"line":152,"column":12},"end":{"line":152,"column":null}},"type":"binary-expr","locations":[{"start":{"line":152,"column":12},"end":{"line":152,"column":20}},{"start":{"line":152,"column":20},"end":{"line":152,"column":null}}],"line":152},"4":{"loc":{"start":{"line":178,"column":4},"end":{"line":205,"column":null}},"type":"switch","locations":[{"start":{"line":179,"column":6},"end":{"line":182,"column":null}},{"start":{"line":184,"column":6},"end":{"line":186,"column":null}},{"start":{"line":188,"column":6},"end":{"line":195,"column":null}},{"start":{"line":197,"column":6},"end":{"line":204,"column":null}}],"line":178},"5":{"loc":{"start":{"line":190,"column":8},"end":{"line":193,"column":null}},"type":"if","locations":[{"start":{"line":190,"column":8},"end":{"line":193,"column":null}},{"start":{},"end":{}}],"line":190},"6":{"loc":{"start":{"line":199,"column":8},"end":{"line":202,"column":null}},"type":"if","locations":[{"start":{"line":199,"column":8},"end":{"line":202,"column":null}},{"start":{},"end":{}}],"line":199}},"s":{"0":12,"1":12,"2":12,"3":12,"4":12,"5":12,"6":12,"7":12,"8":1,"9":11,"10":11,"11":11,"12":11,"13":11,"14":17,"15":11,"16":1,"17":1,"18":1,"19":11,"20":11,"21":11,"22":8,"23":1,"24":7,"25":7,"26":7,"27":7,"28":8,"29":8,"30":5,"31":11,"32":2,"33":2,"34":2,"35":2,"36":17,"37":9,"38":9,"39":9,"40":1,"41":1,"42":5,"43":5,"44":4,"45":4,"46":5,"47":2,"48":2,"49":1,"50":1,"51":2,"52":3,"53":2,"54":3},"f":{"0":12,"1":12,"2":11,"3":17,"4":1,"5":8,"6":7,"7":5,"8":11,"9":2,"10":17,"11":3},"b":{"0":[1,11],"1":[1,7],"2":[8,7],"3":[7,6],"4":[9,1,5,2],"5":[4,1],"6":[1,1]},"meta":{"lastBranch":7,"lastFunction":12,"lastStatement":55,"seen":{"s:90:34:90:Infinity":0,"s:91:19:91:Infinity":1,"s:92:20:95:Infinity":2,"s:97:19:97:Infinity":3,"s:98:46:98:Infinity":4,"s:99:55:99:Infinity":5,"f:101:2:101:14":0,"s:102:4:102:Infinity":6,"f:106:8:106:36":1,"b:107:4:107:Infinity:undefined:undefined:undefined:undefined":0,"s:107:4:107:Infinity":7,"s:107:21:107:Infinity":8,"s:109:25:112:Infinity":9,"f:109:43:109:44":2,"s:110:6:110:Infinity":10,"s:111:6:111:Infinity":11,"s:114:4:114:Infinity":12,"s:115:4:117:Infinity":13,"f:115:28:115:29":3,"s:116:6:116:Infinity":14,"s:118:4:122:Infinity":15,"f:118:26:118:27":4,"s:119:18:119:Infinity":16,"s:120:6:120:Infinity":17,"s:121:6:121:Infinity":18,"s:124:43:128:Infinity":19,"s:129:4:129:Infinity":20,"s:131:4:131:Infinity":21,"f:135:2:135:20":5,"b:136:4:138:Infinity:undefined:undefined:undefined:undefined":1,"s:136:4:138:Infinity":22,"b:136:8:136:24:136:24:136:38":2,"s:137:6:137:Infinity":23,"s:140:15:140:Infinity":24,"s:141:20:146:Infinity":25,"f:141:35:141:36":6,"s:142:6:145:Infinity":26,"s:148:39:153:Infinity":27,"b:152:12:152:20:152:20:152:Infinity":3,"s:154:4:154:Infinity":28,"s:156:4:156:Infinity":29,"f:160:6:160:23":7,"s:161:4:161:Infinity":30,"f:165:6:165:29":8,"s:166:4:166:Infinity":31,"f:170:2:170:18":9,"s:171:4:171:Infinity":32,"s:172:4:172:Infinity":33,"s:173:4:173:Infinity":34,"s:174:4:174:Infinity":35,"f:177:10:177:24":10,"b:179:6:182:Infinity:184:6:186:Infinity:188:6:195:Infinity:197:6:204:Infinity":4,"s:178:4:205:Infinity":36,"s:180:8:180:Infinity":37,"s:181:8:181:Infinity":38,"s:182:8:182:Infinity":39,"s:185:8:185:Infinity":40,"s:186:8:186:Infinity":41,"s:189:22:189:Infinity":42,"b:190:8:193:Infinity:undefined:undefined:undefined:undefined":5,"s:190:8:193:Infinity":43,"s:191:10:191:Infinity":44,"s:192:10:192:Infinity":45,"s:194:8:194:Infinity":46,"s:198:22:198:Infinity":47,"b:199:8:202:Infinity:undefined:undefined:undefined:undefined":6,"s:199:8:202:Infinity":48,"s:200:10:200:Infinity":49,"s:201:10:201:Infinity":50,"s:203:8:203:Infinity":51,"f:208:10:208:20":11,"s:209:4:211:Infinity":52,"s:210:6:210:Infinity":53,"s:212:4:212:Infinity":54}}}
,"/Users/mgild/projects/org-asm/controller/task-worker-entry.ts": {"path":"/Users/mgild/projects/org-asm/controller/task-worker-entry.ts","statementMap":{"0":{"start":{"line":29,"column":45},"end":{"line":29,"column":null}},"1":{"start":{"line":36,"column":3},"end":{"line":36,"column":null}},"2":{"start":{"line":39,"column":0},"end":{"line":91,"column":null}},"3":{"start":{"line":40,"column":14},"end":{"line":40,"column":null}},"4":{"start":{"line":42,"column":2},"end":{"line":90,"column":null}},"5":{"start":{"line":44,"column":6},"end":{"line":58,"column":null}},"6":{"start":{"line":46,"column":21},"end":{"line":46,"column":null}},"7":{"start":{"line":47,"column":8},"end":{"line":49,"column":null}},"8":{"start":{"line":48,"column":10},"end":{"line":48,"column":null}},"9":{"start":{"line":50,"column":21},"end":{"line":50,"column":null}},"10":{"start":{"line":51,"column":8},"end":{"line":53,"column":null}},"11":{"start":{"line":52,"column":10},"end":{"line":52,"column":null}},"12":{"start":{"line":54,"column":8},"end":{"line":54,"column":null}},"13":{"start":{"line":55,"column":8},"end":{"line":55,"column":null}},"14":{"start":{"line":57,"column":8},"end":{"line":57,"column":null}},"15":{"start":{"line":59,"column":6},"end":{"line":59,"column":null}},"16":{"start":{"line":63,"column":6},"end":{"line":66,"column":null}},"17":{"start":{"line":64,"column":8},"end":{"line":64,"column":null}},"18":{"start":{"line":65,"column":8},"end":{"line":65,"column":null}},"19":{"start":{"line":68,"column":6},"end":{"line":87,"column":null}},"20":{"start":{"line":69,"column":23},"end":{"line":69,"column":null}},"21":{"start":{"line":70,"column":8},"end":{"line":72,"column":null}},"22":{"start":{"line":71,"column":10},"end":{"line":71,"column":null}},"23":{"start":{"line":74,"column":23},"end":{"line":74,"column":null}},"24":{"start":{"line":77,"column":8},"end":{"line":84,"column":null}},"25":{"start":{"line":78,"column":11},"end":{"line":81,"column":null}},"26":{"start":{"line":79,"column":23},"end":{"line":79,"column":null}},"27":{"start":{"line":80,"column":21},"end":{"line":80,"column":null}},"28":{"start":{"line":83,"column":10},"end":{"line":83,"column":null}},"29":{"start":{"line":86,"column":8},"end":{"line":86,"column":null}},"30":{"start":{"line":88,"column":6},"end":{"line":88,"column":null}}},"fnMap":{"0":{"name":"post","decl":{"start":{"line":35,"column":9},"end":{"line":35,"column":14}},"loc":{"start":{"line":35,"column":50},"end":{"line":37,"column":null}},"line":35},"1":{"name":"(anonymous_1)","decl":{"start":{"line":39,"column":17},"end":{"line":39,"column":24}},"loc":{"start":{"line":39,"column":73},"end":{"line":91,"column":null}},"line":39},"2":{"name":"(anonymous_2)","decl":{"start":{"line":79,"column":12},"end":{"line":79,"column":13}},"loc":{"start":{"line":79,"column":23},"end":{"line":79,"column":null}},"line":79},"3":{"name":"(anonymous_3)","decl":{"start":{"line":80,"column":12},"end":{"line":80,"column":13}},"loc":{"start":{"line":80,"column":21},"end":{"line":80,"column":null}},"line":80}},"branchMap":{"0":{"loc":{"start":{"line":42,"column":2},"end":{"line":90,"column":null}},"type":"switch","locations":[{"start":{"line":43,"column":4},"end":{"line":60,"column":null}},{"start":{"line":62,"column":4},"end":{"line":89,"column":null}}],"line":42},"1":{"loc":{"start":{"line":47,"column":8},"end":{"line":49,"column":null}},"type":"if","locations":[{"start":{"line":47,"column":8},"end":{"line":49,"column":null}},{"start":{},"end":{}}],"line":47},"2":{"loc":{"start":{"line":51,"column":8},"end":{"line":53,"column":null}},"type":"if","locations":[{"start":{"line":51,"column":8},"end":{"line":53,"column":null}},{"start":{},"end":{}}],"line":51},"3":{"loc":{"start":{"line":57,"column":44},"end":{"line":57,"column":93}},"type":"cond-expr","locations":[{"start":{"line":57,"column":67},"end":{"line":57,"column":81}},{"start":{"line":57,"column":81},"end":{"line":57,"column":93}}],"line":57},"4":{"loc":{"start":{"line":63,"column":6},"end":{"line":66,"column":null}},"type":"if","locations":[{"start":{"line":63,"column":6},"end":{"line":66,"column":null}},{"start":{},"end":{}}],"line":63},"5":{"loc":{"start":{"line":70,"column":8},"end":{"line":72,"column":null}},"type":"if","locations":[{"start":{"line":70,"column":8},"end":{"line":72,"column":null}},{"start":{},"end":{}}],"line":70},"6":{"loc":{"start":{"line":77,"column":8},"end":{"line":84,"column":null}},"type":"if","locations":[{"start":{"line":77,"column":8},"end":{"line":84,"column":null}},{"start":{"line":82,"column":15},"end":{"line":84,"column":null}}],"line":77},"7":{"loc":{"start":{"line":77,"column":12},"end":{"line":77,"column":129}},"type":"binary-expr","locations":[{"start":{"line":77,"column":12},"end":{"line":77,"column":22}},{"start":{"line":77,"column":22},"end":{"line":77,"column":52}},{"start":{"line":77,"column":52},"end":{"line":77,"column":72}},{"start":{"line":77,"column":72},"end":{"line":77,"column":129}}],"line":77},"8":{"loc":{"start":{"line":80,"column":64},"end":{"line":80,"column":113}},"type":"cond-expr","locations":[{"start":{"line":80,"column":87},"end":{"line":80,"column":101}},{"start":{"line":80,"column":101},"end":{"line":80,"column":113}}],"line":80},"9":{"loc":{"start":{"line":86,"column":51},"end":{"line":86,"column":100}},"type":"cond-expr","locations":[{"start":{"line":86,"column":74},"end":{"line":86,"column":88}},{"start":{"line":86,"column":88},"end":{"line":86,"column":100}}],"line":86}},"s":{"0":13,"1":20,"2":13,"3":20,"4":20,"5":12,"6":12,"7":11,"8":10,"9":10,"10":10,"11":1,"12":9,"13":9,"14":3,"15":12,"16":8,"17":1,"18":1,"19":7,"20":7,"21":7,"22":1,"23":6,"24":6,"25":3,"26":1,"27":2,"28":1,"29":3,"30":7},"f":{"0":20,"1":20,"2":1,"3":2},"b":{"0":[12,8],"1":[10,1],"2":[1,9],"3":[2,1],"4":[1,7],"5":[1,6],"6":[3,1],"7":[6,4,4,3],"8":[1,1],"9":[2,1]},"meta":{"lastBranch":10,"lastFunction":4,"lastStatement":31,"seen":{"s:29:45:29:Infinity":0,"f:35:9:35:14":0,"s:36:3:36:Infinity":1,"s:39:0:91:Infinity":2,"f:39:17:39:24":1,"s:40:14:40:Infinity":3,"b:43:4:60:Infinity:62:4:89:Infinity":0,"s:42:2:90:Infinity":4,"s:44:6:58:Infinity":5,"s:46:21:46:Infinity":6,"b:47:8:49:Infinity:undefined:undefined:undefined:undefined":1,"s:47:8:49:Infinity":7,"s:48:10:48:Infinity":8,"s:50:21:50:Infinity":9,"b:51:8:53:Infinity:undefined:undefined:undefined:undefined":2,"s:51:8:53:Infinity":10,"s:52:10:52:Infinity":11,"s:54:8:54:Infinity":12,"s:55:8:55:Infinity":13,"s:57:8:57:Infinity":14,"b:57:67:57:81:57:81:57:93":3,"s:59:6:59:Infinity":15,"b:63:6:66:Infinity:undefined:undefined:undefined:undefined":4,"s:63:6:66:Infinity":16,"s:64:8:64:Infinity":17,"s:65:8:65:Infinity":18,"s:68:6:87:Infinity":19,"s:69:23:69:Infinity":20,"b:70:8:72:Infinity:undefined:undefined:undefined:undefined":5,"s:70:8:72:Infinity":21,"s:71:10:71:Infinity":22,"s:74:23:74:Infinity":23,"b:77:8:84:Infinity:82:15:84:Infinity":6,"s:77:8:84:Infinity":24,"b:77:12:77:22:77:22:77:52:77:52:77:72:77:72:77:129":7,"s:78:11:81:Infinity":25,"f:79:12:79:13":2,"s:79:23:79:Infinity":26,"f:80:12:80:13":3,"s:80:21:80:Infinity":27,"b:80:87:80:101:80:101:80:113":8,"s:83:10:83:Infinity":28,"s:86:8:86:Infinity":29,"b:86:74:86:88:86:88:86:100":9,"s:88:6:88:Infinity":30}}}
,"/Users/mgild/projects/org-asm/core/types.ts": {"path":"/Users/mgild/projects/org-asm/core/types.ts","statementMap":{"0":{"start":{"line":76,"column":35},"end":{"line":76,"column":null}},"1":{"start":{"line":77,"column":36},"end":{"line":77,"column":null}},"2":{"start":{"line":84,"column":7},"end":{"line":84,"column":null}},"3":{"start":{"line":85,"column":2},"end":{"line":85,"column":null}},"4":{"start":{"line":86,"column":2},"end":{"line":86,"column":null}},"5":{"start":{"line":87,"column":2},"end":{"line":87,"column":null}},"6":{"start":{"line":88,"column":2},"end":{"line":88,"column":null}},"7":{"start":{"line":84,"column":12},"end":{"line":84,"column":null}}},"fnMap":{"0":{"name":"(anonymous_0)","decl":{"start":{"line":84,"column":7},"end":{"line":84,"column":12}},"loc":{"start":{"line":84,"column":7},"end":{"line":84,"column":null}},"line":84}},"branchMap":{"0":{"loc":{"start":{"line":84,"column":12},"end":{"line":84,"column":null}},"type":"binary-expr","locations":[{"start":{"line":84,"column":12},"end":{"line":84,"column":null}},{"start":{"line":84,"column":12},"end":{"line":84,"column":null}}],"line":84}},"s":{"0":1,"1":1,"2":1,"3":1,"4":1,"5":1,"6":1,"7":1},"f":{"0":1},"b":{"0":[1,1]},"meta":{"lastBranch":1,"lastFunction":1,"lastStatement":8,"seen":{"s:76:35:76:Infinity":0,"s:77:36:77:Infinity":1,"s:84:7:84:Infinity":2,"f:84:7:84:12":0,"s:85:2:85:Infinity":3,"s:86:2:86:Infinity":4,"s:87:2:87:Infinity":5,"s:88:2:88:Infinity":6,"s:84:12:84:Infinity":7,"b:84:12:84:Infinity:84:12:84:Infinity":0}}}
,"/Users/mgild/projects/org-asm/react/WasmErrorBoundary.ts": {"path":"/Users/mgild/projects/org-asm/react/WasmErrorBoundary.ts","statementMap":{"0":{"start":{"line":65,"column":10},"end":{"line":68,"column":null}},"1":{"start":{"line":53,"column":4},"end":{"line":53,"column":null}},"2":{"start":{"line":54,"column":4},"end":{"line":54,"column":null}},"3":{"start":{"line":58,"column":4},"end":{"line":58,"column":null}},"4":{"start":{"line":62,"column":4},"end":{"line":62,"column":null}},"5":{"start":{"line":66,"column":4},"end":{"line":66,"column":null}},"6":{"start":{"line":67,"column":4},"end":{"line":67,"column":null}},"7":{"start":{"line":71,"column":22},"end":{"line":71,"column":null}},"8":{"start":{"line":72,"column":4},"end":{"line":78,"column":null}},"9":{"start":{"line":73,"column":27},"end":{"line":73,"column":null}},"10":{"start":{"line":74,"column":6},"end":{"line":76,"column":null}},"11":{"start":{"line":75,"column":8},"end":{"line":75,"column":null}},"12":{"start":{"line":77,"column":6},"end":{"line":77,"column":null}},"13":{"start":{"line":79,"column":4},"end":{"line":79,"column":null}}},"fnMap":{"0":{"name":"(anonymous_0)","decl":{"start":{"line":52,"column":2},"end":{"line":52,"column":14}},"loc":{"start":{"line":52,"column":45},"end":{"line":55,"column":null}},"line":52},"1":{"name":"(anonymous_1)","decl":{"start":{"line":57,"column":9},"end":{"line":57,"column":34}},"loc":{"start":{"line":57,"column":55},"end":{"line":59,"column":null}},"line":57},"2":{"name":"(anonymous_2)","decl":{"start":{"line":61,"column":2},"end":{"line":61,"column":20}},"loc":{"start":{"line":61,"column":62},"end":{"line":63,"column":null}},"line":61},"3":{"name":"(anonymous_3)","decl":{"start":{"line":65,"column":10},"end":{"line":65,"column":22}},"loc":{"start":{"line":65,"column":22},"end":{"line":68,"column":null}},"line":65},"4":{"name":"(anonymous_4)","decl":{"start":{"line":70,"column":2},"end":{"line":70,"column":22}},"loc":{"start":{"line":70,"column":22},"end":{"line":80,"column":null}},"line":70}},"branchMap":{"0":{"loc":{"start":{"line":72,"column":4},"end":{"line":78,"column":null}},"type":"if","locations":[{"start":{"line":72,"column":4},"end":{"line":78,"column":null}},{"start":{},"end":{}}],"line":72},"1":{"loc":{"start":{"line":74,"column":6},"end":{"line":76,"column":null}},"type":"if","locations":[{"start":{"line":74,"column":6},"end":{"line":76,"column":null}},{"start":{},"end":{}}],"line":74}},"s":{"0":2,"1":12,"2":12,"3":10,"4":5,"5":2,"6":2,"7":23,"8":23,"9":10,"10":10,"11":6,"12":4,"13":13},"f":{"0":12,"1":1,"2":5,"3":2,"4":23},"b":{"0":[10,13],"1":[6,4]},"meta":{"lastBranch":2,"lastFunction":5,"lastStatement":14,"seen":{"s:65:10:68:Infinity":0,"f:52:2:52:14":0,"s:53:4:53:Infinity":1,"s:54:4:54:Infinity":2,"f:57:9:57:34":1,"s:58:4:58:Infinity":3,"f:61:2:61:20":2,"s:62:4:62:Infinity":4,"f:65:10:65:22":3,"s:66:4:66:Infinity":5,"s:67:4:67:Infinity":6,"f:70:2:70:22":4,"s:71:22:71:Infinity":7,"b:72:4:78:Infinity:undefined:undefined:undefined:undefined":0,"s:72:4:78:Infinity":8,"s:73:27:73:Infinity":9,"b:74:6:76:Infinity:undefined:undefined:undefined:undefined":1,"s:74:6:76:Infinity":10,"s:75:8:75:Infinity":11,"s:77:6:77:Infinity":12,"s:79:4:79:Infinity":13}}}
,"/Users/mgild/projects/org-asm/react/createWasmContext.ts": {"path":"/Users/mgild/projects/org-asm/react/createWasmContext.ts","statementMap":{"0":{"start":{"line":51,"column":8},"end":{"line":51,"column":null}},"1":{"start":{"line":52,"column":8},"end":{"line":52,"column":null}},"2":{"start":{"line":55,"column":10},"end":{"line":55,"column":null}},"3":{"start":{"line":56,"column":4},"end":{"line":58,"column":null}},"4":{"start":{"line":57,"column":6},"end":{"line":57,"column":null}},"5":{"start":{"line":59,"column":4},"end":{"line":59,"column":null}},"6":{"start":{"line":63,"column":10},"end":{"line":63,"column":null}},"7":{"start":{"line":64,"column":4},"end":{"line":66,"column":null}},"8":{"start":{"line":65,"column":6},"end":{"line":65,"column":null}},"9":{"start":{"line":67,"column":4},"end":{"line":67,"column":null}},"10":{"start":{"line":71,"column":4},"end":{"line":75,"column":null}},"11":{"start":{"line":78,"column":2},"end":{"line":78,"column":null}}},"fnMap":{"0":{"name":"createWasmContext","decl":{"start":{"line":50,"column":16},"end":{"line":50,"column":60}},"loc":{"start":{"line":50,"column":60},"end":{"line":79,"column":null}},"line":50},"1":{"name":"useEngine","decl":{"start":{"line":54,"column":11},"end":{"line":54,"column":26}},"loc":{"start":{"line":54,"column":26},"end":{"line":60,"column":null}},"line":54},"2":{"name":"useNotifier","decl":{"start":{"line":62,"column":11},"end":{"line":62,"column":39}},"loc":{"start":{"line":62,"column":39},"end":{"line":68,"column":null}},"line":62},"3":{"name":"WasmProvider","decl":{"start":{"line":70,"column":11},"end":{"line":70,"column":24}},"loc":{"start":{"line":70,"column":89},"end":{"line":76,"column":null}},"line":70}},"branchMap":{"0":{"loc":{"start":{"line":56,"column":4},"end":{"line":58,"column":null}},"type":"if","locations":[{"start":{"line":56,"column":4},"end":{"line":58,"column":null}},{"start":{},"end":{}}],"line":56},"1":{"loc":{"start":{"line":64,"column":4},"end":{"line":66,"column":null}},"type":"if","locations":[{"start":{"line":64,"column":4},"end":{"line":66,"column":null}},{"start":{},"end":{}}],"line":64}},"s":{"0":5,"1":5,"2":3,"3":3,"4":2,"5":1,"6":3,"7":3,"8":2,"9":1,"10":3,"11":5},"f":{"0":5,"1":3,"2":3,"3":3},"b":{"0":[2,1],"1":[2,1]},"meta":{"lastBranch":2,"lastFunction":4,"lastStatement":12,"seen":{"f:50:16:50:60":0,"s:51:8:51:Infinity":0,"s:52:8:52:Infinity":1,"f:54:11:54:26":1,"s:55:10:55:Infinity":2,"b:56:4:58:Infinity:undefined:undefined:undefined:undefined":0,"s:56:4:58:Infinity":3,"s:57:6:57:Infinity":4,"s:59:4:59:Infinity":5,"f:62:11:62:39":2,"s:63:10:63:Infinity":6,"b:64:4:66:Infinity:undefined:undefined:undefined:undefined":1,"s:64:4:66:Infinity":7,"s:65:6:65:Infinity":8,"s:67:4:67:Infinity":9,"f:70:11:70:24":3,"s:71:4:75:Infinity":10,"s:78:2:78:Infinity":11}}}
,"/Users/mgild/projects/org-asm/react/useAsyncWasmCall.ts": {"path":"/Users/mgild/projects/org-asm/react/useAsyncWasmCall.ts","statementMap":{"0":{"start":{"line":35,"column":26},"end":{"line":35,"column":null}},"1":{"start":{"line":36,"column":28},"end":{"line":36,"column":null}},"2":{"start":{"line":37,"column":24},"end":{"line":37,"column":null}},"3":{"start":{"line":38,"column":8},"end":{"line":38,"column":null}},"4":{"start":{"line":39,"column":2},"end":{"line":39,"column":null}},"5":{"start":{"line":41,"column":2},"end":{"line":63,"column":null}},"6":{"start":{"line":42,"column":16},"end":{"line":42,"column":null}},"7":{"start":{"line":43,"column":4},"end":{"line":43,"column":null}},"8":{"start":{"line":44,"column":4},"end":{"line":44,"column":null}},"9":{"start":{"line":46,"column":4},"end":{"line":59,"column":null}},"10":{"start":{"line":48,"column":8},"end":{"line":51,"column":null}},"11":{"start":{"line":49,"column":10},"end":{"line":49,"column":null}},"12":{"start":{"line":50,"column":10},"end":{"line":50,"column":null}},"13":{"start":{"line":54,"column":8},"end":{"line":57,"column":null}},"14":{"start":{"line":55,"column":10},"end":{"line":55,"column":null}},"15":{"start":{"line":56,"column":10},"end":{"line":56,"column":null}},"16":{"start":{"line":61,"column":4},"end":{"line":61,"column":null}},"17":{"start":{"line":61,"column":19},"end":{"line":61,"column":33}},"18":{"start":{"line":65,"column":2},"end":{"line":65,"column":null}}},"fnMap":{"0":{"name":"useAsyncWasmCall","decl":{"start":{"line":31,"column":16},"end":{"line":31,"column":null}},"loc":{"start":{"line":34,"column":26},"end":{"line":66,"column":null}},"line":34},"1":{"name":"(anonymous_1)","decl":{"start":{"line":41,"column":12},"end":{"line":41,"column":18}},"loc":{"start":{"line":41,"column":18},"end":{"line":63,"column":5}},"line":41},"2":{"name":"(anonymous_2)","decl":{"start":{"line":47,"column":6},"end":{"line":47,"column":7}},"loc":{"start":{"line":47,"column":17},"end":{"line":52,"column":null}},"line":47},"3":{"name":"(anonymous_3)","decl":{"start":{"line":53,"column":6},"end":{"line":53,"column":7}},"loc":{"start":{"line":53,"column":15},"end":{"line":58,"column":null}},"line":53},"4":{"name":"(anonymous_4)","decl":{"start":{"line":61,"column":11},"end":{"line":61,"column":17}},"loc":{"start":{"line":61,"column":17},"end":{"line":61,"column":null}},"line":61}},"branchMap":{"0":{"loc":{"start":{"line":48,"column":8},"end":{"line":51,"column":null}},"type":"if","locations":[{"start":{"line":48,"column":8},"end":{"line":51,"column":null}},{"start":{},"end":{}}],"line":48},"1":{"loc":{"start":{"line":54,"column":8},"end":{"line":57,"column":null}},"type":"if","locations":[{"start":{"line":54,"column":8},"end":{"line":57,"column":null}},{"start":{},"end":{}}],"line":54},"2":{"loc":{"start":{"line":55,"column":19},"end":{"line":55,"column":70}},"type":"cond-expr","locations":[{"start":{"line":55,"column":42},"end":{"line":55,"column":48}},{"start":{"line":55,"column":48},"end":{"line":55,"column":70}}],"line":55}},"s":{"0":18,"1":18,"2":18,"3":18,"4":18,"5":18,"6":10,"7":10,"8":10,"9":10,"10":6,"11":5,"12":5,"13":3,"14":2,"15":2,"16":10,"17":10,"18":18},"f":{"0":18,"1":10,"2":6,"3":3,"4":10},"b":{"0":[5,1],"1":[2,1],"2":[1,1]},"meta":{"lastBranch":3,"lastFunction":5,"lastStatement":19,"seen":{"f:31:16:31:Infinity":0,"s:35:26:35:Infinity":0,"s:36:28:36:Infinity":1,"s:37:24:37:Infinity":2,"s:38:8:38:Infinity":3,"s:39:2:39:Infinity":4,"s:41:2:63:Infinity":5,"f:41:12:41:18":1,"s:42:16:42:Infinity":6,"s:43:4:43:Infinity":7,"s:44:4:44:Infinity":8,"s:46:4:59:Infinity":9,"f:47:6:47:7":2,"b:48:8:51:Infinity:undefined:undefined:undefined:undefined":0,"s:48:8:51:Infinity":10,"s:49:10:49:Infinity":11,"s:50:10:50:Infinity":12,"f:53:6:53:7":3,"b:54:8:57:Infinity:undefined:undefined:undefined:undefined":1,"s:54:8:57:Infinity":13,"s:55:10:55:Infinity":14,"b:55:42:55:48:55:48:55:70":2,"s:56:10:56:Infinity":15,"s:61:4:61:Infinity":16,"f:61:11:61:17":4,"s:61:19:61:33":17,"s:65:2:65:Infinity":18}}}
,"/Users/mgild/projects/org-asm/react/useDebouncedWasmCall.ts": {"path":"/Users/mgild/projects/org-asm/react/useDebouncedWasmCall.ts","statementMap":{"0":{"start":{"line":29,"column":24},"end":{"line":29,"column":null}},"1":{"start":{"line":30,"column":8},"end":{"line":30,"column":null}},"2":{"start":{"line":31,"column":2},"end":{"line":31,"column":null}},"3":{"start":{"line":32,"column":8},"end":{"line":32,"column":null}},"4":{"start":{"line":34,"column":2},"end":{"line":43,"column":null}},"5":{"start":{"line":35,"column":4},"end":{"line":37,"column":null}},"6":{"start":{"line":36,"column":6},"end":{"line":36,"column":null}},"7":{"start":{"line":39,"column":4},"end":{"line":41,"column":null}},"8":{"start":{"line":40,"column":6},"end":{"line":40,"column":null}},"9":{"start":{"line":45,"column":2},"end":{"line":45,"column":null}}},"fnMap":{"0":{"name":"useDebouncedWasmCall","decl":{"start":{"line":24,"column":16},"end":{"line":24,"column":null}},"loc":{"start":{"line":28,"column":12},"end":{"line":46,"column":null}},"line":28},"1":{"name":"(anonymous_1)","decl":{"start":{"line":34,"column":12},"end":{"line":34,"column":18}},"loc":{"start":{"line":34,"column":18},"end":{"line":43,"column":5}},"line":34},"2":{"name":"(anonymous_2)","decl":{"start":{"line":35,"column":34},"end":{"line":35,"column":40}},"loc":{"start":{"line":35,"column":40},"end":{"line":37,"column":7}},"line":35},"3":{"name":"(anonymous_3)","decl":{"start":{"line":39,"column":11},"end":{"line":39,"column":17}},"loc":{"start":{"line":39,"column":17},"end":{"line":41,"column":null}},"line":39}},"branchMap":{},"s":{"0":14,"1":14,"2":14,"3":14,"4":14,"5":8,"6":5,"7":8,"8":8,"9":14},"f":{"0":14,"1":8,"2":5,"3":8},"b":{},"meta":{"lastBranch":0,"lastFunction":4,"lastStatement":10,"seen":{"f:24:16:24:Infinity":0,"s:29:24:29:Infinity":0,"s:30:8:30:Infinity":1,"s:31:2:31:Infinity":2,"s:32:8:32:Infinity":3,"s:34:2:43:Infinity":4,"f:34:12:34:18":1,"s:35:4:37:Infinity":5,"f:35:34:35:40":2,"s:36:6:36:Infinity":6,"s:39:4:41:Infinity":7,"f:39:11:39:17":3,"s:40:6:40:Infinity":8,"s:45:2:45:Infinity":9}}}
,"/Users/mgild/projects/org-asm/react/useWasmCall.ts": {"path":"/Users/mgild/projects/org-asm/react/useWasmCall.ts","statementMap":{"0":{"start":{"line":17,"column":2},"end":{"line":17,"column":null}}},"fnMap":{"0":{"name":"useWasmCall","decl":{"start":{"line":15,"column":16},"end":{"line":15,"column":31}},"loc":{"start":{"line":15,"column":77},"end":{"line":18,"column":null}},"line":15}},"branchMap":{},"s":{"0":9},"f":{"0":9},"b":{},"meta":{"lastBranch":0,"lastFunction":1,"lastStatement":1,"seen":{"f:15:16:15:31":0,"s:17:2:17:Infinity":0}}}
,"/Users/mgild/projects/org-asm/react/useWasmReducer.ts": {"path":"/Users/mgild/projects/org-asm/react/useWasmReducer.ts","statementMap":{"0":{"start":{"line":49,"column":8},"end":{"line":49,"column":null}},"1":{"start":{"line":50,"column":2},"end":{"line":50,"column":null}},"2":{"start":{"line":53,"column":8},"end":{"line":53,"column":null}},"3":{"start":{"line":55,"column":8},"end":{"line":58,"column":null}},"4":{"start":{"line":56,"column":4},"end":{"line":56,"column":null}},"5":{"start":{"line":57,"column":4},"end":{"line":57,"column":null}},"6":{"start":{"line":57,"column":19},"end":{"line":57,"column":52}},"7":{"start":{"line":60,"column":8},"end":{"line":63,"column":null}},"8":{"start":{"line":61,"column":10},"end":{"line":61,"column":null}},"9":{"start":{"line":65,"column":8},"end":{"line":65,"column":null}},"10":{"start":{"line":67,"column":8},"end":{"line":80,"column":null}},"11":{"start":{"line":69,"column":21},"end":{"line":69,"column":null}},"12":{"start":{"line":70,"column":6},"end":{"line":77,"column":null}},"13":{"start":{"line":71,"column":9},"end":{"line":74,"column":null}},"14":{"start":{"line":72,"column":18},"end":{"line":72,"column":63}},"15":{"start":{"line":72,"column":57},"end":{"line":72,"column":63}},"16":{"start":{"line":73,"column":18},"end":{"line":73,"column":63}},"17":{"start":{"line":73,"column":57},"end":{"line":73,"column":63}},"18":{"start":{"line":76,"column":8},"end":{"line":76,"column":null}},"19":{"start":{"line":76,"column":47},"end":{"line":76,"column":null}},"20":{"start":{"line":82,"column":2},"end":{"line":82,"column":null}}},"fnMap":{"0":{"name":"useWasmReducer","decl":{"start":{"line":45,"column":16},"end":{"line":45,"column":null}},"loc":{"start":{"line":48,"column":28},"end":{"line":83,"column":null}},"line":48},"1":{"name":"(anonymous_1)","decl":{"start":{"line":55,"column":32},"end":{"line":55,"column":33}},"loc":{"start":{"line":55,"column":52},"end":{"line":58,"column":5}},"line":55},"2":{"name":"(anonymous_2)","decl":{"start":{"line":57,"column":11},"end":{"line":57,"column":17}},"loc":{"start":{"line":57,"column":17},"end":{"line":57,"column":null}},"line":57},"3":{"name":"(anonymous_3)","decl":{"start":{"line":61,"column":4},"end":{"line":61,"column":10}},"loc":{"start":{"line":61,"column":10},"end":{"line":61,"column":null}},"line":61},"4":{"name":"(anonymous_4)","decl":{"start":{"line":68,"column":4},"end":{"line":68,"column":5}},"loc":{"start":{"line":68,"column":19},"end":{"line":78,"column":null}},"line":68},"5":{"name":"(anonymous_5)","decl":{"start":{"line":72,"column":10},"end":{"line":72,"column":16}},"loc":{"start":{"line":72,"column":16},"end":{"line":72,"column":null}},"line":72},"6":{"name":"(anonymous_6)","decl":{"start":{"line":73,"column":10},"end":{"line":73,"column":16}},"loc":{"start":{"line":73,"column":16},"end":{"line":73,"column":null}},"line":73}},"branchMap":{"0":{"loc":{"start":{"line":70,"column":6},"end":{"line":77,"column":null}},"type":"if","locations":[{"start":{"line":70,"column":6},"end":{"line":77,"column":null}},{"start":{"line":75,"column":13},"end":{"line":77,"column":null}}],"line":70},"1":{"loc":{"start":{"line":70,"column":10},"end":{"line":70,"column":68}},"type":"binary-expr","locations":[{"start":{"line":70,"column":10},"end":{"line":70,"column":20}},{"start":{"line":70,"column":20},"end":{"line":70,"column":50}},{"start":{"line":70,"column":50},"end":{"line":70,"column":68}}],"line":70}},"s":{"0":10,"1":10,"2":10,"3":10,"4":5,"5":5,"6":5,"7":10,"8":37,"9":10,"10":10,"11":7,"12":7,"13":2,"14":1,"15":1,"16":1,"17":1,"18":5,"19":5,"20":10},"f":{"0":10,"1":5,"2":5,"3":37,"4":7,"5":1,"6":1},"b":{"0":[2,5],"1":[7,2,2]},"meta":{"lastBranch":2,"lastFunction":7,"lastStatement":21,"seen":{"f:45:16:45:Infinity":0,"s:49:8:49:Infinity":0,"s:50:2:50:Infinity":1,"s:53:8:53:Infinity":2,"s:55:8:58:Infinity":3,"f:55:32:55:33":1,"s:56:4:56:Infinity":4,"s:57:4:57:Infinity":5,"f:57:11:57:17":2,"s:57:19:57:52":6,"s:60:8:63:Infinity":7,"f:61:4:61:10":3,"s:61:10:61:Infinity":8,"s:65:8:65:Infinity":9,"s:67:8:80:Infinity":10,"f:68:4:68:5":4,"s:69:21:69:Infinity":11,"b:70:6:77:Infinity:75:13:77:Infinity":0,"s:70:6:77:Infinity":12,"b:70:10:70:20:70:20:70:50:70:50:70:68":1,"s:71:9:74:Infinity":13,"f:72:10:72:16":5,"s:72:18:72:63":14,"s:72:57:72:63":15,"f:73:10:73:16":6,"s:73:18:73:63":16,"s:73:57:73:63":17,"s:76:8:76:Infinity":18,"s:76:47:76:Infinity":19,"s:82:2:82:Infinity":20}}}
,"/Users/mgild/projects/org-asm/react/useWasmSelector.ts": {"path":"/Users/mgild/projects/org-asm/react/useWasmSelector.ts","statementMap":{"0":{"start":{"line":30,"column":2},"end":{"line":30,"column":null}},"1":{"start":{"line":30,"column":23},"end":{"line":30,"column":null}},"2":{"start":{"line":31,"column":2},"end":{"line":31,"column":null}},"3":{"start":{"line":31,"column":54},"end":{"line":31,"column":null}},"4":{"start":{"line":32,"column":2},"end":{"line":32,"column":null}},"5":{"start":{"line":32,"column":32},"end":{"line":32,"column":null}},"6":{"start":{"line":34,"column":16},"end":{"line":34,"column":null}},"7":{"start":{"line":35,"column":16},"end":{"line":35,"column":null}},"8":{"start":{"line":36,"column":2},"end":{"line":36,"column":null}},"9":{"start":{"line":36,"column":37},"end":{"line":36,"column":null}},"10":{"start":{"line":38,"column":2},"end":{"line":41,"column":null}},"11":{"start":{"line":39,"column":4},"end":{"line":39,"column":null}},"12":{"start":{"line":39,"column":55},"end":{"line":39,"column":null}},"13":{"start":{"line":40,"column":4},"end":{"line":40,"column":null}},"14":{"start":{"line":40,"column":94},"end":{"line":40,"column":null}},"15":{"start":{"line":42,"column":2},"end":{"line":42,"column":null}},"16":{"start":{"line":50,"column":8},"end":{"line":50,"column":null}},"17":{"start":{"line":51,"column":8},"end":{"line":51,"column":null}},"18":{"start":{"line":52,"column":2},"end":{"line":52,"column":null}},"19":{"start":{"line":53,"column":8},"end":{"line":53,"column":null}},"20":{"start":{"line":54,"column":2},"end":{"line":54,"column":null}},"21":{"start":{"line":56,"column":8},"end":{"line":63,"column":null}},"22":{"start":{"line":57,"column":17},"end":{"line":57,"column":null}},"23":{"start":{"line":58,"column":4},"end":{"line":60,"column":null}},"24":{"start":{"line":59,"column":6},"end":{"line":59,"column":null}},"25":{"start":{"line":61,"column":4},"end":{"line":61,"column":null}},"26":{"start":{"line":62,"column":4},"end":{"line":62,"column":null}},"27":{"start":{"line":65,"column":2},"end":{"line":65,"column":null}}},"fnMap":{"0":{"name":"shallowEqual","decl":{"start":{"line":29,"column":9},"end":{"line":29,"column":25}},"loc":{"start":{"line":29,"column":46},"end":{"line":43,"column":null}},"line":29},"1":{"name":"useWasmSelector","decl":{"start":{"line":45,"column":16},"end":{"line":45,"column":null}},"loc":{"start":{"line":49,"column":5},"end":{"line":66,"column":null}},"line":49},"2":{"name":"(anonymous_2)","decl":{"start":{"line":56,"column":42},"end":{"line":56,"column":48}},"loc":{"start":{"line":56,"column":48},"end":{"line":63,"column":5}},"line":56}},"branchMap":{"0":{"loc":{"start":{"line":30,"column":2},"end":{"line":30,"column":null}},"type":"if","locations":[{"start":{"line":30,"column":2},"end":{"line":30,"column":null}},{"start":{},"end":{}}],"line":30},"1":{"loc":{"start":{"line":31,"column":2},"end":{"line":31,"column":null}},"type":"if","locations":[{"start":{"line":31,"column":2},"end":{"line":31,"column":null}},{"start":{},"end":{}}],"line":31},"2":{"loc":{"start":{"line":31,"column":6},"end":{"line":31,"column":54}},"type":"binary-expr","locations":[{"start":{"line":31,"column":6},"end":{"line":31,"column":31}},{"start":{"line":31,"column":31},"end":{"line":31,"column":54}}],"line":31},"3":{"loc":{"start":{"line":32,"column":2},"end":{"line":32,"column":null}},"type":"if","locations":[{"start":{"line":32,"column":2},"end":{"line":32,"column":null}},{"start":{},"end":{}}],"line":32},"4":{"loc":{"start":{"line":32,"column":6},"end":{"line":32,"column":32}},"type":"binary-expr","locations":[{"start":{"line":32,"column":6},"end":{"line":32,"column":20}},{"start":{"line":32,"column":20},"end":{"line":32,"column":32}}],"line":32},"5":{"loc":{"start":{"line":36,"column":2},"end":{"line":36,"column":null}},"type":"if","locations":[{"start":{"line":36,"column":2},"end":{"line":36,"column":null}},{"start":{},"end":{}}],"line":36},"6":{"loc":{"start":{"line":39,"column":4},"end":{"line":39,"column":null}},"type":"if","locations":[{"start":{"line":39,"column":4},"end":{"line":39,"column":null}},{"start":{},"end":{}}],"line":39},"7":{"loc":{"start":{"line":40,"column":4},"end":{"line":40,"column":null}},"type":"if","locations":[{"start":{"line":40,"column":4},"end":{"line":40,"column":null}},{"start":{},"end":{}}],"line":40},"8":{"loc":{"start":{"line":48,"column":2},"end":{"line":48,"column":null}},"type":"default-arg","locations":[{"start":{"line":48,"column":37},"end":{"line":48,"column":null}}],"line":48},"9":{"loc":{"start":{"line":58,"column":4},"end":{"line":60,"column":null}},"type":"if","locations":[{"start":{"line":58,"column":4},"end":{"line":60,"column":null}},{"start":{},"end":{}}],"line":58},"10":{"loc":{"start":{"line":58,"column":8},"end":{"line":58,"column":88}},"type":"binary-expr","locations":[{"start":{"line":58,"column":8},"end":{"line":58,"column":39}},{"start":{"line":58,"column":39},"end":{"line":58,"column":88}}],"line":58}},"s":{"0":54,"1":28,"2":26,"3":1,"4":25,"5":1,"6":24,"7":24,"8":24,"9":1,"10":23,"11":25,"12":1,"13":24,"14":4,"15":18,"16":20,"17":20,"18":20,"19":20,"20":20,"21":20,"22":72,"23":72,"24":52,"25":20,"26":20,"27":20},"f":{"0":54,"1":20,"2":72},"b":{"0":[28,26],"1":[1,25],"2":[26,25],"3":[1,24],"4":[25,25],"5":[1,23],"6":[1,24],"7":[4,20],"8":[20],"9":[52,20],"10":[72,61]},"meta":{"lastBranch":11,"lastFunction":3,"lastStatement":28,"seen":{"f:29:9:29:25":0,"b:30:2:30:Infinity:undefined:undefined:undefined:undefined":0,"s:30:2:30:Infinity":0,"s:30:23:30:Infinity":1,"b:31:2:31:Infinity:undefined:undefined:undefined:undefined":1,"s:31:2:31:Infinity":2,"b:31:6:31:31:31:31:31:54":2,"s:31:54:31:Infinity":3,"b:32:2:32:Infinity:undefined:undefined:undefined:undefined":3,"s:32:2:32:Infinity":4,"b:32:6:32:20:32:20:32:32":4,"s:32:32:32:Infinity":5,"s:34:16:34:Infinity":6,"s:35:16:35:Infinity":7,"b:36:2:36:Infinity:undefined:undefined:undefined:undefined":5,"s:36:2:36:Infinity":8,"s:36:37:36:Infinity":9,"s:38:2:41:Infinity":10,"b:39:4:39:Infinity:undefined:undefined:undefined:undefined":6,"s:39:4:39:Infinity":11,"s:39:55:39:Infinity":12,"b:40:4:40:Infinity:undefined:undefined:undefined:undefined":7,"s:40:4:40:Infinity":13,"s:40:94:40:Infinity":14,"s:42:2:42:Infinity":15,"f:45:16:45:Infinity":1,"b:48:37:48:Infinity":8,"s:50:8:50:Infinity":16,"s:51:8:51:Infinity":17,"s:52:2:52:Infinity":18,"s:53:8:53:Infinity":19,"s:54:2:54:Infinity":20,"s:56:8:63:Infinity":21,"f:56:42:56:48":2,"s:57:17:57:Infinity":22,"b:58:4:60:Infinity:undefined:undefined:undefined:undefined":9,"s:58:4:60:Infinity":23,"b:58:8:58:39:58:39:58:88":10,"s:59:6:59:Infinity":24,"s:61:4:61:Infinity":25,"s:62:4:62:Infinity":26,"s:65:2:65:Infinity":27}}}
,"/Users/mgild/projects/org-asm/react/useWasmState.ts": {"path":"/Users/mgild/projects/org-asm/react/useWasmState.ts","statementMap":{"0":{"start":{"line":41,"column":20},"end":{"line":41,"column":null}},"1":{"start":{"line":42,"column":17},"end":{"line":42,"column":null}},"2":{"start":{"line":43,"column":19},"end":{"line":43,"column":null}},"3":{"start":{"line":46,"column":4},"end":{"line":46,"column":null}},"4":{"start":{"line":46,"column":32},"end":{"line":46,"column":null}},"5":{"start":{"line":49,"column":2},"end":{"line":74,"column":null}},"6":{"start":{"line":51,"column":6},"end":{"line":51,"column":null}},"7":{"start":{"line":52,"column":6},"end":{"line":52,"column":null}},"8":{"start":{"line":52,"column":21},"end":{"line":52,"column":49}},"9":{"start":{"line":55,"column":6},"end":{"line":58,"column":null}},"10":{"start":{"line":56,"column":8},"end":{"line":56,"column":null}},"11":{"start":{"line":57,"column":8},"end":{"line":57,"column":null}},"12":{"start":{"line":59,"column":6},"end":{"line":59,"column":null}},"13":{"start":{"line":62,"column":6},"end":{"line":62,"column":null}},"14":{"start":{"line":63,"column":6},"end":{"line":63,"column":null}},"15":{"start":{"line":64,"column":6},"end":{"line":72,"column":null}},"16":{"start":{"line":65,"column":8},"end":{"line":65,"column":null}},"17":{"start":{"line":67,"column":8},"end":{"line":67,"column":null}},"18":{"start":{"line":68,"column":8},"end":{"line":71,"column":null}},"19":{"start":{"line":69,"column":10},"end":{"line":69,"column":null}},"20":{"start":{"line":70,"column":10},"end":{"line":70,"column":null}},"21":{"start":{"line":85,"column":2},"end":{"line":85,"column":null}}},"fnMap":{"0":{"name":"createNotifier","decl":{"start":{"line":40,"column":16},"end":{"line":40,"column":47}},"loc":{"start":{"line":40,"column":47},"end":{"line":75,"column":null}},"line":40},"1":{"name":"fire","decl":{"start":{"line":45,"column":11},"end":{"line":45,"column":24}},"loc":{"start":{"line":45,"column":24},"end":{"line":47,"column":null}},"line":45},"2":{"name":"(anonymous_2)","decl":{"start":{"line":50,"column":4},"end":{"line":50,"column":14}},"loc":{"start":{"line":50,"column":48},"end":{"line":53,"column":null}},"line":50},"3":{"name":"(anonymous_3)","decl":{"start":{"line":52,"column":13},"end":{"line":52,"column":19}},"loc":{"start":{"line":52,"column":19},"end":{"line":52,"column":null}},"line":52},"4":{"name":"(anonymous_4)","decl":{"start":{"line":54,"column":4},"end":{"line":54,"column":19}},"loc":{"start":{"line":54,"column":19},"end":{"line":60,"column":null}},"line":54},"5":{"name":"(anonymous_5)","decl":{"start":{"line":61,"column":4},"end":{"line":61,"column":10}},"loc":{"start":{"line":61,"column":32},"end":{"line":73,"column":null}},"line":61},"6":{"name":"useWasmState","decl":{"start":{"line":81,"column":16},"end":{"line":81,"column":null}},"loc":{"start":{"line":84,"column":5},"end":{"line":86,"column":null}},"line":84}},"branchMap":{"0":{"loc":{"start":{"line":55,"column":6},"end":{"line":58,"column":null}},"type":"if","locations":[{"start":{"line":55,"column":6},"end":{"line":58,"column":null}},{"start":{},"end":{}}],"line":55},"1":{"loc":{"start":{"line":68,"column":8},"end":{"line":71,"column":null}},"type":"if","locations":[{"start":{"line":68,"column":8},"end":{"line":71,"column":null}},{"start":{},"end":{}}],"line":68}},"s":{"0":30,"1":30,"2":30,"3":26,"4":29,"5":30,"6":32,"7":32,"8":20,"9":30,"10":8,"11":8,"12":22,"13":6,"14":6,"15":6,"16":6,"17":6,"18":6,"19":4,"20":4,"21":12},"f":{"0":30,"1":26,"2":32,"3":20,"4":30,"5":6,"6":12},"b":{"0":[8,22],"1":[4,2]},"meta":{"lastBranch":2,"lastFunction":7,"lastStatement":22,"seen":{"f:40:16:40:47":0,"s:41:20:41:Infinity":0,"s:42:17:42:Infinity":1,"s:43:19:43:Infinity":2,"f:45:11:45:24":1,"s:46:4:46:Infinity":3,"s:46:32:46:Infinity":4,"s:49:2:74:Infinity":5,"f:50:4:50:14":2,"s:51:6:51:Infinity":6,"s:52:6:52:Infinity":7,"f:52:13:52:19":3,"s:52:21:52:49":8,"f:54:4:54:19":4,"b:55:6:58:Infinity:undefined:undefined:undefined:undefined":0,"s:55:6:58:Infinity":9,"s:56:8:56:Infinity":10,"s:57:8:57:Infinity":11,"s:59:6:59:Infinity":12,"f:61:4:61:10":5,"s:62:6:62:Infinity":13,"s:63:6:63:Infinity":14,"s:64:6:72:Infinity":15,"s:65:8:65:Infinity":16,"s:67:8:67:Infinity":17,"b:68:8:71:Infinity:undefined:undefined:undefined:undefined":1,"s:68:8:71:Infinity":18,"s:69:10:69:Infinity":19,"s:70:10:70:Infinity":20,"f:81:16:81:Infinity":6,"s:85:2:85:Infinity":21}}}
,"/Users/mgild/projects/org-asm/react/useWasmStream.ts": {"path":"/Users/mgild/projects/org-asm/react/useWasmStream.ts","statementMap":{"0":{"start":{"line":33,"column":26},"end":{"line":33,"column":null}},"1":{"start":{"line":34,"column":22},"end":{"line":34,"column":null}},"2":{"start":{"line":35,"column":24},"end":{"line":35,"column":null}},"3":{"start":{"line":36,"column":8},"end":{"line":36,"column":null}},"4":{"start":{"line":37,"column":2},"end":{"line":37,"column":null}},"5":{"start":{"line":40,"column":8},"end":{"line":40,"column":null}},"6":{"start":{"line":41,"column":8},"end":{"line":41,"column":null}},"7":{"start":{"line":43,"column":8},"end":{"line":48,"column":null}},"8":{"start":{"line":44,"column":4},"end":{"line":44,"column":null}},"9":{"start":{"line":45,"column":20},"end":{"line":45,"column":null}},"10":{"start":{"line":46,"column":4},"end":{"line":46,"column":null}},"11":{"start":{"line":47,"column":4},"end":{"line":47,"column":null}},"12":{"start":{"line":47,"column":22},"end":{"line":47,"column":43}},"13":{"start":{"line":50,"column":2},"end":{"line":103,"column":null}},"14":{"start":{"line":51,"column":16},"end":{"line":51,"column":null}},"15":{"start":{"line":52,"column":4},"end":{"line":52,"column":null}},"16":{"start":{"line":53,"column":4},"end":{"line":53,"column":null}},"17":{"start":{"line":54,"column":4},"end":{"line":54,"column":null}},"18":{"start":{"line":55,"column":4},"end":{"line":55,"column":null}},"19":{"start":{"line":57,"column":17},"end":{"line":63,"column":null}},"20":{"start":{"line":58,"column":6},"end":{"line":58,"column":null}},"21":{"start":{"line":58,"column":17},"end":{"line":58,"column":null}},"22":{"start":{"line":59,"column":6},"end":{"line":59,"column":null}},"23":{"start":{"line":60,"column":6},"end":{"line":62,"column":null}},"24":{"start":{"line":61,"column":8},"end":{"line":61,"column":null}},"25":{"start":{"line":65,"column":4},"end":{"line":93,"column":null}},"26":{"start":{"line":66,"column":27},"end":{"line":66,"column":null}},"27":{"start":{"line":67,"column":6},"end":{"line":88,"column":null}},"28":{"start":{"line":68,"column":8},"end":{"line":83,"column":null}},"29":{"start":{"line":70,"column":12},"end":{"line":74,"column":null}},"30":{"start":{"line":72,"column":14},"end":{"line":72,"column":null}},"31":{"start":{"line":72,"column":45},"end":{"line":72,"column":null}},"32":{"start":{"line":73,"column":14},"end":{"line":73,"column":null}},"33":{"start":{"line":77,"column":12},"end":{"line":81,"column":null}},"34":{"start":{"line":78,"column":14},"end":{"line":78,"column":null}},"35":{"start":{"line":78,"column":45},"end":{"line":78,"column":null}},"36":{"start":{"line":79,"column":14},"end":{"line":79,"column":null}},"37":{"start":{"line":80,"column":14},"end":{"line":80,"column":null}},"38":{"start":{"line":86,"column":8},"end":{"line":86,"column":null}},"39":{"start":{"line":86,"column":39},"end":{"line":86,"column":null}},"40":{"start":{"line":87,"column":8},"end":{"line":87,"column":null}},"41":{"start":{"line":91,"column":6},"end":{"line":91,"column":null}},"42":{"start":{"line":92,"column":6},"end":{"line":92,"column":null}},"43":{"start":{"line":95,"column":4},"end":{"line":101,"column":null}},"44":{"start":{"line":96,"column":6},"end":{"line":96,"column":null}},"45":{"start":{"line":97,"column":6},"end":{"line":100,"column":null}},"46":{"start":{"line":98,"column":8},"end":{"line":98,"column":null}},"47":{"start":{"line":99,"column":8},"end":{"line":99,"column":null}},"48":{"start":{"line":105,"column":2},"end":{"line":105,"column":null}}},"fnMap":{"0":{"name":"useWasmStream","decl":{"start":{"line":29,"column":16},"end":{"line":29,"column":null}},"loc":{"start":{"line":32,"column":23},"end":{"line":106,"column":null}},"line":32},"1":{"name":"(anonymous_1)","decl":{"start":{"line":43,"column":28},"end":{"line":43,"column":34}},"loc":{"start":{"line":43,"column":34},"end":{"line":48,"column":5}},"line":43},"2":{"name":"(anonymous_2)","decl":{"start":{"line":47,"column":14},"end":{"line":47,"column":22}},"loc":{"start":{"line":47,"column":22},"end":{"line":47,"column":43}},"line":47},"3":{"name":"(anonymous_3)","decl":{"start":{"line":50,"column":12},"end":{"line":50,"column":18}},"loc":{"start":{"line":50,"column":18},"end":{"line":103,"column":5}},"line":50},"4":{"name":"(anonymous_4)","decl":{"start":{"line":57,"column":17},"end":{"line":57,"column":18}},"loc":{"start":{"line":57,"column":37},"end":{"line":63,"column":null}},"line":57},"5":{"name":"(anonymous_5)","decl":{"start":{"line":69,"column":10},"end":{"line":69,"column":16}},"loc":{"start":{"line":69,"column":16},"end":{"line":75,"column":null}},"line":69},"6":{"name":"(anonymous_6)","decl":{"start":{"line":76,"column":10},"end":{"line":76,"column":11}},"loc":{"start":{"line":76,"column":19},"end":{"line":82,"column":null}},"line":76},"7":{"name":"(anonymous_7)","decl":{"start":{"line":95,"column":11},"end":{"line":95,"column":17}},"loc":{"start":{"line":95,"column":17},"end":{"line":101,"column":null}},"line":95}},"branchMap":{"0":{"loc":{"start":{"line":58,"column":6},"end":{"line":58,"column":null}},"type":"if","locations":[{"start":{"line":58,"column":6},"end":{"line":58,"column":null}},{"start":{},"end":{}}],"line":58},"1":{"loc":{"start":{"line":60,"column":6},"end":{"line":62,"column":null}},"type":"if","locations":[{"start":{"line":60,"column":6},"end":{"line":62,"column":null}},{"start":{},"end":{}}],"line":60},"2":{"loc":{"start":{"line":67,"column":6},"end":{"line":88,"column":null}},"type":"if","locations":[{"start":{"line":67,"column":6},"end":{"line":88,"column":null}},{"start":{"line":84,"column":13},"end":{"line":88,"column":null}}],"line":67},"3":{"loc":{"start":{"line":67,"column":10},"end":{"line":67,"column":67}},"type":"binary-expr","locations":[{"start":{"line":67,"column":10},"end":{"line":67,"column":26}},{"start":{"line":67,"column":26},"end":{"line":67,"column":67}}],"line":67},"4":{"loc":{"start":{"line":70,"column":12},"end":{"line":74,"column":null}},"type":"if","locations":[{"start":{"line":70,"column":12},"end":{"line":74,"column":null}},{"start":{},"end":{}}],"line":70},"5":{"loc":{"start":{"line":72,"column":14},"end":{"line":72,"column":null}},"type":"if","locations":[{"start":{"line":72,"column":14},"end":{"line":72,"column":null}},{"start":{},"end":{}}],"line":72},"6":{"loc":{"start":{"line":77,"column":12},"end":{"line":81,"column":null}},"type":"if","locations":[{"start":{"line":77,"column":12},"end":{"line":81,"column":null}},{"start":{},"end":{}}],"line":77},"7":{"loc":{"start":{"line":78,"column":14},"end":{"line":78,"column":null}},"type":"if","locations":[{"start":{"line":78,"column":14},"end":{"line":78,"column":null}},{"start":{},"end":{}}],"line":78},"8":{"loc":{"start":{"line":79,"column":23},"end":{"line":79,"column":74}},"type":"cond-expr","locations":[{"start":{"line":79,"column":46},"end":{"line":79,"column":52}},{"start":{"line":79,"column":52},"end":{"line":79,"column":74}}],"line":79},"9":{"loc":{"start":{"line":86,"column":8},"end":{"line":86,"column":null}},"type":"if","locations":[{"start":{"line":86,"column":8},"end":{"line":86,"column":null}},{"start":{},"end":{}}],"line":86},"10":{"loc":{"start":{"line":91,"column":15},"end":{"line":91,"column":66}},"type":"cond-expr","locations":[{"start":{"line":91,"column":38},"end":{"line":91,"column":44}},{"start":{"line":91,"column":44},"end":{"line":91,"column":66}}],"line":91},"11":{"loc":{"start":{"line":97,"column":6},"end":{"line":100,"column":null}},"type":"if","locations":[{"start":{"line":97,"column":6},"end":{"line":100,"column":null}},{"start":{},"end":{}}],"line":97}},"s":{"0":41,"1":41,"2":41,"3":41,"4":41,"5":41,"6":41,"7":41,"8":7,"9":7,"10":7,"11":7,"12":7,"13":41,"14":17,"15":17,"16":17,"17":17,"18":17,"19":17,"20":15,"21":1,"22":14,"23":14,"24":8,"25":17,"26":17,"27":17,"28":9,"29":5,"30":3,"31":1,"32":3,"33":3,"34":2,"35":1,"36":2,"37":2,"38":6,"39":3,"40":6,"41":2,"42":2,"43":17,"44":17,"45":17,"46":1,"47":1,"48":41},"f":{"0":41,"1":7,"2":7,"3":17,"4":15,"5":5,"6":3,"7":17},"b":{"0":[1,14],"1":[8,6],"2":[9,6],"3":[17,9],"4":[3,2],"5":[1,2],"6":[2,1],"7":[1,1],"8":[1,1],"9":[3,3],"10":[1,1],"11":[1,16]},"meta":{"lastBranch":12,"lastFunction":8,"lastStatement":49,"seen":{"f:29:16:29:Infinity":0,"s:33:26:33:Infinity":0,"s:34:22:34:Infinity":1,"s:35:24:35:Infinity":2,"s:36:8:36:Infinity":3,"s:37:2:37:Infinity":4,"s:40:8:40:Infinity":5,"s:41:8:41:Infinity":6,"s:43:8:48:Infinity":7,"f:43:28:43:34":1,"s:44:4:44:Infinity":8,"s:45:20:45:Infinity":9,"s:46:4:46:Infinity":10,"s:47:4:47:Infinity":11,"f:47:14:47:22":2,"s:47:22:47:43":12,"s:50:2:103:Infinity":13,"f:50:12:50:18":3,"s:51:16:51:Infinity":14,"s:52:4:52:Infinity":15,"s:53:4:53:Infinity":16,"s:54:4:54:Infinity":17,"s:55:4:55:Infinity":18,"s:57:17:63:Infinity":19,"f:57:17:57:18":4,"b:58:6:58:Infinity:undefined:undefined:undefined:undefined":0,"s:58:6:58:Infinity":20,"s:58:17:58:Infinity":21,"s:59:6:59:Infinity":22,"b:60:6:62:Infinity:undefined:undefined:undefined:undefined":1,"s:60:6:62:Infinity":23,"s:61:8:61:Infinity":24,"s:65:4:93:Infinity":25,"s:66:27:66:Infinity":26,"b:67:6:88:Infinity:84:13:88:Infinity":2,"s:67:6:88:Infinity":27,"b:67:10:67:26:67:26:67:67":3,"s:68:8:83:Infinity":28,"f:69:10:69:16":5,"b:70:12:74:Infinity:undefined:undefined:undefined:undefined":4,"s:70:12:74:Infinity":29,"b:72:14:72:Infinity:undefined:undefined:undefined:undefined":5,"s:72:14:72:Infinity":30,"s:72:45:72:Infinity":31,"s:73:14:73:Infinity":32,"f:76:10:76:11":6,"b:77:12:81:Infinity:undefined:undefined:undefined:undefined":6,"s:77:12:81:Infinity":33,"b:78:14:78:Infinity:undefined:undefined:undefined:undefined":7,"s:78:14:78:Infinity":34,"s:78:45:78:Infinity":35,"s:79:14:79:Infinity":36,"b:79:46:79:52:79:52:79:74":8,"s:80:14:80:Infinity":37,"b:86:8:86:Infinity:undefined:undefined:undefined:undefined":9,"s:86:8:86:Infinity":38,"s:86:39:86:Infinity":39,"s:87:8:87:Infinity":40,"s:91:6:91:Infinity":41,"b:91:38:91:44:91:44:91:66":10,"s:92:6:92:Infinity":42,"s:95:4:101:Infinity":43,"f:95:11:95:17":7,"s:96:6:96:Infinity":44,"b:97:6:100:Infinity:undefined:undefined:undefined:undefined":11,"s:97:6:100:Infinity":45,"s:98:8:98:Infinity":46,"s:99:8:99:Infinity":47,"s:105:2:105:Infinity":48}}}
}
